<?xml version="1.0" encoding="UTF-8"?><TestSessionContainer xmlns="http://www.codecover.org/xml/testsession-container" Date="1646530125781" TestSessionContainerId="03c8e96c-9545-449b-9401-560e9b7d401c" version="1.0">
    <SrcFileList>
        <SrcFile Content="package org.jfree.data;&#13;&#10;&#13;&#10;import static org.junit.Assert.*;&#13;&#10;&#13;&#10;import org.jfree.data.DataUtilities;&#13;&#10;import org.jfree.data.Values2D;&#13;&#10;import org.jmock.Expectations;&#13;&#10;import org.jmock.Mockery;&#13;&#10;import org.junit.After;&#13;&#10;import org.junit.AfterClass;&#13;&#10;import org.junit.Before;&#13;&#10;import org.junit.BeforeClass;&#13;&#10;import org.junit.Test;&#13;&#10;&#13;&#10;/**&#13;&#10; * This class validate the function `static double calculateColumnTotal(Values2D data, int column)`&#13;&#10; * of the class `DataUtilities`.&#13;&#10; * It is expected that the function receives a 2D table and a column number and &#13;&#10; * then it returns the total of the values in the passed column of the supplied data table.&#13;&#10; * &#13;&#10; * We tested the function for different combination of positive and negative values, single element and &#13;&#10; * empty arrays. Also, we covered the precision test. &#13;&#10; * &#13;&#10; * @author Group#4&#13;&#10; *&#13;&#10; */&#13;&#10;public class DataUtilitiesCalculateColumnTotalTest {&#13;&#10;&#9;&#13;&#10;&#9;Mockery mockingContext;&#13;&#10;&#9;Values2D values2D;&#13;&#10;&#9;&#13;&#10;&#9;@BeforeClass&#13;&#10;&#9;public static void setUpBeforeClass() throws Exception {&#13;&#10;&#9;&#9;System.out.println(&quot;The test of the function 'CalculateColumnTotal' of the class DataUtilities has been started.&quot;);&#13;&#10;&#9;}&#13;&#10;&#13;&#10;&#9;@Before&#13;&#10;&#9;public void setUp() throws Exception {&#13;&#10;&#9;&#9;mockingContext = new Mockery();&#9;&#13;&#10;&#9;&#9;values2D = mockingContext.mock(Values2D.class);&#13;&#10;&#9;}&#13;&#10;&#13;&#10;&#9;@Test&#13;&#10;&#9;public void calculateColumnTotalForTwoPositiveValues() {&#13;&#10;&#9;&#9;mockingContext.checking(new Expectations() {&#13;&#10;&#9;&#9;&#9;{&#13;&#10;&#9;&#9;&#9;&#9;one(values2D).getRowCount();&#13;&#10;&#9;&#9;&#9;&#9;will(returnValue(2));&#13;&#10;&#9;&#9;&#9;&#9;one(values2D).getValue(0, 0); // int row, int column&#13;&#10;&#9;&#9;&#9;&#9;will(returnValue(7.6d));&#13;&#10;&#9;&#9;&#9;&#9;one(values2D).getValue(1, 0); // int row, int column&#13;&#10;&#9;&#9;&#9;&#9;will(returnValue(2.4d));&#13;&#10;&#9;&#9;&#9;&#9;//&#9;    0&#13;&#10;&#9;&#9;&#9;&#9;//--------&#13;&#10;&#9;&#9;&#9;&#9;//0 |  7.6&#13;&#10;&#9;&#9;&#9;&#9;//1 |  2.4&#13;&#10;&#9;&#9;&#9;}&#13;&#10;&#9;&#9;});&#13;&#10;&#9;&#9;// exercise&#13;&#10;&#9;&#9;// Returns the total of the values in one column of the supplied data table.&#13;&#10;&#9;&#9;double result = DataUtilities.calculateColumnTotal(values2D, 0); &#13;&#10;&#9;&#9;// verify&#13;&#10;&#9;&#9;assertEquals(&quot;Two positive double values passed and expect 10.0d as result&quot;, result, 10.0, .000000001d);&#13;&#10;&#9;&#9;// tear-down: NONE in this test method&#13;&#10;&#9;}&#9;&#13;&#10;&#9;&#13;&#10;&#9;@Test&#13;&#10;&#9;public void calculateColumnTotalForTwoNegativeValues() {&#13;&#10;&#9;&#9;mockingContext.checking(new Expectations() {&#13;&#10;&#9;&#9;&#9;{&#13;&#10;&#9;&#9;&#9;&#9;one(values2D).getRowCount();&#13;&#10;&#9;&#9;&#9;&#9;will(returnValue(2));&#13;&#10;&#9;&#9;&#9;&#9;one(values2D).getValue(0, 0); // int row, int column&#13;&#10;&#9;&#9;&#9;&#9;will(returnValue(-7.6));&#13;&#10;&#9;&#9;&#9;&#9;one(values2D).getValue(1, 0); // int row, int column&#13;&#10;&#9;&#9;&#9;&#9;will(returnValue(-2.4));&#9;&#9;&#9;&#9;&#13;&#10;&#9;&#9;&#9;}&#13;&#10;&#9;&#9;});&#13;&#10;&#9;&#9;// exercise&#13;&#10;&#9;&#9;// Returns the total of the values in one column of the supplied data table.&#13;&#10;&#9;&#9;double result = DataUtilities.calculateColumnTotal(values2D, 0); &#13;&#10;&#9;&#9;// verify&#13;&#10;&#9;&#9;assertEquals(&quot;Two negative double values passed and expect -10.0d as result&quot;, result, -10.0, .000000001d);&#13;&#10;&#9;&#9;// tear-down: NONE in this test method&#13;&#10;&#9;}&#9;&#13;&#10;&#9;&#13;&#10;&#9;@Test&#13;&#10;&#9;public void calculateColumnTotalForTwoNegativePositiveValues() {&#13;&#10;&#9;&#9;mockingContext.checking(new Expectations() {&#13;&#10;&#9;&#9;&#9;{&#13;&#10;&#9;&#9;&#9;&#9;one(values2D).getRowCount();&#13;&#10;&#9;&#9;&#9;&#9;will(returnValue(2));&#13;&#10;&#9;&#9;&#9;&#9;one(values2D).getValue(0, 0); // int row, int column&#13;&#10;&#9;&#9;&#9;&#9;will(returnValue(-7.5));&#13;&#10;&#9;&#9;&#9;&#9;one(values2D).getValue(1, 0); // int row, int column&#13;&#10;&#9;&#9;&#9;&#9;will(returnValue(2.5));&#9;&#9;&#9;&#9;&#13;&#10;&#9;&#9;&#9;}&#13;&#10;&#9;&#9;});&#13;&#10;&#9;&#9;// exercise&#13;&#10;&#9;&#9;// Returns the total of the values in one column of the supplied data table.&#13;&#10;&#9;&#9;double result = DataUtilities.calculateColumnTotal(values2D, 0); &#13;&#10;&#9;&#9;// verify&#13;&#10;&#9;&#9;assertEquals(&quot;Two negative and positive double values passed and expect 5.0d as result&quot;, result, -5.0, .000000001d);&#13;&#10;&#9;&#9;// tear-down: NONE in this test method&#13;&#10;&#9;}&#9;&#13;&#10;&#9;&#13;&#10;&#9;@Test&#13;&#10;&#9;public void calculateColumnTotalForTwoPositiveNegativeValues() {&#13;&#10;&#9;&#9;mockingContext.checking(new Expectations() {&#13;&#10;&#9;&#9;&#9;{&#13;&#10;&#9;&#9;&#9;&#9;one(values2D).getRowCount();&#13;&#10;&#9;&#9;&#9;&#9;will(returnValue(2));&#13;&#10;&#9;&#9;&#9;&#9;one(values2D).getValue(0, 0); // int row, int column&#13;&#10;&#9;&#9;&#9;&#9;will(returnValue(7.5));&#13;&#10;&#9;&#9;&#9;&#9;one(values2D).getValue(1, 0); // int row, int column&#13;&#10;&#9;&#9;&#9;&#9;will(returnValue(-2.5));&#9;&#9;&#9;&#9;&#13;&#10;&#9;&#9;&#9;}&#13;&#10;&#9;&#9;});&#13;&#10;&#9;&#9;// exercise&#13;&#10;&#9;&#9;// Returns the total of the values in one column of the supplied data table.&#13;&#10;&#9;&#9;double result = DataUtilities.calculateColumnTotal(values2D, 0); &#13;&#10;&#9;&#9;// verify&#13;&#10;&#9;&#9;assertEquals(&quot;Two negative and positive double values passed and expect 5.0d as result&quot;, result, 5.0, .000000001d);&#13;&#10;&#9;&#9;// tear-down: NONE in this test method&#13;&#10;&#9;}&#9;&#13;&#10;&#9;&#13;&#10;&#9;@Test&#13;&#10;&#9;public void calculateColumnTotalForTwoOppositePolaritySameMagnitudeValues() {&#13;&#10;&#9;&#9;mockingContext.checking(new Expectations() {&#13;&#10;&#9;&#9;&#9;{&#13;&#10;&#9;&#9;&#9;&#9;one(values2D).getRowCount();&#13;&#10;&#9;&#9;&#9;&#9;will(returnValue(2));&#13;&#10;&#9;&#9;&#9;&#9;one(values2D).getValue(0, 0); // int row, int column&#13;&#10;&#9;&#9;&#9;&#9;will(returnValue(7.5));&#13;&#10;&#9;&#9;&#9;&#9;one(values2D).getValue(1, 0); // int row, int column&#13;&#10;&#9;&#9;&#9;&#9;will(returnValue(-7.5));&#9;&#9;&#9;&#9;&#13;&#10;&#9;&#9;&#9;}&#13;&#10;&#9;&#9;});&#13;&#10;&#9;&#9;// exercise&#13;&#10;&#9;&#9;// Returns the total of the values in one column of the supplied data table.&#13;&#10;&#9;&#9;double result = DataUtilities.calculateColumnTotal(values2D, 0); &#13;&#10;&#9;&#9;// verify&#13;&#10;&#9;&#9;assertEquals(&quot;Two opposite polarity same magnitude double values passed and expect 0.0d as result&quot;, result, 0.0, .000000001d);&#13;&#10;&#9;&#9;// tear-down: NONE in this test method&#13;&#10;&#9;}&#13;&#10;&#9;&#13;&#10;&#9;@Test&#13;&#10;&#9;public void calculateColumnTotalForTwoZeroValues() {&#13;&#10;&#9;&#9;mockingContext.checking(new Expectations() {&#13;&#10;&#9;&#9;&#9;{&#13;&#10;&#9;&#9;&#9;&#9;one(values2D).getRowCount();&#13;&#10;&#9;&#9;&#9;&#9;will(returnValue(2));&#13;&#10;&#9;&#9;&#9;&#9;one(values2D).getValue(0, 0); // int row, int column&#13;&#10;&#9;&#9;&#9;&#9;will(returnValue(0.0));&#13;&#10;&#9;&#9;&#9;&#9;one(values2D).getValue(1, 0); // int row, int column&#13;&#10;&#9;&#9;&#9;&#9;will(returnValue(0.0));&#9;&#9;&#9;&#9;&#13;&#10;&#9;&#9;&#9;}&#13;&#10;&#9;&#9;});&#13;&#10;&#9;&#9;// exercise&#13;&#10;&#9;&#9;// Returns the total of the values in one column of the supplied data table.&#13;&#10;&#9;&#9;double result = DataUtilities.calculateColumnTotal(values2D, 0); &#13;&#10;&#9;&#9;// verify&#13;&#10;&#9;&#9;assertEquals(result, 0.0, .000000001d);&#13;&#10;&#9;&#9;// tear-down: NONE in this test method&#13;&#10;&#9;}&#13;&#10;&#9;&#13;&#10;&#9;@Test&#13;&#10;&#9;public void calculateColumnTotalForSingleValue() {&#13;&#10;&#9;&#9;mockingContext.checking(new Expectations() {&#13;&#10;&#9;&#9;&#9;{&#13;&#10;&#9;&#9;&#9;&#9;one(values2D).getRowCount();&#13;&#10;&#9;&#9;&#9;&#9;will(returnValue(1));&#13;&#10;&#9;&#9;&#9;&#9;one(values2D).getValue(0, 0); // int row, int column&#13;&#10;&#9;&#9;&#9;&#9;will(returnValue(50.36598));&#9;&#9;&#9;&#13;&#10;&#9;&#9;&#9;}&#13;&#10;&#9;&#9;});&#13;&#10;&#9;&#9;// exercise&#13;&#10;&#9;&#9;// Returns the total of the values in one column of the supplied data table.&#13;&#10;&#9;&#9;double result = DataUtilities.calculateColumnTotal(values2D, 0); &#13;&#10;&#9;&#9;// verify&#13;&#10;&#9;&#9;assertEquals(result, 50.36598, .000000000d);&#13;&#10;&#9;&#9;// tear-down: NONE in this test method&#13;&#10;&#9;}&#13;&#10;&#9;&#13;&#10;&#9;@Test&#13;&#10;&#9;public void calculateColumnTotalForNullValue() {&#13;&#10;&#9;&#9;mockingContext.checking(new Expectations() {&#13;&#10;&#9;&#9;&#9;{&#13;&#10;&#9;&#9;&#9;&#9;one(values2D).getRowCount();&#13;&#10;&#9;&#9;&#9;&#9;will(returnValue(1));&#13;&#10;&#9;&#9;&#9;&#9;one(values2D).getValue(0, 0); // int row, int column&#13;&#10;&#9;&#9;&#9;&#9;will(returnValue(null));&#9;&#9;&#9;&#13;&#10;&#9;&#9;&#9;}&#13;&#10;&#9;&#9;});&#13;&#10;&#9;&#9;// exercise&#13;&#10;&#9;&#9;// Returns the total of the values in one column of the supplied data table.&#13;&#10;&#9;&#9;double result = DataUtilities.calculateColumnTotal(values2D, 0); &#13;&#10;&#9;&#9;// verify&#13;&#10;&#9;&#9;assertEquals(result, 0.0d, .000000000d);&#13;&#10;&#9;&#9;// tear-down: NONE in this test method&#13;&#10;&#9;}&#13;&#10;&#9;&#9;&#13;&#10;&#9;@Test&#13;&#10;&#9;public void calculateColumnTotalForEmptyValues() {&#13;&#10;&#9;&#9;mockingContext.checking(new Expectations() {&#13;&#10;&#9;&#9;&#9;{&#13;&#10;&#9;&#9;&#9;&#9;one(values2D).getRowCount();&#13;&#10;&#9;&#9;&#9;&#9;will(returnValue(0));&#13;&#10;&#9;&#9;&#9;}&#13;&#10;&#9;&#9;});&#13;&#10;&#9;&#9;// exercise&#13;&#10;&#9;&#9;// Returns the total of the values in one column of the supplied data table.&#13;&#10;&#9;&#9;double result = DataUtilities.calculateColumnTotal(values2D, 0); &#13;&#10;&#9;&#9;// verify&#13;&#10;&#9;&#9;assertEquals(result, 0, .000000001d);&#13;&#10;&#9;&#9;// tear-down: NONE in this test method&#13;&#10;&#9;}&#13;&#10;&#9;&#13;&#10;&#9;@Test&#13;&#10;&#9;public void calculateColumnTotalForPrecision() {&#13;&#10;&#9;&#9;mockingContext.checking(new Expectations() {&#13;&#10;&#9;&#9;&#9;{&#13;&#10;&#9;&#9;&#9;&#9;one(values2D).getRowCount();&#13;&#10;&#9;&#9;&#9;&#9;will(returnValue(2));&#13;&#10;&#9;&#9;&#9;&#9;one(values2D).getValue(0, 0); // int row, int column&#13;&#10;&#9;&#9;&#9;&#9;will(returnValue(5.6));&#13;&#10;&#9;&#9;&#9;&#9;one(values2D).getValue(1, 0); // int row, int column&#13;&#10;&#9;&#9;&#9;&#9;will(returnValue(5.8));&#9;&#9;&#9;&#9;&#13;&#10;&#9;&#9;&#9;}&#13;&#10;&#9;&#9;});&#13;&#10;&#9;&#9;// exercise&#13;&#10;&#9;&#9;// Returns the total of the values in one column of the supplied data table.&#13;&#10;&#9;&#9;double result = DataUtilities.calculateColumnTotal(values2D, 0); &#13;&#10;&#9;&#9;// verify&#13;&#10;&#9;&#9;assertEquals(result, 11.399999999999999d, 0d);&#13;&#10;&#9;&#9;// tear-down: NONE in this test method&#13;&#10;&#9;}&#9;&#13;&#10;&#9;&#13;&#10;&#9;@After&#13;&#10;&#9;public void tearDown() throws Exception {&#13;&#10;&#13;&#10;&#9;}&#13;&#10;&#13;&#10;&#9;@AfterClass&#13;&#10;&#9;public static void tearDownAfterClass() throws Exception {&#13;&#10;&#13;&#10;&#9;}&#13;&#10;}&#13;&#10;" Filename="DataUtilitiesCalculateColumnTotalTest.java" Intrnl_Id="1"/>
        <SrcFile Content="package org.jfree.data;&#13;&#10;&#13;&#10;import static org.junit.Assert.*;&#13;&#10;&#13;&#10;import org.jfree.data.DataUtilities;&#13;&#10;import org.jfree.data.Values2D;&#13;&#10;import org.jmock.Expectations;&#13;&#10;import org.jmock.Mockery;&#13;&#10;import org.junit.After;&#13;&#10;import org.junit.AfterClass;&#13;&#10;import org.junit.Before;&#13;&#10;import org.junit.BeforeClass;&#13;&#10;import org.junit.Test;&#13;&#10;&#13;&#10;/**&#13;&#10; * This class validate the function `static double calculateRowTotal(Values2D data, int row)`&#13;&#10; * of the class `DataUtilities`.&#13;&#10; * It is expected that the function receives a 2D table and a row number and &#13;&#10; * then it returns the total of the values in the passed row of the supplied data table.&#13;&#10; * &#13;&#10; * We tested the function for different combination of positive and negative values, single element and &#13;&#10; * empty arrays. Also, we covered the precision test. &#13;&#10; * &#13;&#10; * @author Group#4&#13;&#10; *&#13;&#10; */&#13;&#10;public class DataUtilitiesCalculateRowTotalTest {&#13;&#10;&#9;&#13;&#10;&#9;Mockery mockingContext;&#13;&#10;&#9;Values2D values2D;&#13;&#10;&#9;&#13;&#10;&#9;@BeforeClass&#13;&#10;&#9;public static void setUpBeforeClass() throws Exception {&#13;&#10;&#9;&#9;System.out.println(&quot;The test of the function 'CalculateRowTotal' of the class DataUtilities has been started.&quot;);&#13;&#10;&#9;}&#13;&#10;&#13;&#10;&#9;@Before&#13;&#10;&#9;public void setUp() throws Exception {&#13;&#10;&#9;&#9;mockingContext = new Mockery();&#9;&#13;&#10;&#9;&#9;values2D = mockingContext.mock(Values2D.class);&#13;&#10;&#9;}&#13;&#10;&#13;&#10;&#9;@Test&#13;&#10;&#9;public void calculateRowTotalForTwoPositiveValues() {&#13;&#10;&#9;&#9;mockingContext.checking(new Expectations() {&#13;&#10;&#9;&#9;&#9;{&#13;&#10;&#9;&#9;&#9;&#9;one(values2D).getColumnCount();&#13;&#10;&#9;&#9;&#9;&#9;will(returnValue(2));&#13;&#10;&#9;&#9;&#9;&#9;one(values2D).getValue(0, 0); // int row, int column&#13;&#10;&#9;&#9;&#9;&#9;will(returnValue(7.6));&#13;&#10;&#9;&#9;&#9;&#9;one(values2D).getValue(0, 1); // int row, int column&#13;&#10;&#9;&#9;&#9;&#9;will(returnValue(2.4));&#9;&#9;&#9;&#9;&#13;&#10;&#9;&#9;&#9;&#9;//     0&#9;&#9;1&#13;&#10;&#9;&#9;&#9;&#9;//------------------&#13;&#10;&#9;&#9;&#9;&#9;//0 |  7.6      2.4&#13;&#10;&#9;&#9;&#9;}&#13;&#10;&#9;&#9;});&#13;&#10;&#9;&#9;// exercise&#13;&#10;&#9;&#9;// Returns the total of the values in one row of the supplied data table.&#13;&#10;&#9;&#9;double result = DataUtilities.calculateRowTotal(values2D, 0); &#13;&#10;&#9;&#9;// verify&#13;&#10;&#9;&#9;assertEquals(result, 10.0, .000000001d);&#13;&#10;&#9;&#9;// tear-down: NONE in this test method&#13;&#10;&#9;}&#9;&#13;&#10;&#9;&#13;&#10;&#9;@Test&#13;&#10;&#9;public void calculateRowTotalForTwoNegativeValues() {&#13;&#10;&#9;&#9;mockingContext.checking(new Expectations() {&#13;&#10;&#9;&#9;&#9;{&#13;&#10;&#9;&#9;&#9;&#9;one(values2D).getColumnCount();&#13;&#10;&#9;&#9;&#9;&#9;will(returnValue(2));&#13;&#10;&#9;&#9;&#9;&#9;one(values2D).getValue(0, 0); // int row, int column&#13;&#10;&#9;&#9;&#9;&#9;will(returnValue(-7.6));&#13;&#10;&#9;&#9;&#9;&#9;one(values2D).getValue(0, 1); // int row, int column&#13;&#10;&#9;&#9;&#9;&#9;will(returnValue(-2.4));&#9;&#9;&#9;&#9;&#13;&#10;&#9;&#9;&#9;}&#13;&#10;&#9;&#9;});&#13;&#10;&#9;&#9;// exercise&#13;&#10;&#9;&#9;// Returns the total of the values in one row of the supplied data table.&#13;&#10;&#9;&#9;double result = DataUtilities.calculateRowTotal(values2D, 0); &#13;&#10;&#9;&#9;// verify&#13;&#10;&#9;&#9;assertEquals(result, -10.0, .000000001d);&#13;&#10;&#9;&#9;// tear-down: NONE in this test method&#13;&#10;&#9;}&#9;&#13;&#10;&#9;&#13;&#10;&#9;@Test&#13;&#10;&#9;public void calculateRowTotalForTwoNegativePositiveValues() {&#13;&#10;&#9;&#9;mockingContext.checking(new Expectations() {&#13;&#10;&#9;&#9;&#9;{&#13;&#10;&#9;&#9;&#9;&#9;one(values2D).getColumnCount();&#13;&#10;&#9;&#9;&#9;&#9;will(returnValue(2));&#13;&#10;&#9;&#9;&#9;&#9;one(values2D).getValue(0, 0); // int row, int column&#13;&#10;&#9;&#9;&#9;&#9;will(returnValue(-7.5));&#13;&#10;&#9;&#9;&#9;&#9;one(values2D).getValue(0, 1); // int row, int column&#13;&#10;&#9;&#9;&#9;&#9;will(returnValue(2.5));&#9;&#9;&#9;&#9;&#13;&#10;&#9;&#9;&#9;}&#13;&#10;&#9;&#9;});&#13;&#10;&#9;&#9;// exercise&#13;&#10;&#9;&#9;// Returns the total of the values in one row of the supplied data table.&#13;&#10;&#9;&#9;double result = DataUtilities.calculateRowTotal(values2D, 0); &#13;&#10;&#9;&#9;// verify&#13;&#10;&#9;&#9;assertEquals(result, -5.0, .000000001d);&#13;&#10;&#9;&#9;// tear-down: NONE in this test method&#13;&#10;&#9;}&#9;&#13;&#10;&#9;&#13;&#10;&#9;@Test&#13;&#10;&#9;public void calculateRowTotalForTwoPositiveNegativeValues() {&#13;&#10;&#9;&#9;mockingContext.checking(new Expectations() {&#13;&#10;&#9;&#9;&#9;{&#13;&#10;&#9;&#9;&#9;&#9;one(values2D).getColumnCount();&#13;&#10;&#9;&#9;&#9;&#9;will(returnValue(2));&#13;&#10;&#9;&#9;&#9;&#9;one(values2D).getValue(0, 0); // int row, int column&#13;&#10;&#9;&#9;&#9;&#9;will(returnValue(7.5));&#13;&#10;&#9;&#9;&#9;&#9;one(values2D).getValue(0, 1); // int row, int column&#13;&#10;&#9;&#9;&#9;&#9;will(returnValue(-2.5));&#9;&#9;&#9;&#9;&#13;&#10;&#9;&#9;&#9;}&#13;&#10;&#9;&#9;});&#13;&#10;&#9;&#9;// exercise&#13;&#10;&#9;&#9;// Returns the total of the values in one row of the supplied data table.&#13;&#10;&#9;&#9;double result = DataUtilities.calculateRowTotal(values2D, 0); &#13;&#10;&#9;&#9;// verify&#13;&#10;&#9;&#9;assertEquals(result, 5.0, .000000001d);&#13;&#10;&#9;&#9;// tear-down: NONE in this test method&#13;&#10;&#9;}&#9;&#13;&#10;&#9;&#13;&#10;&#9;@Test&#13;&#10;&#9;public void calculateRowTotalForTwoOppositePolaritySameMagnitudeValues() {&#13;&#10;&#9;&#9;mockingContext.checking(new Expectations() {&#13;&#10;&#9;&#9;&#9;{&#13;&#10;&#9;&#9;&#9;&#9;one(values2D).getColumnCount();&#13;&#10;&#9;&#9;&#9;&#9;will(returnValue(2));&#13;&#10;&#9;&#9;&#9;&#9;one(values2D).getValue(0, 0); // int row, int column&#13;&#10;&#9;&#9;&#9;&#9;will(returnValue(7.5));&#13;&#10;&#9;&#9;&#9;&#9;one(values2D).getValue(0, 1); // int row, int column&#13;&#10;&#9;&#9;&#9;&#9;will(returnValue(-7.5));&#9;&#9;&#9;&#9;&#13;&#10;&#9;&#9;&#9;}&#13;&#10;&#9;&#9;});&#13;&#10;&#9;&#9;// exercise&#13;&#10;&#9;&#9;// Returns the total of the values in one row of the supplied data table.&#13;&#10;&#9;&#9;double result = DataUtilities.calculateRowTotal(values2D, 0); &#13;&#10;&#9;&#9;// verify&#13;&#10;&#9;&#9;assertEquals(result, 0.0, .000000001d);&#13;&#10;&#9;&#9;// tear-down: NONE in this test method&#13;&#10;&#9;}&#13;&#10;&#9;&#13;&#10;&#9;@Test&#13;&#10;&#9;public void calculateRowTotalForTwoZeroValues() {&#13;&#10;&#9;&#9;mockingContext.checking(new Expectations() {&#13;&#10;&#9;&#9;&#9;{&#13;&#10;&#9;&#9;&#9;&#9;one(values2D).getColumnCount();&#13;&#10;&#9;&#9;&#9;&#9;will(returnValue(2));&#13;&#10;&#9;&#9;&#9;&#9;one(values2D).getValue(0, 0); // int row, int column&#13;&#10;&#9;&#9;&#9;&#9;will(returnValue(0.0));&#13;&#10;&#9;&#9;&#9;&#9;one(values2D).getValue(0, 1); // int row, int column&#13;&#10;&#9;&#9;&#9;&#9;will(returnValue(0.0));&#9;&#9;&#9;&#9;&#13;&#10;&#9;&#9;&#9;}&#13;&#10;&#9;&#9;});&#13;&#10;&#9;&#9;// exercise&#13;&#10;&#9;&#9;// Returns the total of the values in one row of the supplied data table.&#13;&#10;&#9;&#9;double result = DataUtilities.calculateRowTotal(values2D, 0); &#13;&#10;&#9;&#9;// verify&#13;&#10;&#9;&#9;assertEquals(result, 0.0, .000000001d);&#13;&#10;&#9;&#9;// tear-down: NONE in this test method&#13;&#10;&#9;}&#13;&#10;&#9;&#13;&#10;&#9;@Test&#13;&#10;&#9;public void calculateRowTotalForSingleValue() {&#13;&#10;&#9;&#9;mockingContext.checking(new Expectations() {&#13;&#10;&#9;&#9;&#9;{&#13;&#10;&#9;&#9;&#9;&#9;one(values2D).getColumnCount();&#13;&#10;&#9;&#9;&#9;&#9;will(returnValue(1));&#13;&#10;&#9;&#9;&#9;&#9;one(values2D).getValue(0, 0); // int row, int column&#13;&#10;&#9;&#9;&#9;&#9;will(returnValue(50.36598));&#9;&#9;&#9;&#13;&#10;&#9;&#9;&#9;}&#13;&#10;&#9;&#9;});&#13;&#10;&#9;&#9;// exercise&#13;&#10;&#9;&#9;// Returns the total of the values in one row of the supplied data table.&#13;&#10;&#9;&#9;double result = DataUtilities.calculateRowTotal(values2D, 0); &#13;&#10;&#9;&#9;// verify&#13;&#10;&#9;&#9;assertEquals(result, 50.36598, .000000000d);&#13;&#10;&#9;&#9;// tear-down: NONE in this test method&#13;&#10;&#9;}&#13;&#10;&#9;&#13;&#10;&#9;@Test&#13;&#10;&#9;public void calculateRowTotalForNullValue() {&#13;&#10;&#9;&#9;mockingContext.checking(new Expectations() {&#13;&#10;&#9;&#9;&#9;{&#13;&#10;&#9;&#9;&#9;&#9;one(values2D).getColumnCount();&#13;&#10;&#9;&#9;&#9;&#9;will(returnValue(1));&#13;&#10;&#9;&#9;&#9;&#9;one(values2D).getValue(0, 0); // int row, int column&#13;&#10;&#9;&#9;&#9;&#9;will(returnValue(null));&#9;&#9;&#9;&#13;&#10;&#9;&#9;&#9;}&#13;&#10;&#9;&#9;});&#13;&#10;&#9;&#9;// exercise&#13;&#10;&#9;&#9;// Returns the total of the values in one row of the supplied data table.&#13;&#10;&#9;&#9;double result = DataUtilities.calculateRowTotal(values2D, 0); &#13;&#10;&#9;&#9;// verify&#13;&#10;&#9;&#9;assertEquals(result, 0.0d, .000000000d);&#13;&#10;&#9;&#9;// tear-down: NONE in this test method&#13;&#10;&#9;}&#13;&#10;&#9;&#13;&#10;&#9;@Test&#13;&#10;&#9;public void calculateRowTotalForEmptyValues() {&#13;&#10;&#9;&#9;mockingContext.checking(new Expectations() {&#13;&#10;&#9;&#9;&#9;{&#13;&#10;&#9;&#9;&#9;&#9;one(values2D).getColumnCount();&#13;&#10;&#9;&#9;&#9;&#9;will(returnValue(0));&#13;&#10;&#9;&#9;&#9;}&#13;&#10;&#9;&#9;});&#13;&#10;&#9;&#9;// exercise&#13;&#10;&#9;&#9;// Returns the total of the values in one row of the supplied data table.&#13;&#10;&#9;&#9;double result = DataUtilities.calculateRowTotal(values2D, 0); &#13;&#10;&#9;&#9;// verify&#13;&#10;&#9;&#9;assertEquals(result, 0, .000000001d);&#13;&#10;&#9;&#9;// tear-down: NONE in this test method&#13;&#10;&#9;}&#13;&#10;&#9;&#13;&#10;&#9;@Test&#13;&#10;&#9;public void calculateRowTotalForPrecision() {&#13;&#10;&#9;&#9;mockingContext.checking(new Expectations() {&#13;&#10;&#9;&#9;&#9;{&#13;&#10;&#9;&#9;&#9;&#9;one(values2D).getColumnCount();&#13;&#10;&#9;&#9;&#9;&#9;will(returnValue(2));&#13;&#10;&#9;&#9;&#9;&#9;one(values2D).getValue(0, 0); // int row, int column&#13;&#10;&#9;&#9;&#9;&#9;will(returnValue(5.6));&#13;&#10;&#9;&#9;&#9;&#9;one(values2D).getValue(0, 1); // int row, int column&#13;&#10;&#9;&#9;&#9;&#9;will(returnValue(5.8));&#9;&#9;&#9;&#9;&#13;&#10;&#9;&#9;&#9;}&#13;&#10;&#9;&#9;});&#13;&#10;&#9;&#9;// exercise&#13;&#10;&#9;&#9;// Returns the total of the values in one row of the supplied data table.&#13;&#10;&#9;&#9;double result = DataUtilities.calculateRowTotal(values2D, 0); &#13;&#10;&#9;&#9;// verify&#13;&#10;&#9;&#9;assertEquals(result, 11.399999999999999d, 0d);&#13;&#10;&#9;&#9;// tear-down: NONE in this test method&#13;&#10;&#9;}&#9;&#13;&#10;&#9;&#13;&#10;&#9;@After&#13;&#10;&#9;public void tearDown() throws Exception {&#13;&#10;&#13;&#10;&#9;}&#13;&#10;&#13;&#10;&#9;@AfterClass&#13;&#10;&#9;public static void tearDownAfterClass() throws Exception {&#13;&#10;&#13;&#10;&#9;}&#13;&#10;}&#13;&#10;" Filename="DataUtilitiesCalculateRowTotalTest.java" Intrnl_Id="2"/>
        <SrcFile Content="package org.jfree.data;&#13;&#10;&#13;&#10;import static org.junit.Assert.*;&#13;&#10;import org.jfree.data.DataUtilities;&#13;&#10;import org.junit.After;&#13;&#10;import org.junit.AfterClass;&#13;&#10;import org.junit.Before;&#13;&#10;import org.junit.BeforeClass;&#13;&#10;import org.junit.Test;&#13;&#10;&#13;&#10;/**&#13;&#10; * The function 'static Number[][] createNumberArray(double[][] data)'&#13;&#10; * Constructs a 2D array of Number objects from a 2D array of double primitives.&#13;&#10; * This class tests this function for 5 different scenarios. First: When the&#13;&#10; * array is empty Second: When the array has 1 valid random double value Third:&#13;&#10; * When the array has only one column of boundary values Fourth: When the array&#13;&#10; * has only one row of boundary values Fifth: When the array has 3 rows and 3&#13;&#10; * columns of boundary values&#13;&#10; * &#13;&#10; * @author Group#4&#13;&#10; *&#13;&#10; */&#13;&#10;public class DataUtilitiesCreateNumberArray2DTest {&#13;&#10;&#13;&#10;&#9;private double[][] doubleEmpty;&#13;&#10;&#9;private double[][] doubleSingle;&#13;&#10;&#9;private double[][] doubleRowBoundaries;&#13;&#10;&#9;private double[][] doubleColumnBoundaries;&#13;&#10;&#9;private double[][] doubleMxNBoundaries;&#13;&#10;&#13;&#10;&#9;@BeforeClass&#13;&#10;&#9;public static void setUpBeforeClass() throws Exception {&#13;&#10;&#9;&#9;System.out.println(&quot;The test of function 'CreateNumberArray2D' of the class DataUtilities has been started.&quot;);&#13;&#10;&#9;}&#13;&#10;&#13;&#10;&#9;@Before&#13;&#10;&#9;public void setUp() throws Exception {&#13;&#10;&#13;&#10;&#9;&#9;// Empty&#13;&#10;&#9;&#9;double[][] d0 = {};&#13;&#10;&#9;&#9;doubleEmpty = d0;&#13;&#10;&#13;&#10;&#9;&#9;// Generates a random single value array&#13;&#10;&#9;&#9;Double min = -1.23456e-300d;&#13;&#10;&#9;&#9;Double max = 1.23456e300d;&#13;&#10;&#9;&#9;double d = (Math.random() * ((max - min) + 1)) + min;&#13;&#10;&#9;&#9;double[][] d1 = {{d}};&#13;&#10;&#9;&#9;doubleSingle = d1;&#13;&#10;&#9;&#9;&#13;&#10;&#9;&#9;// Generates a row value array&#13;&#10;&#13;&#10;&#9;&#9;double[][] d2 = { &#13;&#10;&#9;&#9;&#9;&#9;&#9;&#9;&#9;{&#13;&#10;&#9;&#9;&#9;&#9;&#9;&#9;&#9;&#9;Double.MAX_VALUE, &#13;&#10;&#9;&#9;&#9;&#9;&#9;&#9;&#9;&#9;0.0d, &#13;&#10;&#9;&#9;&#9;&#9;&#9;&#9;&#9;&#9;Double.MIN_NORMAL, &#13;&#10;&#9;&#9;&#9;&#9;&#9;&#9;&#9;&#9;Double.MIN_VALUE, &#13;&#10;&#9;&#9;&#9;&#9;&#9;&#9;&#9;&#9;Double.NEGATIVE_INFINITY,&#13;&#10;&#9;&#9;&#9;&#9;&#9;&#9;&#9;&#9;Double.POSITIVE_INFINITY, &#13;&#10;&#9;&#9;&#9;&#9;&#9;&#9;&#9;&#9;Double.MAX_EXPONENT, &#13;&#10;&#9;&#9;&#9;&#9;&#9;&#9;&#9;&#9;Double.MIN_EXPONENT, &#13;&#10;&#9;&#9;&#9;&#9;&#9;&#9;&#9;&#9;1.23456e300d, &#13;&#10;&#9;&#9;&#9;&#9;&#9;&#9;&#9;&#9;-1.23456e-300d,&#13;&#10;&#9;&#9;&#9;&#9;&#9;&#9;&#9;&#9;1e1d&#13;&#10;&#9;&#9;&#9;&#9;&#9;&#9;&#9;}&#13;&#10;&#9;&#9;&#9;&#9;&#9;&#9;};&#13;&#10;&#9;&#9;doubleRowBoundaries = d2;&#13;&#10;&#9;&#9;&#13;&#10;&#9;&#9;// Generates a column value array&#13;&#10;&#13;&#10;&#9;&#9;double[][] d3 = { &#13;&#10;&#9;&#9;&#9;&#9;&#9;&#9;&#9;{Double.MAX_VALUE}, &#13;&#10;&#9;&#9;&#9;&#9;&#9;&#9;&#9;{0.0d}, &#13;&#10;&#9;&#9;&#9;&#9;&#9;&#9;&#9;{Double.MIN_NORMAL}, &#13;&#10;&#9;&#9;&#9;&#9;&#9;&#9;&#9;{Double.MIN_VALUE}, &#13;&#10;&#9;&#9;&#9;&#9;&#9;&#9;&#9;{Double.NEGATIVE_INFINITY},&#13;&#10;&#9;&#9;&#9;&#9;&#9;&#9;&#9;{Double.POSITIVE_INFINITY}, &#13;&#10;&#9;&#9;&#9;&#9;&#9;&#9;&#9;{Double.MAX_EXPONENT}, &#13;&#10;&#9;&#9;&#9;&#9;&#9;&#9;&#9;{Double.MIN_EXPONENT}, &#13;&#10;&#9;&#9;&#9;&#9;&#9;&#9;&#9;{1.23456e300d}, &#13;&#10;&#9;&#9;&#9;&#9;&#9;&#9;&#9;{-1.23456e-300d},&#13;&#10;&#9;&#9;&#9;&#9;&#9;&#9;&#9;{1e1d} &#13;&#10;&#9;&#9;&#9;&#9;&#9;&#9;};&#13;&#10;&#9;&#9;doubleColumnBoundaries = d3;&#13;&#10;&#9;&#9;&#13;&#10;&#9;&#9;// Generates a 3x4 row value array&#13;&#10;&#13;&#10;&#9;&#9;&#9;&#9;double[][] d4 = { &#13;&#10;&#9;&#9;&#9;&#9;&#9;&#9;&#9;&#9;&#9;{&#13;&#10;&#9;&#9;&#9;&#9;&#9;&#9;&#9;&#9;&#9;&#9;Double.MAX_VALUE, &#13;&#10;&#9;&#9;&#9;&#9;&#9;&#9;&#9;&#9;&#9;&#9;0.0d, &#13;&#10;&#9;&#9;&#9;&#9;&#9;&#9;&#9;&#9;&#9;&#9;Double.MIN_NORMAL &#13;&#10;&#9;&#9;&#9;&#9;&#9;&#9;&#9;&#9;&#9;},&#13;&#10;&#9;&#9;&#9;&#9;&#9;&#9;&#9;&#9;&#9;{&#13;&#10;&#9;&#9;&#9;&#9;&#9;&#9;&#9;&#9;&#9;&#9;Double.MIN_VALUE, &#13;&#10;&#9;&#9;&#9;&#9;&#9;&#9;&#9;&#9;&#9;&#9;Double.NEGATIVE_INFINITY,&#13;&#10;&#9;&#9;&#9;&#9;&#9;&#9;&#9;&#9;&#9;&#9;Double.POSITIVE_INFINITY&#13;&#10;&#9;&#9;&#9;&#9;&#9;&#9;&#9;&#9;&#9;},&#13;&#10;&#9;&#9;&#9;&#9;&#9;&#9;&#9;&#9;&#9;{&#13;&#10;&#9;&#9;&#9;&#9;&#9;&#9;&#9;&#9;&#9;&#9;Double.MAX_EXPONENT, &#13;&#10;&#9;&#9;&#9;&#9;&#9;&#9;&#9;&#9;&#9;&#9;Double.MIN_EXPONENT, &#13;&#10;&#9;&#9;&#9;&#9;&#9;&#9;&#9;&#9;&#9;&#9;1.23456e300d&#13;&#10;&#9;&#9;&#9;&#9;&#9;&#9;&#9;&#9;&#9;},&#13;&#10;&#9;&#9;&#9;&#9;&#9;&#9;&#9;&#9;&#9;{&#13;&#10;&#9;&#9;&#9;&#9;&#9;&#9;&#9;&#9;&#9;&#9;-1.23456e-300d,&#13;&#10;&#9;&#9;&#9;&#9;&#9;&#9;&#9;&#9;&#9;&#9;1e1d,&#13;&#10;&#9;&#9;&#9;&#9;&#9;&#9;&#9;&#9;&#9;&#9;d&#13;&#10;&#9;&#9;&#9;&#9;&#9;&#9;&#9;&#9;&#9;}&#13;&#10;&#9;&#9;&#9;&#9;&#9;&#9;&#9;&#9;};&#13;&#10;&#9;&#9;&#9;&#9;doubleMxNBoundaries = d4;&#13;&#10;&#13;&#10;&#9;}&#13;&#10;&#9;&#13;&#10;&#9;@SuppressWarnings({ &quot;deprecation&quot; })&#13;&#10;&#9;@Test&#13;&#10;&#9;public void createNumberArray2DForEmptyDoubleArray() {&#13;&#10;&#9;&#9;// int, double, float&#13;&#10;&#9;&#9;// Integer, Double, Float : Number&#13;&#10;&#9;&#9;Double[][] doubleArr = dArray2DArray(doubleEmpty);&#13;&#10;&#9;&#9;Number[][] numberArr = doubleArr;&#13;&#10;&#9;&#9;Number[][] result = DataUtilities.createNumberArray2D(doubleEmpty);&#13;&#10;&#13;&#10;&#9;&#9;// Assert object by object&#13;&#10;&#9;&#9;assertEquals(result, numberArr);&#13;&#10;&#13;&#10;&#9;&#9;// Assert arrays' sizes&#13;&#10;&#9;&#9;assertEquals(0, result.length);&#13;&#10;&#9;}&#13;&#10;&#9;&#13;&#10;&#9;@SuppressWarnings({ &quot;deprecation&quot; })&#13;&#10;&#9;@Test&#13;&#10;&#9;public void createNumberArrayForSingleDoubleArray() {&#13;&#10;&#13;&#10;&#9;&#9;Double[][] doubleArr = dArray2DArray(doubleSingle);&#13;&#10;&#9;&#9;Number[][] numberArr = doubleArr;&#13;&#10;&#9;&#9;Number[][] result = DataUtilities.createNumberArray2D(doubleSingle);&#13;&#10;&#13;&#10;&#9;&#9;// Assert object by object&#13;&#10;&#9;&#9;assertEquals(result, numberArr);&#13;&#10;&#9;&#9;assertEquals(numberArr[0], result[0]);&#13;&#10;&#9;&#9;&#13;&#10;&#9;&#9;// Assert arrays' sizes&#13;&#10;&#9;&#9;assertEquals(1, result.length);&#13;&#10;&#9;&#9;assertEquals(1, result[0].length);&#13;&#10;&#13;&#10;&#9;&#9;// Assert element by element&#13;&#10;&#9;&#9;assertEquals(doubleSingle[0][0], result[0][0]);&#13;&#10;&#9;}&#13;&#10;&#13;&#10;&#9;&#13;&#10;&#9;@SuppressWarnings({ &quot;deprecation&quot; })&#13;&#10;&#9;@Test&#13;&#10;&#9;public void createNumberArray2DForSingleRowDoubleArray() {&#13;&#10;&#9;&#9;Double[][] doubleArr = dArray2DArray(doubleRowBoundaries);&#13;&#10;&#13;&#10;&#9;&#9;Number[][] numberArr = doubleArr;&#13;&#10;&#9;&#9;Number[][] result = DataUtilities.createNumberArray2D(doubleRowBoundaries);&#13;&#10;&#13;&#10;&#9;&#9;// Assert object by object&#13;&#10;&#9;&#9;assertEquals(result, numberArr);&#13;&#10;&#9;&#9;assertEquals(result[0], numberArr[0]);&#13;&#10;&#13;&#10;&#9;&#9;// Assert arrays' sizes&#13;&#10;&#9;&#9;assertEquals(numberArr.length, result.length);&#13;&#10;&#9;&#9;assertEquals(numberArr[0].length, result[0].length);&#13;&#10;&#9;&#9;&#13;&#10;&#9;&#9;// Assert element by element&#13;&#10;&#9;&#9;assertEquals(Double.MAX_VALUE, result[0][0]);&#13;&#10;&#9;&#9;assertEquals(0.0d, result[0][1]);&#13;&#10;&#9;&#9;assertEquals(Double.MIN_NORMAL, result[0][2]);&#13;&#10;&#9;&#9;assertEquals(Double.MIN_VALUE, result[0][3]);&#13;&#10;&#9;&#9;assertEquals(Double.NEGATIVE_INFINITY, result[0][4]);&#13;&#10;&#9;&#9;assertEquals(Double.POSITIVE_INFINITY, result[0][5]);&#13;&#10;&#9;&#9;assertEquals((double) Double.MAX_EXPONENT, result[0][6]);&#13;&#10;&#9;&#9;assertEquals((double) Double.MIN_EXPONENT, result[0][7]);&#13;&#10;&#9;&#9;assertEquals(1.23456e300d, result[0][8]);&#13;&#10;&#9;&#9;assertEquals(-1.23456e-300d, result[0][9]);&#13;&#10;&#9;&#9;assertEquals(1e1d, result[0][10]);&#13;&#10;&#9;}&#13;&#10;&#13;&#10;&#9;&#13;&#10;&#9;@SuppressWarnings({ &quot;deprecation&quot; })&#13;&#10;&#9;@Test&#13;&#10;&#9;public void createNumberArray2DForSingleColumnDoubleArray() {&#13;&#10;&#9;&#9;Double[][] doubleArr = dArray2DArray(doubleColumnBoundaries);&#13;&#10;&#13;&#10;&#9;&#9;Number[][] numberArr = doubleArr;&#13;&#10;&#9;&#9;Number[][] result = DataUtilities.createNumberArray2D(doubleColumnBoundaries);&#13;&#10;&#13;&#10;&#9;&#9;// Assert object by object&#13;&#10;&#9;&#9;assertEquals(result, numberArr);&#13;&#10;&#9;&#9;for(int i=0; i&lt; result.length; i++) {&#13;&#10;&#9;&#9;&#9;assertEquals(result[i], numberArr[i]);&#13;&#10;&#9;&#9;}&#13;&#10;&#13;&#10;&#9;&#9;// Assert arrays' sizes&#13;&#10;&#9;&#9;assertEquals(numberArr.length, result.length);&#13;&#10;&#9;&#9;for(int i=0; i&lt; result.length; i++) {&#13;&#10;&#9;&#9;&#9;assertEquals(1, result[i].length);&#13;&#10;&#9;&#9;}&#13;&#10;&#9;&#9;&#13;&#10;&#9;&#9;// Assert element by element&#13;&#10;&#9;&#9;assertEquals(Double.MAX_VALUE, result[0][0]);&#13;&#10;&#9;&#9;assertEquals(0.0d, result[1][0]);&#13;&#10;&#9;&#9;assertEquals(Double.MIN_NORMAL, result[2][0]);&#13;&#10;&#9;&#9;assertEquals(Double.MIN_VALUE, result[3][0]);&#13;&#10;&#9;&#9;assertEquals(Double.NEGATIVE_INFINITY, result[4][0]);&#13;&#10;&#9;&#9;assertEquals(Double.POSITIVE_INFINITY, result[5][0]);&#13;&#10;&#9;&#9;assertEquals((double) Double.MAX_EXPONENT, result[6][0]);&#13;&#10;&#9;&#9;assertEquals((double) Double.MIN_EXPONENT, result[7][0]);&#13;&#10;&#9;&#9;assertEquals(1.23456e300d, result[8][0]);&#13;&#10;&#9;&#9;assertEquals(-1.23456e-300d, result[9][0]);&#13;&#10;&#9;&#9;assertEquals(1e1d, result[10][0]);&#13;&#10;&#9;}&#13;&#10;&#9;&#13;&#10;&#9;@SuppressWarnings({ &quot;deprecation&quot; })&#13;&#10;&#9;@Test&#13;&#10;&#9;public void createNumberArray2DForMxNDoubleArray() {&#13;&#10;&#9;&#9;Double[][] doubleArr = dArray2DArray(doubleMxNBoundaries);&#13;&#10;&#13;&#10;&#9;&#9;Number[][] numberArr = doubleArr;&#13;&#10;&#9;&#9;Number[][] result = DataUtilities.createNumberArray2D(doubleMxNBoundaries);&#13;&#10;&#13;&#10;&#9;&#9;// Assert object by object&#13;&#10;&#9;&#9;assertEquals(numberArr, result);&#13;&#10;&#9;&#9;for(int i=0; i&lt; result.length; i++) {&#13;&#10;&#9;&#9;&#9;assertEquals(numberArr[i], result[i]);&#13;&#10;&#9;&#9;}&#13;&#10;&#13;&#10;&#9;&#9;// Assert arrays' sizes&#13;&#10;&#9;&#9;assertEquals(numberArr.length, result.length);&#13;&#10;&#9;&#9;for(int i=0; i&lt; result.length; i++) {&#13;&#10;&#9;&#9;&#9;assertEquals(numberArr[i].length, result[i].length);&#13;&#10;&#9;&#9;}&#13;&#10;&#9;&#9;&#13;&#10;&#9;&#9;// Assert element by element&#13;&#10;&#9;&#9;for(int i=0; i&lt; doubleArr.length; i++) {&#13;&#10;&#9;&#9;&#9;for(int j=0; j&lt;doubleArr[i].length; j++) {&#13;&#10;&#9;&#9;&#9;&#9;assertEquals(doubleArr[i][j], result[i][j]);&#13;&#10;&#9;&#9;&#9;}&#13;&#10;&#9;&#9;}&#13;&#10;&#9;&#9;&#9;&#9;&#13;&#10;&#9;}&#13;&#10;&#13;&#10;&#9;@After&#13;&#10;&#9;public void tearDown() throws Exception {&#13;&#10;&#13;&#10;&#9;}&#13;&#10;&#13;&#10;&#9;@AfterClass&#13;&#10;&#9;public static void tearDownAfterClass() throws Exception {&#13;&#10;&#13;&#10;&#9;}&#13;&#10;&#9;&#13;&#10;&#9;// converts the a 2D double array to a 2D Double array &#13;&#10;&#9;private static Double[][] dArray2DArray(double[][] data) {&#13;&#10;&#9;&#9;Double[][] doubleArr = new Double[data.length][];&#13;&#10;&#9;&#9;for (int i = 0; i &lt; data.length; i++) {&#13;&#10;&#9;&#9;&#9;doubleArr[i] = new Double[data[i].length];&#13;&#10;&#9;&#9;&#9;for(int j = 0; j &lt; data[i].length; j++) {&#13;&#10;&#9;&#9;&#9;&#9;doubleArr[i][j] = new Double(data[i][j]);&#13;&#10;&#9;&#9;&#9;}&#13;&#10;&#9;&#9;}&#13;&#10;&#9;&#9;return doubleArr;&#13;&#10;&#9;}&#13;&#10;}&#13;&#10;" Filename="DataUtilitiesCreateNumberArray2DTest.java" Intrnl_Id="3"/>
        <SrcFile Content="package org.jfree.data;&#13;&#10;&#13;&#10;import static org.junit.Assert.*;&#13;&#10;import org.jfree.data.DataUtilities;&#13;&#10;import org.junit.After;&#13;&#10;import org.junit.AfterClass;&#13;&#10;import org.junit.Before;&#13;&#10;import org.junit.BeforeClass;&#13;&#10;import org.junit.Test;&#13;&#10;&#13;&#10;/**&#13;&#10; * The function 'static Number[] createNumberArray(double[] data)' Constructs an&#13;&#10; * array of Number objects from an array of double primitives. This class tests&#13;&#10; * this function for 3 different scenarios. First: When the array is empty&#13;&#10; * Second: When the array has 1 valid random double value Third: When the array&#13;&#10; * has multiple of boundary values&#13;&#10; * &#13;&#10; * @author Group#4&#13;&#10; *&#13;&#10; */&#13;&#10;public class DataUtilitiesCreateNumberArrayTest {&#13;&#10;&#13;&#10;&#9;private double[] doubleBoundaries;&#13;&#10;&#9;private double[] doubleEmpty;&#13;&#10;&#9;private double[] doubleSingle;&#13;&#10;&#13;&#10;&#9;@BeforeClass&#13;&#10;&#9;public static void setUpBeforeClass() throws Exception {&#13;&#10;&#9;&#9;System.out.println(&quot;The test of function 'CreateNumberArray' of the class DataUtilities has been started.&quot;);&#13;&#10;&#9;}&#13;&#10;&#13;&#10;&#9;@Before&#13;&#10;&#9;public void setUp() throws Exception {&#13;&#10;&#9;&#9;double[] d1 = { Double.MAX_VALUE, 0.0d, Double.MIN_NORMAL, Double.MIN_VALUE, Double.NEGATIVE_INFINITY,&#13;&#10;&#9;&#9;&#9;&#9;Double.POSITIVE_INFINITY, Double.MAX_EXPONENT, Double.MIN_EXPONENT, 1.23456e300d, -1.23456e-300d,&#13;&#10;&#9;&#9;&#9;&#9;1e1d };&#13;&#10;&#9;&#9;doubleBoundaries = d1;&#13;&#10;&#9;&#9;// Empty&#13;&#10;&#9;&#9;double[] d2 = {};&#13;&#10;&#9;&#9;doubleEmpty = d2;&#13;&#10;&#13;&#10;&#9;&#9;// Generates a random single value array&#13;&#10;&#9;&#9;Double min = -1.23456e-300d;&#13;&#10;&#9;&#9;Double max = 1.23456e300d;&#13;&#10;&#9;&#9;double d = (Math.random() * ((max - min) + 1)) + min;&#13;&#10;&#9;&#9;double[] d3 = { d };&#13;&#10;&#9;&#9;doubleSingle = d3;&#13;&#10;&#9;}&#13;&#10;&#13;&#10;&#9;@SuppressWarnings({ &quot;deprecation&quot; })&#13;&#10;&#9;@Test&#13;&#10;&#9;public void createNumberArrayForMultiDoubleArray() {&#13;&#10;&#9;&#9;Double[] doubleArr = dArray2DArray(doubleBoundaries);&#13;&#10;&#13;&#10;&#9;&#9;Number[] numberArr = doubleArr;&#13;&#10;&#9;&#9;Number[] result = DataUtilities.createNumberArray(doubleBoundaries);&#13;&#10;&#13;&#10;&#9;&#9;// Assert object by object&#13;&#10;&#9;&#9;assertEquals(result, numberArr);&#13;&#10;&#13;&#10;&#9;&#9;// Assert arrays' sizes&#13;&#10;&#13;&#10;&#9;&#9;assertEquals(numberArr.length, result.length);&#13;&#10;&#13;&#10;&#9;&#9;// Assert element by element&#13;&#10;&#13;&#10;&#9;&#9;assertEquals(Double.MAX_VALUE, result[0]);&#13;&#10;&#9;&#9;assertEquals(0.0d, result[1]);&#13;&#10;&#9;&#9;assertEquals(Double.MIN_NORMAL, result[2]);&#13;&#10;&#9;&#9;assertEquals(Double.MIN_VALUE, result[3]);&#13;&#10;&#9;&#9;assertEquals(Double.NEGATIVE_INFINITY, result[4]);&#13;&#10;&#9;&#9;assertEquals(Double.POSITIVE_INFINITY, result[5]);&#13;&#10;&#9;&#9;assertEquals((double) Double.MAX_EXPONENT, result[6]);&#13;&#10;&#9;&#9;assertEquals((double) Double.MIN_EXPONENT, result[7]);&#13;&#10;&#9;&#9;assertEquals(1.23456e300d, result[8]);&#13;&#10;&#9;&#9;assertEquals(-1.23456e-300d, result[9]);&#13;&#10;&#9;&#9;assertEquals(1e1d, result[10]);&#13;&#10;&#13;&#10;&#9;}&#13;&#10;&#13;&#10;&#9;@SuppressWarnings({ &quot;deprecation&quot; })&#13;&#10;&#9;@Test&#13;&#10;&#9;public void createNumberArrayForEmptyDoubleArray() {&#13;&#10;&#9;&#9;Double[] doubleArr = dArray2DArray(doubleEmpty);&#13;&#10;&#9;&#9;Number[] numberArr = doubleArr;&#13;&#10;&#9;&#9;Number[] result = DataUtilities.createNumberArray(doubleEmpty);&#13;&#10;&#13;&#10;&#9;&#9;// Assert object by object&#13;&#10;&#9;&#9;assertEquals(result, numberArr);&#13;&#10;&#13;&#10;&#9;&#9;// Assert arrays' sizes&#13;&#10;&#9;&#9;assertEquals(numberArr.length, result.length);&#13;&#10;&#9;}&#13;&#10;&#13;&#10;&#9;@SuppressWarnings({ &quot;deprecation&quot; })&#13;&#10;&#9;@Test&#13;&#10;&#9;public void createNumberArrayForSingleDoubleArray() {&#13;&#10;&#13;&#10;&#9;&#9;Double[] doubleArr = dArray2DArray(doubleSingle);&#13;&#10;&#9;&#9;Number[] numberArr = doubleArr;&#13;&#10;&#9;&#9;Number[] result = DataUtilities.createNumberArray(doubleSingle);&#13;&#10;&#13;&#10;&#9;&#9;// Assert object by object&#13;&#10;&#9;&#9;assertEquals(result, numberArr);&#13;&#10;&#13;&#10;&#9;&#9;// Assert arrays' sizes&#13;&#10;&#9;&#9;assertEquals(numberArr.length, result.length);&#13;&#10;&#13;&#10;&#9;&#9;// Assert element by element&#13;&#10;&#9;&#9;assertEquals(doubleSingle[0], result[0]);&#13;&#10;&#9;}&#13;&#10;&#13;&#10;&#9;@After&#13;&#10;&#9;public void tearDown() throws Exception {&#13;&#10;&#13;&#10;&#9;}&#13;&#10;&#13;&#10;&#9;@AfterClass&#13;&#10;&#9;public static void tearDownAfterClass() throws Exception {&#13;&#10;&#13;&#10;&#9;}&#13;&#10;&#13;&#10;&#9;private static Double[] dArray2DArray(double[] data) {&#13;&#10;&#9;&#9;Double[] doubleArr = new Double[data.length];&#13;&#10;&#9;&#9;for (int i = 0; i &lt; data.length; i++) {&#13;&#10;&#9;&#9;&#9;doubleArr[i] = new Double(data[i]);&#13;&#10;&#9;&#9;}&#13;&#10;&#9;&#9;return doubleArr;&#13;&#10;&#9;}&#13;&#10;}&#13;&#10;" Filename="DataUtilitiesCreateNumberArrayTest.java" Intrnl_Id="4"/>
        <SrcFile Content="package org.jfree.data;&#13;&#10;&#13;&#10;import static org.junit.Assert.*;&#13;&#10;&#13;&#10;import java.util.Arrays;&#13;&#10;&#13;&#10;import org.jfree.data.DataUtilities;&#13;&#10;import org.jfree.data.KeyedValues;&#13;&#10;import org.jmock.Expectations;&#13;&#10;import org.jmock.Mockery;&#13;&#10;import org.junit.After;&#13;&#10;import org.junit.AfterClass;&#13;&#10;import org.junit.Before;&#13;&#10;import org.junit.BeforeClass;&#13;&#10;import org.junit.Test;&#13;&#10;&#13;&#10;/**&#13;&#10; * This class validate the function `static double getCumulativePercentages(KeyedValues values)`&#13;&#10; * of the class `DataUtilities`.&#13;&#10; * It is expected that the function returns a KeyedValues instance that &#13;&#10; * contains the cumulative percentage values for the data in another KeyedValues instance&#13;&#10; * which is passed as the input argument.&#13;&#10; * &#13;&#10; * We tested the function for different combination of positive and negative values, single element and &#13;&#10; * empty arrays.&#13;&#10; * &#13;&#10; * @author Group#4&#13;&#10; *&#13;&#10; */&#13;&#10;public class DataUtilitiesGetCumulativePercentagesTest {&#13;&#10;&#9;&#13;&#10;&#9;Mockery mockingContext;&#13;&#10;&#9;KeyedValues keyValues;&#13;&#10;&#9;&#13;&#10;&#9;@BeforeClass&#13;&#10;&#9;public static void setUpBeforeClass() throws Exception {&#13;&#10;&#9;&#9;System.out.println(&quot;The test of the function 'getCumulativePercentages' of the class DataUtilities has been started.&quot;);&#13;&#10;&#9;}&#13;&#10;&#13;&#10;&#9;@Before&#13;&#10;&#9;public void setUp() throws Exception {&#13;&#10;&#9;&#9;mockingContext = new Mockery();&#9;&#13;&#10;&#9;&#9;keyValues = mockingContext.mock(KeyedValues.class);&#13;&#10;&#9;}&#13;&#10;&#13;&#10;&#9;@Test&#13;&#10;&#9;public void getCumulativePercentagesForFourPositiveValues() {&#13;&#10;&#9;&#9;&#13;&#10;&#9;&#9;// List: {2,2,2,2}&#13;&#10;&#9;&#9;// Cumulative Percentages: {2/8, 4/8, 6/8, 8/8} &#13;&#10;&#9;&#9;&#13;&#10;&#9;&#9;mockingContext.checking(new Expectations() {&#13;&#10;&#9;&#9;&#9;{&#13;&#10;&#9;&#9;&#9;&#9;allowing(keyValues).getItemCount();&#13;&#10;&#9;&#9;&#9;&#9;will(returnValue(4));&#13;&#10;&#9;&#9;&#9;&#9;// returning the values &#13;&#10;&#9;&#9;&#9;&#9;allowing(keyValues).getValue(0);&#13;&#10;&#9;&#9;&#9;&#9;will(returnValue(2));&#13;&#10;&#9;&#9;&#9;&#9;allowing(keyValues).getValue(1);&#13;&#10;&#9;&#9;&#9;&#9;will(returnValue(2));&#13;&#10;&#9;&#9;&#9;&#9;allowing(keyValues).getValue(2);&#13;&#10;&#9;&#9;&#9;&#9;will(returnValue(2));&#13;&#10;&#9;&#9;&#9;&#9;allowing(keyValues).getValue(3);&#13;&#10;&#9;&#9;&#9;&#9;will(returnValue(2));&#13;&#10;&#9;&#9;&#9;&#9;// converting indices to keys &#13;&#10;&#9;&#9;&#9;&#9;allowing(keyValues).getKey(0);&#13;&#10;&#9;&#9;&#9;&#9;will(returnValue(0));&#13;&#10;&#9;&#9;&#9;&#9;allowing(keyValues).getKey(1);&#13;&#10;&#9;&#9;&#9;&#9;will(returnValue(1));&#13;&#10;&#9;&#9;&#9;&#9;allowing(keyValues).getKey(2);&#13;&#10;&#9;&#9;&#9;&#9;will(returnValue(2));&#13;&#10;&#9;&#9;&#9;&#9;allowing(keyValues).getKey(3);&#13;&#10;&#9;&#9;&#9;&#9;will(returnValue(3));&#13;&#10;&#9;&#9;&#9;}&#13;&#10;&#9;&#9;});&#13;&#10;&#9;&#9;// exercise&#13;&#10;&#9;&#9;KeyedValues result = DataUtilities.getCumulativePercentages(keyValues); &#13;&#10;&#9;&#9;// verify&#13;&#10;&#9;&#9;&#13;&#10;&#9;&#9;assertEquals(0.25, result.getValue(0));&#13;&#10;&#9;&#9;assertEquals(0.5, result.getValue(1));&#13;&#10;&#9;&#9;assertEquals(0.75, result.getValue(2));&#13;&#10;&#9;&#9;assertEquals(1.0, result.getValue(3));&#13;&#10;&#9;&#9;// tear-down: NONE in this test method&#13;&#10;&#9;}&#9;&#13;&#10;&#9;&#13;&#10;&#9;@Test&#13;&#10;&#9;public void getCumulativePercentagesForSinglePositiveValues() {&#13;&#10;&#9;&#9;mockingContext.checking(new Expectations() {&#13;&#10;&#9;&#9;&#9;{&#13;&#10;&#9;&#9;&#9;&#9;allowing(keyValues).getItemCount();&#13;&#10;&#9;&#9;&#9;&#9;will(returnValue(1));&#13;&#10;&#9;&#9;&#9;&#9;allowing(keyValues).getValue(0);&#13;&#10;&#9;&#9;&#9;&#9;will(returnValue(2));&#9;&#9;&#9;&#9;&#13;&#10;&#9;&#9;&#9;&#9;allowing(keyValues).getKey(0);&#13;&#10;&#9;&#9;&#9;&#9;will(returnValue(0));&#13;&#10;&#9;&#9;&#9;}&#13;&#10;&#9;&#9;});&#13;&#10;&#9;&#9;// exercise&#13;&#10;&#9;&#9;KeyedValues result = DataUtilities.getCumulativePercentages(keyValues); &#13;&#10;&#9;&#9;// verify&#13;&#10;&#9;&#9;&#13;&#10;&#9;&#9;assertEquals(&quot;If I pass only one value I expect 1.0 as Cumulative Percentage&quot;, 1.0, result.getValue(0));&#13;&#10;&#9;&#9;// tear-down: NONE in this test method&#13;&#10;&#9;}&#13;&#10;&#13;&#10;&#9;@Test&#13;&#10;&#9;public void getCumulativePercentagesForSingleNullValues() {&#13;&#10;&#9;&#9;mockingContext.checking(new Expectations() {&#13;&#10;&#9;&#9;&#9;{&#13;&#10;&#9;&#9;&#9;&#9;allowing(keyValues).getItemCount();&#13;&#10;&#9;&#9;&#9;&#9;will(returnValue(1));&#13;&#10;&#9;&#9;&#9;&#9;allowing(keyValues).getValue(0);&#13;&#10;&#9;&#9;&#9;&#9;will(returnValue(null));&#9;&#9;&#9;&#9;&#13;&#10;&#9;&#9;&#9;&#9;allowing(keyValues).getKey(0);&#13;&#10;&#9;&#9;&#9;&#9;will(returnValue(0));&#13;&#10;&#9;&#9;&#9;}&#13;&#10;&#9;&#9;});&#13;&#10;&#9;&#9;// exercise&#13;&#10;&#9;&#9;KeyedValues result = DataUtilities.getCumulativePercentages(keyValues); &#13;&#10;&#9;&#9;// verify&#13;&#10;&#9;&#9;assertEquals(&quot;If I pass only one null value I expect NaN as Cumulative Percentage&quot;, Double.NaN, result.getValue(0));&#13;&#10;&#9;&#9;// tear-down: NONE in this test method&#13;&#10;&#9;}&#13;&#10;&#9;&#13;&#10;&#9;@Test&#13;&#10;&#9;public void getCumulativePercentagesForEmptyValues() {&#13;&#10;&#9;&#9;mockingContext.checking(new Expectations() {&#13;&#10;&#9;&#9;&#9;{&#13;&#10;&#9;&#9;&#9;&#9;allowing(keyValues).getItemCount();&#13;&#10;&#9;&#9;&#9;&#9;will(returnValue(0));&#13;&#10;&#9;&#9;&#9;}&#13;&#10;&#9;&#9;});&#13;&#10;&#9;&#9;// exercise&#13;&#10;&#9;&#9;KeyedValues result = DataUtilities.getCumulativePercentages(keyValues); &#13;&#10;&#9;&#9;// verify&#13;&#10;&#9;&#9;&#13;&#10;&#9;&#9;assertEquals(0, result.getItemCount());&#13;&#10;&#9;&#9;// tear-down: NONE in this test method&#13;&#10;&#9;}&#9;&#13;&#10;&#9;&#13;&#10;&#9;@Test&#13;&#10;&#9;public void getCumulativePercentagesForFirstThreeRowsAreZero(){&#13;&#10;&#9;&#9;mockingContext.checking(new Expectations() {&#13;&#10;&#9;&#9;&#9;{&#13;&#10;&#9;&#9;&#9;&#9;allowing(keyValues).getItemCount();&#13;&#10;&#9;&#9;&#9;&#9;will(returnValue(4));&#13;&#10;&#9;&#9;&#9;&#9;// {0,0,0,2}&#13;&#10;&#9;&#9;&#9;&#9;allowing(keyValues).getValue(0);&#13;&#10;&#9;&#9;&#9;&#9;will(returnValue(0));&#13;&#10;&#9;&#9;&#9;&#9;allowing(keyValues).getValue(1);&#13;&#10;&#9;&#9;&#9;&#9;will(returnValue(0));&#13;&#10;&#9;&#9;&#9;&#9;allowing(keyValues).getValue(2);&#13;&#10;&#9;&#9;&#9;&#9;will(returnValue(0));&#13;&#10;&#9;&#9;&#9;&#9;allowing(keyValues).getValue(3);&#13;&#10;&#9;&#9;&#9;&#9;will(returnValue(2));&#13;&#10;&#9;&#9;&#9;&#9;//&#13;&#10;&#9;&#9;&#9;&#9;allowing(keyValues).getKey(0);&#13;&#10;&#9;&#9;&#9;&#9;will(returnValue(0));&#13;&#10;&#9;&#9;&#9;&#9;allowing(keyValues).getKey(1);&#13;&#10;&#9;&#9;&#9;&#9;will(returnValue(1));&#13;&#10;&#9;&#9;&#9;&#9;allowing(keyValues).getKey(2);&#13;&#10;&#9;&#9;&#9;&#9;will(returnValue(2));&#13;&#10;&#9;&#9;&#9;&#9;allowing(keyValues).getKey(3);&#13;&#10;&#9;&#9;&#9;&#9;will(returnValue(3));&#13;&#10;&#9;&#9;&#9;}&#13;&#10;&#9;&#9;});&#13;&#10;&#9;&#9;KeyedValues result = DataUtilities.getCumulativePercentages(keyValues);&#13;&#10;&#9;&#9;// All must be zero expect the last one.&#13;&#10;&#9;&#9;assertEquals(0.0, result.getValue(0));&#13;&#10;&#9;&#9;assertEquals(0.0, result.getValue(1));&#13;&#10;&#9;&#9;assertEquals(0.0, result.getValue(2));&#13;&#10;&#9;&#9;assertEquals(1.0, result.getValue(3));&#13;&#10;&#9;}&#13;&#10;&#9;&#13;&#10;&#9;@Test&#13;&#10;&#9;public void getCumulativePercentagesForLastThreeRowsAreZero(){&#13;&#10;&#9;&#9;mockingContext.checking(new Expectations() {&#13;&#10;&#9;&#9;&#9;{&#13;&#10;&#9;&#9;&#9;&#9;allowing(keyValues).getItemCount();&#13;&#10;&#9;&#9;&#9;&#9;will(returnValue(4));&#13;&#10;&#9;&#9;&#9;&#9;//&#13;&#10;&#9;&#9;&#9;&#9;allowing(keyValues).getValue(0);&#13;&#10;&#9;&#9;&#9;&#9;will(returnValue(2));&#13;&#10;&#9;&#9;&#9;&#9;allowing(keyValues).getValue(1);&#13;&#10;&#9;&#9;&#9;&#9;will(returnValue(0));&#13;&#10;&#9;&#9;&#9;&#9;allowing(keyValues).getValue(2);&#13;&#10;&#9;&#9;&#9;&#9;will(returnValue(0));&#13;&#10;&#9;&#9;&#9;&#9;allowing(keyValues).getValue(3);&#13;&#10;&#9;&#9;&#9;&#9;will(returnValue(0));&#13;&#10;&#9;&#9;&#9;&#9;//&#13;&#10;&#9;&#9;&#9;&#9;allowing(keyValues).getKey(0);&#13;&#10;&#9;&#9;&#9;&#9;will(returnValue(0));&#13;&#10;&#9;&#9;&#9;&#9;allowing(keyValues).getKey(1);&#13;&#10;&#9;&#9;&#9;&#9;will(returnValue(1));&#13;&#10;&#9;&#9;&#9;&#9;allowing(keyValues).getKey(2);&#13;&#10;&#9;&#9;&#9;&#9;will(returnValue(2));&#13;&#10;&#9;&#9;&#9;&#9;allowing(keyValues).getKey(3);&#13;&#10;&#9;&#9;&#9;&#9;will(returnValue(3));&#13;&#10;&#9;&#9;&#9;}&#13;&#10;&#9;&#9;});&#13;&#10;&#9;&#9;&#13;&#10;&#9;&#9;KeyedValues result = DataUtilities.getCumulativePercentages(keyValues);&#13;&#10;&#9;&#9;// Expect all to be 1.0 &#13;&#10;&#9;&#9;assertEquals(1.0, result.getValue(0));&#13;&#10;&#9;&#9;assertEquals(1.0, result.getValue(1));&#13;&#10;&#9;&#9;assertEquals(1.0, result.getValue(2));&#13;&#10;&#9;&#9;assertEquals(1.0, result.getValue(3));&#13;&#10;&#9;}&#13;&#10;&#9;&#13;&#10;&#9;@Test&#13;&#10;&#9;public void getCumulativePercentagesForAllRowsAreZero(){&#13;&#10;&#9;&#9;mockingContext.checking(new Expectations() {&#13;&#10;&#9;&#9;&#9;{&#13;&#10;&#9;&#9;&#9;&#9;allowing(keyValues).getItemCount();&#13;&#10;&#9;&#9;&#9;&#9;will(returnValue(4));&#13;&#10;&#9;&#9;&#9;&#9;//&#13;&#10;&#9;&#9;&#9;&#9;allowing(keyValues).getValue(0);&#13;&#10;&#9;&#9;&#9;&#9;will(returnValue(0));&#13;&#10;&#9;&#9;&#9;&#9;allowing(keyValues).getValue(1);&#13;&#10;&#9;&#9;&#9;&#9;will(returnValue(0));&#13;&#10;&#9;&#9;&#9;&#9;allowing(keyValues).getValue(2);&#13;&#10;&#9;&#9;&#9;&#9;will(returnValue(0));&#13;&#10;&#9;&#9;&#9;&#9;allowing(keyValues).getValue(3);&#13;&#10;&#9;&#9;&#9;&#9;will(returnValue(0));&#13;&#10;&#9;&#9;&#9;&#9;//&#13;&#10;&#9;&#9;&#9;&#9;allowing(keyValues).getKey(0);&#13;&#10;&#9;&#9;&#9;&#9;will(returnValue(0));&#13;&#10;&#9;&#9;&#9;&#9;allowing(keyValues).getKey(1);&#13;&#10;&#9;&#9;&#9;&#9;will(returnValue(1));&#13;&#10;&#9;&#9;&#9;&#9;allowing(keyValues).getKey(2);&#13;&#10;&#9;&#9;&#9;&#9;will(returnValue(2));&#13;&#10;&#9;&#9;&#9;&#9;allowing(keyValues).getKey(3);&#13;&#10;&#9;&#9;&#9;&#9;will(returnValue(3));&#13;&#10;&#9;&#9;&#9;}&#13;&#10;&#9;&#9;});&#13;&#10;&#9;&#9;&#13;&#10;&#9;&#9;KeyedValues result = DataUtilities.getCumulativePercentages(keyValues);&#13;&#10;&#9;&#9;assertEquals(0.0 / 0.0, result.getValue(0));&#13;&#10;&#9;&#9;assertEquals(0.0 / 0.0, result.getValue(1));&#13;&#10;&#9;&#9;assertEquals(0.0 / 0.0, result.getValue(2));&#13;&#10;&#9;&#9;assertEquals(0.0 / 0.0, result.getValue(3));&#13;&#10;&#9;}&#13;&#10;&#9;&#13;&#10;&#9;@After&#13;&#10;&#9;public void tearDown() throws Exception {&#13;&#10;&#13;&#10;&#9;}&#13;&#10;&#13;&#10;&#9;@AfterClass&#13;&#10;&#9;public static void tearDownAfterClass() throws Exception {&#13;&#10;&#13;&#10;&#9;}&#13;&#10;}&#13;&#10;" Filename="DataUtilitiesGetCumulativePercentagesTest.java" Intrnl_Id="5"/>
        <SrcFile Content="package org.jfree.data;&#10;&#10;import static org.junit.Assert.*;&#10;&#10;import org.jfree.data.Range;&#10;import org.junit.*;&#10;&#10;public class RangeCombineIgnoringNanTest {&#10;&#10;&#9;@BeforeClass&#10;&#9;public static void setUpBeforeClass() throws Exception {&#10;&#9;}&#10;&#10;&#9;@Before&#10;&#9;public void setUp() throws Exception {&#10;&#9;&#9;System.out.println(&quot;The test of the function 'combineIgnoringNan' of the class Range has been started.&quot;);&#10;&#9;}&#10;&#9;// (-1,0)  (1,2) =&gt; (-1,2)&#10;&#10;&#9;@Test&#10;&#9;public void shouldIgnoreLowerBoundNaNInRange1() {&#10;&#9;&#9;assertEquals(&quot;The new range should ignore Nan in lower bound of 1st range and use that of the 2nd range&quot;,&#10;&#9;&#9;&#9;&#9;new Range(0, 4), Range.combineIgnoringNaN(new Range(Double.NaN, -1), new Range(0, 4)));&#10;&#9;}&#10;&#10;&#9;@Test&#10;&#9;public void shouldIgnoreUpperBoundNaNInRange1() {&#10;&#9;&#9;assertEquals(&quot;The new range should ignore Nan in upper bound of 1st range and use that of the 2nd range&quot;,&#10;&#9;&#9;&#9;&#9;new Range(-1, 4), Range.combineIgnoringNaN(new Range(-1, Double.NaN), new Range(0, 4)));&#10;&#9;}&#10;&#10;&#9;@Test&#10;&#9;public void shouldIgnoreLowerBoundNaNInRange2() {&#10;&#9;&#9;assertEquals(&quot;The new range should ignore Nan in lower bound of 2nd range and use that of the 1st range&quot;,&#10;&#9;&#9;&#9;&#9;new Range(-1, 5), Range.combineIgnoringNaN(new Range(-1, 4), new Range(Double.NaN, 5)));&#10;&#9;}&#10;&#10;&#9;@Test&#10;&#9;public void shouldIgnoreUpperBoundNaNInRange2() {&#10;&#9;&#9;assertEquals(&quot;The new range should ignore Nan in upper bound of 2nd range and use that of the 1st range&quot;,&#10;&#9;&#9;&#9;&#9;new Range(-2, 4), Range.combineIgnoringNaN(new Range(-1, 4), new Range(-2, Double.NaN)));&#10;&#9;}&#10;&#10;&#9;@Test&#10;&#9;public void shouldIgnoreNaNInRange2() {&#10;&#9;&#9;assertEquals(&quot;The new range should ignore 2nd range completely&quot;, new Range(-1, 4),&#10;&#9;&#9;&#9;&#9;Range.combineIgnoringNaN(new Range(-1, 4), new Range(Double.NaN, Double.NaN)));&#10;&#9;}&#10;&#10;&#9;@Test&#10;&#9;public void shouldIgnoreNaNInRange1() {&#10;&#9;&#9;assertEquals(&quot;The new range should ignore 1st range completely&quot;, new Range(-1, 4),&#10;&#9;&#9;&#9;&#9;Range.combineIgnoringNaN(new Range(Double.NaN, Double.NaN), new Range(-1, 4)));&#10;&#9;}&#10;&#9;&#10;&#9;@Test&#10;&#9;public void shouldReturnNullAsResult() {&#10;&#9;&#9;assertEquals(&quot;The new range has no values, because all bounds are NaN!&quot;, null,&#10;&#9;&#9;&#9;&#9;Range.combineIgnoringNaN(new Range(Double.NaN, Double.NaN), new Range(Double.NaN, Double.NaN) ));&#10;&#9;}&#10;&#9;&#10;&#9;@Test&#10;&#9;public void range1NullWithRange2NaN() {&#10;&#9;&#9;assertEquals(&quot;Since range1 is NULL and range2 has NaN values, should return null&quot;, null,&#10;&#9;&#9;&#9;&#9;Range.combineIgnoringNaN(null, new Range(Double.NaN, Double.NaN) ));&#10;&#9;}&#10;&#9;&#10;&#9;@Test&#10;&#9;public void range1NullWithRange2NonNaN() {&#10;&#9;&#9;assertEquals(&quot;Since range1 is NULL and range2 has non-NaN values, should return range2&quot;, new Range(1, 2),&#10;&#9;&#9;&#9;&#9;Range.combineIgnoringNaN(null, new Range(1, 2) ));&#10;&#9;}&#10;&#9;&#10;&#9;@Test&#10;&#9;public void range2NullWithRange1NaN() {&#10;&#9;&#9;assertEquals(&quot;Since range2 is NULL and range1 has NaN values, should return null&quot;, null,&#10;&#9;&#9;&#9;&#9;Range.combineIgnoringNaN(new Range(Double.NaN, Double.NaN), null));&#10;&#9;}&#10;&#9;&#10;&#9;@Test&#10;&#9;public void range2NullWithRange1NonNaN() {&#10;&#9;&#9;assertEquals(&quot;Since range2 is NULL and range1 has non-NaN values, should return range1&quot;, new Range(1, 2),&#10;&#9;&#9;&#9;&#9;Range.combineIgnoringNaN(new Range(1, 2), null));&#10;&#9;}&#10;&#9;&#10;&#9;@Test&#10;&#9;public void bothRangesNull() {&#10;&#9;&#9;assertEquals(&quot;Since both ranges are null, should return null&quot;, null,&#10;&#9;&#9;&#9;&#9;Range.combineIgnoringNaN(null, null));&#10;&#9;}&#10;&#9;&#10;&#9;@Test&#10;&#9;public void bothRangesNaN() {&#10;&#9;&#9;assertEquals(&quot;Since both ranges have NaNs as both bound values, should return null&quot;, null,&#10;&#9;&#9;&#9;&#9;Range.combineIgnoringNaN(new Range(Double.NaN, Double.NaN), new Range(Double.NaN, Double.NaN)));&#10;&#9;}&#10;&#9;&#10;&#9;@Test&#10;&#9;public void lowerBoundNaN() {&#10;&#9;&#9;Range result = Range.combineIgnoringNaN(new Range(Double.NaN, 2), new Range(Double.NaN, 3));&#10;&#9;&#9;assertTrue(&quot;Since both ranges have NaNs as in LBs, should return new range with NaN in LB and max of UBs&quot;, &#10;&#9;&#9;&#9;   Double.isNaN(result.getLowerBound()));&#10;&#9;}&#10;&#9;&#10;&#9;@Test&#10;&#9;public void upperBoundNaN() {&#10;&#9;&#9;Range result = Range.combineIgnoringNaN(new Range(2, Float.NaN), new Range(3, Float.NaN));&#10;&#9;&#9;assertTrue(&quot;Since both ranges have NaNs as in UBs, should return new range with NaN in UB and min of LBs&quot;, &#10;&#9;&#9;&#9;   Double.isNaN(result.getUpperBound()));&#10;&#9;}&#10;&#10;&#10;&#9;@After&#10;&#9;public void tearDown() throws Exception {&#10;&#9;}&#10;&#10;&#9;@AfterClass&#10;&#9;public static void tearDownAfterClass() throws Exception {&#10;&#9;}&#10;&#10;}&#10;" Filename="RangeCombineIgnoringNanTest.java" Intrnl_Id="6"/>
        <SrcFile Content="package org.jfree.data;&#10;&#10;import static org.junit.Assert.*;&#10;&#10;import org.jfree.data.Range;&#10;import org.junit.After;&#10;import org.junit.AfterClass;&#10;import org.junit.Before;&#10;import org.junit.BeforeClass;&#10;import org.junit.Test;&#10;&#10;public class RangeExpandToIncludeTest {&#10;&#10;&#9;private Range exampleRange;&#10;&#9;private Range expectedRangeWithPosVal;&#10;&#9;private Range expectedRangeWithNegVal;&#10;&#9;private double posNewValue;&#10;&#9;private double negNewValue;&#10;&#9;private double existingValue;&#10;&#10;&#9;@BeforeClass&#10;&#9;public static void setUpBeforeClass() throws Exception {&#10;&#9;&#9;System.out.println(&quot;The test of the function 'expandToInclude' of the class Range has been started.&quot;);&#10;&#9;}&#10;&#10;&#9;@Before&#10;&#9;public void setUp() throws Exception {&#10;&#9;&#9;exampleRange = new Range(-1, 1);&#10;&#9;&#9;expectedRangeWithPosVal = new Range(-1.0, 2.0);&#10;&#9;&#9;expectedRangeWithNegVal = new Range(-2.0, 1.0);&#10;&#9;&#9;posNewValue = 2;&#10;&#9;&#9;negNewValue = -2;&#10;&#9;&#9;existingValue = 0;&#10;&#9;}&#10;&#10;&#9;@Test&#10;&#9;public void expandedRangeIncludingTwo() {&#10;&#9;&#9;assertEquals(&quot;The range -1 and 1 should be -1 and 2 when including 2&quot;,&#10;&#9;&#9;&#9;&#9;Range.expandToInclude(exampleRange, posNewValue), expectedRangeWithPosVal);&#10;&#9;}&#10;&#10;&#9;@Test&#10;&#9;public void expandedRangeIncludingNegativeTwo() {&#10;&#9;&#9;assertEquals(&quot;The range -1 and 1 should be -2 and 1 when including -2&quot;,&#10;&#9;&#9;&#9;&#9;Range.expandToInclude(exampleRange, negNewValue), expectedRangeWithNegVal);&#10;&#9;}&#10;&#10;&#9;@Test&#10;&#9;public void expandedRangeIncludingExistingValueZero() {&#10;&#9;&#9;assertEquals(&quot;The range -1 and 1 should same when including 0&quot;,&#10;&#9;&#9;&#9;&#9;Range.expandToInclude(exampleRange, existingValue), exampleRange);&#10;&#9;}&#10;&#9;&#10;&#9;@Test&#10;&#9;public void expandingNullRange() {&#10;&#9;&#9;assertEquals(&quot;Should return null&quot;,&#10;&#9;&#9;&#9;&#9;Range.expandToInclude(null, 2), new Range(2, 2));&#10;&#9;}&#10;&#10;&#9;@After&#10;&#9;public void tearDown() throws Exception {&#10;&#9;}&#10;&#10;&#9;@AfterClass&#10;&#9;public static void tearDownAfterClass() throws Exception {&#10;&#9;}&#10;&#10;}&#10;" Filename="RangeExpandToIncludeTest.java" Intrnl_Id="7"/>
        <SrcFile Content="package org.jfree.data;&#10;&#10;import static org.junit.Assert.*;&#10;&#10;import org.jfree.data.Range;&#10;import org.junit.After;&#10;import org.junit.AfterClass;&#10;import org.junit.Before;&#10;import org.junit.BeforeClass;&#10;import org.junit.Test;&#10;&#10;public class RangeIntersectionTest {&#10;&#10;&#9;private Range exampleRange;&#10;&#10;&#9;@BeforeClass&#10;&#9;public static void setUpBeforeClass() throws Exception {&#10;&#9;&#9;System.out.println(&quot;The test of the function 'intersection' of the class Range has been started.&quot;);&#10;&#9;}&#10;&#10;&#9;@Before&#10;&#9;public void setUp() throws Exception {&#10;&#9;&#9;exampleRange = new Range(-2, 1);&#10;&#9;}&#10;&#10;&#9;@Test&#10;&#9;public void rangeLowerBoundIntersectionShouldBeTrue() {&#9;&#9;&#10;&#9;&#9;//                (####*****)&#10;&#9;&#9;//      (*********####)&#10;&#9;&#9;//&lt;-----2----1----0----1----2------&gt;&#10;&#9;&#9;assertTrue(&quot;The lower bound of new range intersects with example range, hence value should be true&quot;,&#10;&#9;&#9;&#9;&#9;exampleRange.intersects(0, 2));&#10;&#9;}&#10;&#10;&#9;@Test&#10;&#9;public void rangeUpperBoundIntersectionShouldBeTrue() {&#10;&#9;&#9;//  (*****#########)&#10;&#9;&#9;//       (#########*****)&#10;&#9;&#9;//&lt;-3----2----1----0----1----2------&gt;&#10;&#9;&#9;assertTrue(&quot;The upper bound of new range intersects with example range, hence value should be true&quot;,&#10;&#9;&#9;&#9;&#9;exampleRange.intersects(-3, 0));&#10;&#9;}&#10;&#10;&#9;@Test&#10;&#9;public void rangeIntersectionShouldBeFalse1() {&#10;&#9;&#9;//  &#9;&#9;&#9;&#9;&#9;&#9;&#9;  (*****)&#10;&#9;&#9;//       (**************)&#10;&#9;&#9;//&lt;-3----2----1----0----1----2----3----4&gt;&#10;&#9;&#9;assertFalse(&quot;The ranges do not intersect, hence value should be false&quot;, exampleRange.intersects(3, 4));&#10;&#9;}&#10;&#9;&#10;&#9;@Test&#10;&#9;public void rangeIntersectionShouldBeFalse2() {&#10;&#9;&#9;assertFalse(&quot;The ranges do not intersect, hence value should be false&quot;, exampleRange.intersects(-4, -3));&#10;&#9;}&#10;&#10;&#9;@Test&#10;&#9;public void rangeIntersectionShouldBeTrue1() {&#10;&#9;&#9;assertTrue(&quot;The new range completely falls within example range, hence value should be true&quot;,&#10;&#9;&#9;&#9;&#9;exampleRange.intersects(-1, 0));&#10;&#9;}&#10;&#9;&#10;&#9;@Test&#10;&#9;public void rangeIntersectionShouldBeTrue2() {&#10;&#9;&#9;//  &#9;&#9;&#9;&#9;&#9;&#9;&#9;  (*****)&#10;&#9;&#9;//       (**************)&#10;&#9;&#9;//&lt;-3----2----1----0----1----2----3----4&gt;&#10;&#9;&#9;assertTrue(&quot;The example range completely falls within new range, hence value should be true&quot;, exampleRange.intersects(-3, 4));&#10;&#9;}&#10;&#9;&#10;&#9;@Test&#10;&#9;public void rangeLowerBoundEqualShouldBeTrue() {&#9;&#9;&#10;&#9;&#9;//                (####*****)&#10;&#9;&#9;//      (*********####)&#10;&#9;&#9;//&lt;-----2----1----0----1----2------&gt;&#10;&#9;&#9;assertTrue(&quot;The lower bound of new range is equal to that of example range, hence value should be true&quot;,&#10;&#9;&#9;&#9;&#9;exampleRange.intersects(-2, 0));&#10;&#9;}&#10;&#9;&#10;&#9;@Test&#10;&#9;public void rangeUpperBoundEqualShouldBeTrue() {&#9;&#9;&#10;&#9;&#9;//                (####*****)&#10;&#9;&#9;//      (*********####)&#10;&#9;&#9;//&lt;-----2----1----0----1----2------&gt;&#10;&#9;&#9;assertTrue(&quot;The Upper bound of new range is equal to that of example range, hence value should be true&quot;,&#10;&#9;&#9;&#9;&#9;exampleRange.intersects(0, 1));&#10;&#9;}&#10;&#9;&#10;&#9;@Test&#10;&#9;public void rangeWithLBGreaterThanUB() {&#9;&#9;&#10;&#9;&#9;assertFalse(&quot;The example range's LB is greater than UB, hence value should be false&quot;,&#10;&#9;&#9;&#9;&#9;exampleRange.intersects(0, -1));&#10;&#9;}&#10;&#10;&#9;@After&#10;&#9;public void tearDown() throws Exception {&#10;&#9;}&#10;&#10;&#9;@AfterClass&#10;&#9;public static void tearDownAfterClass() throws Exception {&#10;&#9;}&#10;&#10;}&#10;" Filename="RangeIntersectionTest.java" Intrnl_Id="8"/>
        <SrcFile Content="package org.jfree.data;&#10;&#10;import static org.junit.Assert.*;&#10;&#10;import org.jfree.data.Range;&#10;import org.junit.After;&#10;import org.junit.AfterClass;&#10;import org.junit.Before;&#10;import org.junit.BeforeClass;&#10;import org.junit.Test;&#10;&#10;public class RangeIsNaNTest {&#10;&#10;&#9;private Range nonNanExampleRange;&#10;&#9;private Range NanExampleRange;&#10;&#9;private Range lbNanExampleRange;&#10;&#9;private Range ubNanExampleRange;&#10;&#10;&#9;@BeforeClass&#10;&#9;public static void setUpBeforeClass() throws Exception {&#10;&#9;&#9;System.out.println(&quot;The test of the function 'isNan' of the class Range has been started.&quot;);&#10;&#9;}&#10;&#10;&#9;@Before&#10;&#9;public void setUp() throws Exception {&#10;&#9;&#9;nonNanExampleRange = new Range(-1, 1);&#10;&#9;&#9;NanExampleRange = new Range(Float.NaN, Float.NaN);&#10;&#9;&#9;lbNanExampleRange = new Range(Float.NaN, 1);&#10;&#9;&#9;ubNanExampleRange = new Range(-1, Float.NaN);&#10;&#9;}&#10;&#10;&#9;@Test&#10;&#9;public void noNaNValuesInRange() {&#10;&#9;&#9;assertFalse(&quot;The example range does not have any NaN values, should return false&quot;,&#10;&#9;&#9;&#9;&#9;nonNanExampleRange.isNaNRange());&#10;&#9;}&#10;&#10;&#9;@Test&#10;&#9;public void bothNaNValuesInRange() {&#10;&#9;&#9;assertTrue(&quot;The range has both NaN values in upper and lower bounds, should return true&quot;,&#10;&#9;&#9;&#9;&#9;NanExampleRange.isNaNRange());&#10;&#9;}&#10;&#10;&#9;@Test&#10;&#9;public void lowerBoundNaNValueInRange() {&#10;&#9;&#9;assertFalse(&quot;The range has one NaN value in lower bound, should return false&quot;, lbNanExampleRange.isNaNRange());&#10;&#9;}&#10;&#10;&#9;@Test&#10;&#9;public void upperBoundNaNValueInRange() {&#10;&#9;&#9;assertFalse(&quot;The range has one NaN value in upper bound, should return false&quot;, ubNanExampleRange.isNaNRange());&#10;&#9;}&#10;&#10;&#9;@After&#10;&#9;public void tearDown() throws Exception {&#10;&#9;}&#10;&#10;&#9;@AfterClass&#10;&#9;public static void tearDownAfterClass() throws Exception {&#10;&#9;}&#10;&#10;}&#10;" Filename="RangeIsNaNTest.java" Intrnl_Id="9"/>
        <SrcFile Content="package org.jfree.data;&#10;&#10;import static org.junit.Assert.*;&#10;&#10;import org.jfree.data.Range;&#10;import org.junit.*;&#10;&#10;public class RangeShiftTest {&#10;&#10;&#9;private Range baseRange;&#10;&#10;&#9;@BeforeClass&#10;&#9;public static void setUpBeforeClass() throws Exception {&#10;&#9;&#9;System.out.println(&quot;The test of the function 'shift' of the class Range has been started.&quot;);&#10;&#9;}&#10;&#10;&#9;@Before&#10;&#9;public void setUp() throws Exception {&#10;&#9;&#9;baseRange = new Range(-1, 1);&#10;&#9;}&#10;&#10;&#9;@Test&#10;&#9;public void shiftTowardsPositiveScaleByCrossingZero() {&#10;&#9;&#9;// (-1,+1) --Shift 2 to right --&gt; (+1,+3)&#10;&#9;&#9;assertEquals(&quot;The range's lower and upper bounds should be added by 2 with lower bound crossing zero&quot;,&#10;&#9;&#9;&#9;&#9;new Range(1, 3), Range.shift(baseRange, 2, true));&#10;&#9;}&#10;&#10;&#9;@Test&#10;&#9;public void shiftTowardsNegativeScaleByCrossingZero() {&#10;&#9;&#9;// (-1,+1) --Shift 2 to left --&gt; (-3,-1)&#10;&#9;&#9;assertEquals(&quot;The range's lower and upper bounds should be subtracted by 2 with upper bound crossing zero&quot;,&#10;&#9;&#9;&#9;&#9;new Range(-3, -1), Range.shift(baseRange, -2, true));&#10;&#9;}&#10;&#9;&#10;&#9;@Test&#10;&#9;public void shiftTowardsPositiveScaleWithoutCrossingZero() {&#10;&#9;&#9;// (-1,+1) --Shift 2 to right, Not passing 0 --&gt; (0,+3)&#10;&#9;&#9;assertEquals(&#10;&#9;&#9;&#9;&#9;&quot;The range's lower and upper bounds should be added by 2 without crossing zero, so lower bound's value should be zero&quot;,&#10;&#9;&#9;&#9;&#9;new Range(0, 3), Range.shift(baseRange, 2, false));&#10;&#9;}&#10;&#10;&#9;@Test&#10;&#9;public void shiftTowardsNegativeScaleWithoutCrossingZero() {&#10;&#9;&#9;// (-1,+1) --Shift 2 to left, Not passing 0 --&gt; (-.3,0)&#10;&#9;&#9;assertEquals(&#10;&#9;&#9;&#9;&#9;&quot;The range's lower and upper bounds should be subtracted by 2 without crossing zero, so upper bound's value should be zero&quot;,&#10;&#9;&#9;&#9;&#9;new Range(-3, 0), Range.shift(baseRange, -2, false));&#10;&#9;}&#9;&#10;&#9;&#10;&#9;@Test&#10;&#9;public void shiftValueIsZero() {&#10;&#9;&#9;// (-1,+1) --Shift 2 to left, Not passing 0 --&gt; (-.3,0)&#10;&#9;&#9;assertEquals(&#10;&#9;&#9;&#9;&#9;&quot;Shift value is zero, so same range as result&quot;,&#10;&#9;&#9;&#9;&#9;baseRange, Range.shift(baseRange, 0, false));&#10;&#9;}&#9;&#10;&#9;&#10;&#10;&#9;@After&#10;&#9;public void tearDown() throws Exception {&#10;&#9;}&#10;&#10;&#9;@AfterClass&#10;&#9;public static void tearDownAfterClass() throws Exception {&#10;&#9;}&#10;&#10;}&#10;" Filename="RangeShiftTest.java" Intrnl_Id="10"/>
    </SrcFileList>
    <CritList>
        <CritListEntry Name="org.codecover.model.utils.criteria.ConditionCoverage" PluginName="org.codecover"/>
        <CritListEntry Name="org.codecover.model.utils.criteria.BranchCoverage" PluginName="org.codecover"/>
        <CritListEntry Name="org.codecover.model.utils.criteria.StatementCoverage" PluginName="org.codecover"/>
    </CritList>
    <BoolOpList/>
    <HierarchyLvlTypeList>
        <HierarchyLvlType EnglishName="package" IntrnlName="package" Intrnl_Id="11"/>
        <HierarchyLvlType EnglishName="anonymous class" IntrnlName="class" Intrnl_Id="12"/>
        <HierarchyLvlType EnglishName="method" IntrnlName="method" Intrnl_Id="13"/>
        <HierarchyLvlType EnglishName="class" IntrnlName="class" Intrnl_Id="14"/>
        <HierarchyLvlType EnglishName="default package" IntrnlName="default package" Intrnl_Id="15"/>
    </HierarchyLvlTypeList>
    <MASTRoot>
        <HierarchyLvl HierarchyLvlId="8396" HierarchyLvlTypeId="15" Intrnl_Id="16" Name="default package">
            <Header/>
            <LocList/>
            <HierarchyLvl HierarchyLvlId="8395" HierarchyLvlTypeId="11" Intrnl_Id="17" Name="org">
                <Header/>
                <LocList/>
                <HierarchyLvl HierarchyLvlId="8394" HierarchyLvlTypeId="11" Intrnl_Id="18" Name="jfree">
                    <Header/>
                    <LocList/>
                    <HierarchyLvl HierarchyLvlId="8393" HierarchyLvlTypeId="11" Intrnl_Id="19" Name="data">
                        <Header/>
                        <LocList/>
                        <HierarchyLvl HierarchyLvlId="8266" HierarchyLvlTypeId="14" Intrnl_Id="20" Name="DataUtilitiesCalculateColumnTotalTest">
                            <Header>
                                <Loc EndOffset="898" SrcFileId="1" StartOffset="848"/>
                            </Header>
                            <LocList>
                                <Loc EndOffset="7972" SrcFileId="1" StartOffset="848"/>
                            </LocList>
                            <HierarchyLvl HierarchyLvlId="8242" HierarchyLvlTypeId="13" Intrnl_Id="21" Name="setUpBeforeClass">
                                <Header>
                                    <Loc EndOffset="1025" SrcFileId="1" StartOffset="956"/>
                                </Header>
                                <LocList>
                                    <Loc EndOffset="1150" SrcFileId="1" StartOffset="956"/>
                                </LocList>
                                <StmntSeq Intrnl_Id="22">
                                    <LocList>
                                        <Loc EndOffset="1146" SrcFileId="1" StartOffset="1031"/>
                                    </LocList>
                                    <BasicStmnt CovItemId="S1" CovItemPrefix="org.jfree.data.DataUtilitiesCalculateColumnTotalTest.java" Intrnl_Id="23">
                                        <LocList>
                                            <Loc EndOffset="1146" SrcFileId="1" StartOffset="1031"/>
                                        </LocList>
                                    </BasicStmnt>
                                </StmntSeq>
                            </HierarchyLvl>
                            <HierarchyLvl HierarchyLvlId="8243" HierarchyLvlTypeId="13" Intrnl_Id="24" Name="setUp">
                                <Header>
                                    <Loc EndOffset="1201" SrcFileId="1" StartOffset="1155"/>
                                </Header>
                                <LocList>
                                    <Loc EndOffset="1294" SrcFileId="1" StartOffset="1155"/>
                                </LocList>
                                <StmntSeq Intrnl_Id="25">
                                    <LocList>
                                        <Loc EndOffset="1238" SrcFileId="1" StartOffset="1207"/>
                                        <Loc EndOffset="1290" SrcFileId="1" StartOffset="1243"/>
                                    </LocList>
                                    <BasicStmnt CovItemId="S2" CovItemPrefix="org.jfree.data.DataUtilitiesCalculateColumnTotalTest.java" Intrnl_Id="26">
                                        <LocList>
                                            <Loc EndOffset="1238" SrcFileId="1" StartOffset="1207"/>
                                        </LocList>
                                    </BasicStmnt>
                                    <BasicStmnt CovItemId="S3" CovItemPrefix="org.jfree.data.DataUtilitiesCalculateColumnTotalTest.java" Intrnl_Id="27">
                                        <LocList>
                                            <Loc EndOffset="1290" SrcFileId="1" StartOffset="1243"/>
                                        </LocList>
                                    </BasicStmnt>
                                </StmntSeq>
                            </HierarchyLvl>
                            <HierarchyLvl HierarchyLvlId="8245" HierarchyLvlTypeId="13" Intrnl_Id="28" Name="calculateColumnTotalForTwoPositiveValues">
                                <Header>
                                    <Loc EndOffset="1361" SrcFileId="1" StartOffset="1299"/>
                                </Header>
                                <LocList>
                                    <Loc EndOffset="2060" SrcFileId="1" StartOffset="1299"/>
                                </LocList>
                                <StmntSeq Intrnl_Id="29">
                                    <LocList>
                                        <Loc EndOffset="1391" SrcFileId="1" StartOffset="1367"/>
                                        <Loc EndOffset="1729" SrcFileId="1" StartOffset="1727"/>
                                        <Loc EndOffset="1892" SrcFileId="1" StartOffset="1828"/>
                                        <Loc EndOffset="2014" SrcFileId="1" StartOffset="1910"/>
                                    </LocList>
                                    <BasicStmnt CovItemId="S4" CovItemPrefix="org.jfree.data.DataUtilitiesCalculateColumnTotalTest.java" Intrnl_Id="30">
                                        <LocList>
                                            <Loc EndOffset="1391" SrcFileId="1" StartOffset="1367"/>
                                            <Loc EndOffset="1729" SrcFileId="1" StartOffset="1727"/>
                                        </LocList>
                                    </BasicStmnt>
                                    <BasicStmnt CovItemId="S11" CovItemPrefix="org.jfree.data.DataUtilitiesCalculateColumnTotalTest.java" Intrnl_Id="31">
                                        <LocList>
                                            <Loc EndOffset="1892" SrcFileId="1" StartOffset="1828"/>
                                        </LocList>
                                    </BasicStmnt>
                                    <BasicStmnt CovItemId="S12" CovItemPrefix="org.jfree.data.DataUtilitiesCalculateColumnTotalTest.java" Intrnl_Id="32">
                                        <LocList>
                                            <Loc EndOffset="2014" SrcFileId="1" StartOffset="1910"/>
                                        </LocList>
                                    </BasicStmnt>
                                </StmntSeq>
                                <HierarchyLvl HierarchyLvlId="8244" HierarchyLvlTypeId="12" Intrnl_Id="33" Name="Expectations">
                                    <Header>
                                        <Loc EndOffset="1409" SrcFileId="1" StartOffset="1395"/>
                                    </Header>
                                    <LocList>
                                        <Loc EndOffset="1727" SrcFileId="1" StartOffset="1391"/>
                                    </LocList>
                                    <StmntSeq Intrnl_Id="34">
                                        <LocList>
                                            <Loc EndOffset="1451" SrcFileId="1" StartOffset="1423"/>
                                            <Loc EndOffset="1478" SrcFileId="1" StartOffset="1457"/>
                                            <Loc EndOffset="1513" SrcFileId="1" StartOffset="1484"/>
                                            <Loc EndOffset="1566" SrcFileId="1" StartOffset="1542"/>
                                            <Loc EndOffset="1601" SrcFileId="1" StartOffset="1572"/>
                                            <Loc EndOffset="1654" SrcFileId="1" StartOffset="1630"/>
                                        </LocList>
                                        <BasicStmnt CovItemId="S5" CovItemPrefix="org.jfree.data.DataUtilitiesCalculateColumnTotalTest.java" Intrnl_Id="35">
                                            <LocList>
                                                <Loc EndOffset="1451" SrcFileId="1" StartOffset="1423"/>
                                            </LocList>
                                        </BasicStmnt>
                                        <BasicStmnt CovItemId="S6" CovItemPrefix="org.jfree.data.DataUtilitiesCalculateColumnTotalTest.java" Intrnl_Id="36">
                                            <LocList>
                                                <Loc EndOffset="1478" SrcFileId="1" StartOffset="1457"/>
                                            </LocList>
                                        </BasicStmnt>
                                        <BasicStmnt CovItemId="S7" CovItemPrefix="org.jfree.data.DataUtilitiesCalculateColumnTotalTest.java" Intrnl_Id="37">
                                            <LocList>
                                                <Loc EndOffset="1513" SrcFileId="1" StartOffset="1484"/>
                                            </LocList>
                                        </BasicStmnt>
                                        <BasicStmnt CovItemId="S8" CovItemPrefix="org.jfree.data.DataUtilitiesCalculateColumnTotalTest.java" Intrnl_Id="38">
                                            <LocList>
                                                <Loc EndOffset="1566" SrcFileId="1" StartOffset="1542"/>
                                            </LocList>
                                        </BasicStmnt>
                                        <BasicStmnt CovItemId="S9" CovItemPrefix="org.jfree.data.DataUtilitiesCalculateColumnTotalTest.java" Intrnl_Id="39">
                                            <LocList>
                                                <Loc EndOffset="1601" SrcFileId="1" StartOffset="1572"/>
                                            </LocList>
                                        </BasicStmnt>
                                        <BasicStmnt CovItemId="S10" CovItemPrefix="org.jfree.data.DataUtilitiesCalculateColumnTotalTest.java" Intrnl_Id="40">
                                            <LocList>
                                                <Loc EndOffset="1654" SrcFileId="1" StartOffset="1630"/>
                                            </LocList>
                                        </BasicStmnt>
                                    </StmntSeq>
                                </HierarchyLvl>
                            </HierarchyLvl>
                            <HierarchyLvl HierarchyLvlId="8247" HierarchyLvlTypeId="13" Intrnl_Id="41" Name="calculateColumnTotalForTwoNegativeValues">
                                <Header>
                                    <Loc EndOffset="2129" SrcFileId="1" StartOffset="2067"/>
                                </Header>
                                <LocList>
                                    <Loc EndOffset="2772" SrcFileId="1" StartOffset="2067"/>
                                </LocList>
                                <StmntSeq Intrnl_Id="42">
                                    <LocList>
                                        <Loc EndOffset="2159" SrcFileId="1" StartOffset="2135"/>
                                        <Loc EndOffset="2439" SrcFileId="1" StartOffset="2437"/>
                                        <Loc EndOffset="2602" SrcFileId="1" StartOffset="2538"/>
                                        <Loc EndOffset="2726" SrcFileId="1" StartOffset="2620"/>
                                    </LocList>
                                    <BasicStmnt CovItemId="S13" CovItemPrefix="org.jfree.data.DataUtilitiesCalculateColumnTotalTest.java" Intrnl_Id="43">
                                        <LocList>
                                            <Loc EndOffset="2159" SrcFileId="1" StartOffset="2135"/>
                                            <Loc EndOffset="2439" SrcFileId="1" StartOffset="2437"/>
                                        </LocList>
                                    </BasicStmnt>
                                    <BasicStmnt CovItemId="S20" CovItemPrefix="org.jfree.data.DataUtilitiesCalculateColumnTotalTest.java" Intrnl_Id="44">
                                        <LocList>
                                            <Loc EndOffset="2602" SrcFileId="1" StartOffset="2538"/>
                                        </LocList>
                                    </BasicStmnt>
                                    <BasicStmnt CovItemId="S21" CovItemPrefix="org.jfree.data.DataUtilitiesCalculateColumnTotalTest.java" Intrnl_Id="45">
                                        <LocList>
                                            <Loc EndOffset="2726" SrcFileId="1" StartOffset="2620"/>
                                        </LocList>
                                    </BasicStmnt>
                                </StmntSeq>
                                <HierarchyLvl HierarchyLvlId="8246" HierarchyLvlTypeId="12" Intrnl_Id="46" Name="Expectations">
                                    <Header>
                                        <Loc EndOffset="2177" SrcFileId="1" StartOffset="2163"/>
                                    </Header>
                                    <LocList>
                                        <Loc EndOffset="2437" SrcFileId="1" StartOffset="2159"/>
                                    </LocList>
                                    <StmntSeq Intrnl_Id="47">
                                        <LocList>
                                            <Loc EndOffset="2219" SrcFileId="1" StartOffset="2191"/>
                                            <Loc EndOffset="2246" SrcFileId="1" StartOffset="2225"/>
                                            <Loc EndOffset="2281" SrcFileId="1" StartOffset="2252"/>
                                            <Loc EndOffset="2334" SrcFileId="1" StartOffset="2310"/>
                                            <Loc EndOffset="2369" SrcFileId="1" StartOffset="2340"/>
                                            <Loc EndOffset="2422" SrcFileId="1" StartOffset="2398"/>
                                        </LocList>
                                        <BasicStmnt CovItemId="S14" CovItemPrefix="org.jfree.data.DataUtilitiesCalculateColumnTotalTest.java" Intrnl_Id="48">
                                            <LocList>
                                                <Loc EndOffset="2219" SrcFileId="1" StartOffset="2191"/>
                                            </LocList>
                                        </BasicStmnt>
                                        <BasicStmnt CovItemId="S15" CovItemPrefix="org.jfree.data.DataUtilitiesCalculateColumnTotalTest.java" Intrnl_Id="49">
                                            <LocList>
                                                <Loc EndOffset="2246" SrcFileId="1" StartOffset="2225"/>
                                            </LocList>
                                        </BasicStmnt>
                                        <BasicStmnt CovItemId="S16" CovItemPrefix="org.jfree.data.DataUtilitiesCalculateColumnTotalTest.java" Intrnl_Id="50">
                                            <LocList>
                                                <Loc EndOffset="2281" SrcFileId="1" StartOffset="2252"/>
                                            </LocList>
                                        </BasicStmnt>
                                        <BasicStmnt CovItemId="S17" CovItemPrefix="org.jfree.data.DataUtilitiesCalculateColumnTotalTest.java" Intrnl_Id="51">
                                            <LocList>
                                                <Loc EndOffset="2334" SrcFileId="1" StartOffset="2310"/>
                                            </LocList>
                                        </BasicStmnt>
                                        <BasicStmnt CovItemId="S18" CovItemPrefix="org.jfree.data.DataUtilitiesCalculateColumnTotalTest.java" Intrnl_Id="52">
                                            <LocList>
                                                <Loc EndOffset="2369" SrcFileId="1" StartOffset="2340"/>
                                            </LocList>
                                        </BasicStmnt>
                                        <BasicStmnt CovItemId="S19" CovItemPrefix="org.jfree.data.DataUtilitiesCalculateColumnTotalTest.java" Intrnl_Id="53">
                                            <LocList>
                                                <Loc EndOffset="2422" SrcFileId="1" StartOffset="2398"/>
                                            </LocList>
                                        </BasicStmnt>
                                    </StmntSeq>
                                </HierarchyLvl>
                            </HierarchyLvl>
                            <HierarchyLvl HierarchyLvlId="8249" HierarchyLvlTypeId="13" Intrnl_Id="54" Name="calculateColumnTotalForTwoNegativePositiveValues">
                                <Header>
                                    <Loc EndOffset="2849" SrcFileId="1" StartOffset="2779"/>
                                </Header>
                                <LocList>
                                    <Loc EndOffset="3501" SrcFileId="1" StartOffset="2779"/>
                                </LocList>
                                <StmntSeq Intrnl_Id="55">
                                    <LocList>
                                        <Loc EndOffset="2879" SrcFileId="1" StartOffset="2855"/>
                                        <Loc EndOffset="3158" SrcFileId="1" StartOffset="3156"/>
                                        <Loc EndOffset="3321" SrcFileId="1" StartOffset="3257"/>
                                        <Loc EndOffset="3455" SrcFileId="1" StartOffset="3339"/>
                                    </LocList>
                                    <BasicStmnt CovItemId="S22" CovItemPrefix="org.jfree.data.DataUtilitiesCalculateColumnTotalTest.java" Intrnl_Id="56">
                                        <LocList>
                                            <Loc EndOffset="2879" SrcFileId="1" StartOffset="2855"/>
                                            <Loc EndOffset="3158" SrcFileId="1" StartOffset="3156"/>
                                        </LocList>
                                    </BasicStmnt>
                                    <BasicStmnt CovItemId="S29" CovItemPrefix="org.jfree.data.DataUtilitiesCalculateColumnTotalTest.java" Intrnl_Id="57">
                                        <LocList>
                                            <Loc EndOffset="3321" SrcFileId="1" StartOffset="3257"/>
                                        </LocList>
                                    </BasicStmnt>
                                    <BasicStmnt CovItemId="S30" CovItemPrefix="org.jfree.data.DataUtilitiesCalculateColumnTotalTest.java" Intrnl_Id="58">
                                        <LocList>
                                            <Loc EndOffset="3455" SrcFileId="1" StartOffset="3339"/>
                                        </LocList>
                                    </BasicStmnt>
                                </StmntSeq>
                                <HierarchyLvl HierarchyLvlId="8248" HierarchyLvlTypeId="12" Intrnl_Id="59" Name="Expectations">
                                    <Header>
                                        <Loc EndOffset="2897" SrcFileId="1" StartOffset="2883"/>
                                    </Header>
                                    <LocList>
                                        <Loc EndOffset="3156" SrcFileId="1" StartOffset="2879"/>
                                    </LocList>
                                    <StmntSeq Intrnl_Id="60">
                                        <LocList>
                                            <Loc EndOffset="2939" SrcFileId="1" StartOffset="2911"/>
                                            <Loc EndOffset="2966" SrcFileId="1" StartOffset="2945"/>
                                            <Loc EndOffset="3001" SrcFileId="1" StartOffset="2972"/>
                                            <Loc EndOffset="3054" SrcFileId="1" StartOffset="3030"/>
                                            <Loc EndOffset="3089" SrcFileId="1" StartOffset="3060"/>
                                            <Loc EndOffset="3141" SrcFileId="1" StartOffset="3118"/>
                                        </LocList>
                                        <BasicStmnt CovItemId="S23" CovItemPrefix="org.jfree.data.DataUtilitiesCalculateColumnTotalTest.java" Intrnl_Id="61">
                                            <LocList>
                                                <Loc EndOffset="2939" SrcFileId="1" StartOffset="2911"/>
                                            </LocList>
                                        </BasicStmnt>
                                        <BasicStmnt CovItemId="S24" CovItemPrefix="org.jfree.data.DataUtilitiesCalculateColumnTotalTest.java" Intrnl_Id="62">
                                            <LocList>
                                                <Loc EndOffset="2966" SrcFileId="1" StartOffset="2945"/>
                                            </LocList>
                                        </BasicStmnt>
                                        <BasicStmnt CovItemId="S25" CovItemPrefix="org.jfree.data.DataUtilitiesCalculateColumnTotalTest.java" Intrnl_Id="63">
                                            <LocList>
                                                <Loc EndOffset="3001" SrcFileId="1" StartOffset="2972"/>
                                            </LocList>
                                        </BasicStmnt>
                                        <BasicStmnt CovItemId="S26" CovItemPrefix="org.jfree.data.DataUtilitiesCalculateColumnTotalTest.java" Intrnl_Id="64">
                                            <LocList>
                                                <Loc EndOffset="3054" SrcFileId="1" StartOffset="3030"/>
                                            </LocList>
                                        </BasicStmnt>
                                        <BasicStmnt CovItemId="S27" CovItemPrefix="org.jfree.data.DataUtilitiesCalculateColumnTotalTest.java" Intrnl_Id="65">
                                            <LocList>
                                                <Loc EndOffset="3089" SrcFileId="1" StartOffset="3060"/>
                                            </LocList>
                                        </BasicStmnt>
                                        <BasicStmnt CovItemId="S28" CovItemPrefix="org.jfree.data.DataUtilitiesCalculateColumnTotalTest.java" Intrnl_Id="66">
                                            <LocList>
                                                <Loc EndOffset="3141" SrcFileId="1" StartOffset="3118"/>
                                            </LocList>
                                        </BasicStmnt>
                                    </StmntSeq>
                                </HierarchyLvl>
                            </HierarchyLvl>
                            <HierarchyLvl HierarchyLvlId="8251" HierarchyLvlTypeId="13" Intrnl_Id="67" Name="calculateColumnTotalForTwoPositiveNegativeValues">
                                <Header>
                                    <Loc EndOffset="3578" SrcFileId="1" StartOffset="3508"/>
                                </Header>
                                <LocList>
                                    <Loc EndOffset="4229" SrcFileId="1" StartOffset="3508"/>
                                </LocList>
                                <StmntSeq Intrnl_Id="68">
                                    <LocList>
                                        <Loc EndOffset="3608" SrcFileId="1" StartOffset="3584"/>
                                        <Loc EndOffset="3887" SrcFileId="1" StartOffset="3885"/>
                                        <Loc EndOffset="4050" SrcFileId="1" StartOffset="3986"/>
                                        <Loc EndOffset="4183" SrcFileId="1" StartOffset="4068"/>
                                    </LocList>
                                    <BasicStmnt CovItemId="S31" CovItemPrefix="org.jfree.data.DataUtilitiesCalculateColumnTotalTest.java" Intrnl_Id="69">
                                        <LocList>
                                            <Loc EndOffset="3608" SrcFileId="1" StartOffset="3584"/>
                                            <Loc EndOffset="3887" SrcFileId="1" StartOffset="3885"/>
                                        </LocList>
                                    </BasicStmnt>
                                    <BasicStmnt CovItemId="S38" CovItemPrefix="org.jfree.data.DataUtilitiesCalculateColumnTotalTest.java" Intrnl_Id="70">
                                        <LocList>
                                            <Loc EndOffset="4050" SrcFileId="1" StartOffset="3986"/>
                                        </LocList>
                                    </BasicStmnt>
                                    <BasicStmnt CovItemId="S39" CovItemPrefix="org.jfree.data.DataUtilitiesCalculateColumnTotalTest.java" Intrnl_Id="71">
                                        <LocList>
                                            <Loc EndOffset="4183" SrcFileId="1" StartOffset="4068"/>
                                        </LocList>
                                    </BasicStmnt>
                                </StmntSeq>
                                <HierarchyLvl HierarchyLvlId="8250" HierarchyLvlTypeId="12" Intrnl_Id="72" Name="Expectations">
                                    <Header>
                                        <Loc EndOffset="3626" SrcFileId="1" StartOffset="3612"/>
                                    </Header>
                                    <LocList>
                                        <Loc EndOffset="3885" SrcFileId="1" StartOffset="3608"/>
                                    </LocList>
                                    <StmntSeq Intrnl_Id="73">
                                        <LocList>
                                            <Loc EndOffset="3668" SrcFileId="1" StartOffset="3640"/>
                                            <Loc EndOffset="3695" SrcFileId="1" StartOffset="3674"/>
                                            <Loc EndOffset="3730" SrcFileId="1" StartOffset="3701"/>
                                            <Loc EndOffset="3782" SrcFileId="1" StartOffset="3759"/>
                                            <Loc EndOffset="3817" SrcFileId="1" StartOffset="3788"/>
                                            <Loc EndOffset="3870" SrcFileId="1" StartOffset="3846"/>
                                        </LocList>
                                        <BasicStmnt CovItemId="S32" CovItemPrefix="org.jfree.data.DataUtilitiesCalculateColumnTotalTest.java" Intrnl_Id="74">
                                            <LocList>
                                                <Loc EndOffset="3668" SrcFileId="1" StartOffset="3640"/>
                                            </LocList>
                                        </BasicStmnt>
                                        <BasicStmnt CovItemId="S33" CovItemPrefix="org.jfree.data.DataUtilitiesCalculateColumnTotalTest.java" Intrnl_Id="75">
                                            <LocList>
                                                <Loc EndOffset="3695" SrcFileId="1" StartOffset="3674"/>
                                            </LocList>
                                        </BasicStmnt>
                                        <BasicStmnt CovItemId="S34" CovItemPrefix="org.jfree.data.DataUtilitiesCalculateColumnTotalTest.java" Intrnl_Id="76">
                                            <LocList>
                                                <Loc EndOffset="3730" SrcFileId="1" StartOffset="3701"/>
                                            </LocList>
                                        </BasicStmnt>
                                        <BasicStmnt CovItemId="S35" CovItemPrefix="org.jfree.data.DataUtilitiesCalculateColumnTotalTest.java" Intrnl_Id="77">
                                            <LocList>
                                                <Loc EndOffset="3782" SrcFileId="1" StartOffset="3759"/>
                                            </LocList>
                                        </BasicStmnt>
                                        <BasicStmnt CovItemId="S36" CovItemPrefix="org.jfree.data.DataUtilitiesCalculateColumnTotalTest.java" Intrnl_Id="78">
                                            <LocList>
                                                <Loc EndOffset="3817" SrcFileId="1" StartOffset="3788"/>
                                            </LocList>
                                        </BasicStmnt>
                                        <BasicStmnt CovItemId="S37" CovItemPrefix="org.jfree.data.DataUtilitiesCalculateColumnTotalTest.java" Intrnl_Id="79">
                                            <LocList>
                                                <Loc EndOffset="3870" SrcFileId="1" StartOffset="3846"/>
                                            </LocList>
                                        </BasicStmnt>
                                    </StmntSeq>
                                </HierarchyLvl>
                            </HierarchyLvl>
                            <HierarchyLvl HierarchyLvlId="8253" HierarchyLvlTypeId="13" Intrnl_Id="80" Name="calculateColumnTotalForTwoOppositePolaritySameMagnitudeValues">
                                <Header>
                                    <Loc EndOffset="4319" SrcFileId="1" StartOffset="4236"/>
                                </Header>
                                <LocList>
                                    <Loc EndOffset="4981" SrcFileId="1" StartOffset="4236"/>
                                </LocList>
                                <StmntSeq Intrnl_Id="81">
                                    <LocList>
                                        <Loc EndOffset="4349" SrcFileId="1" StartOffset="4325"/>
                                        <Loc EndOffset="4628" SrcFileId="1" StartOffset="4626"/>
                                        <Loc EndOffset="4791" SrcFileId="1" StartOffset="4727"/>
                                        <Loc EndOffset="4935" SrcFileId="1" StartOffset="4809"/>
                                    </LocList>
                                    <BasicStmnt CovItemId="S40" CovItemPrefix="org.jfree.data.DataUtilitiesCalculateColumnTotalTest.java" Intrnl_Id="82">
                                        <LocList>
                                            <Loc EndOffset="4349" SrcFileId="1" StartOffset="4325"/>
                                            <Loc EndOffset="4628" SrcFileId="1" StartOffset="4626"/>
                                        </LocList>
                                    </BasicStmnt>
                                    <BasicStmnt CovItemId="S47" CovItemPrefix="org.jfree.data.DataUtilitiesCalculateColumnTotalTest.java" Intrnl_Id="83">
                                        <LocList>
                                            <Loc EndOffset="4791" SrcFileId="1" StartOffset="4727"/>
                                        </LocList>
                                    </BasicStmnt>
                                    <BasicStmnt CovItemId="S48" CovItemPrefix="org.jfree.data.DataUtilitiesCalculateColumnTotalTest.java" Intrnl_Id="84">
                                        <LocList>
                                            <Loc EndOffset="4935" SrcFileId="1" StartOffset="4809"/>
                                        </LocList>
                                    </BasicStmnt>
                                </StmntSeq>
                                <HierarchyLvl HierarchyLvlId="8252" HierarchyLvlTypeId="12" Intrnl_Id="85" Name="Expectations">
                                    <Header>
                                        <Loc EndOffset="4367" SrcFileId="1" StartOffset="4353"/>
                                    </Header>
                                    <LocList>
                                        <Loc EndOffset="4626" SrcFileId="1" StartOffset="4349"/>
                                    </LocList>
                                    <StmntSeq Intrnl_Id="86">
                                        <LocList>
                                            <Loc EndOffset="4409" SrcFileId="1" StartOffset="4381"/>
                                            <Loc EndOffset="4436" SrcFileId="1" StartOffset="4415"/>
                                            <Loc EndOffset="4471" SrcFileId="1" StartOffset="4442"/>
                                            <Loc EndOffset="4523" SrcFileId="1" StartOffset="4500"/>
                                            <Loc EndOffset="4558" SrcFileId="1" StartOffset="4529"/>
                                            <Loc EndOffset="4611" SrcFileId="1" StartOffset="4587"/>
                                        </LocList>
                                        <BasicStmnt CovItemId="S41" CovItemPrefix="org.jfree.data.DataUtilitiesCalculateColumnTotalTest.java" Intrnl_Id="87">
                                            <LocList>
                                                <Loc EndOffset="4409" SrcFileId="1" StartOffset="4381"/>
                                            </LocList>
                                        </BasicStmnt>
                                        <BasicStmnt CovItemId="S42" CovItemPrefix="org.jfree.data.DataUtilitiesCalculateColumnTotalTest.java" Intrnl_Id="88">
                                            <LocList>
                                                <Loc EndOffset="4436" SrcFileId="1" StartOffset="4415"/>
                                            </LocList>
                                        </BasicStmnt>
                                        <BasicStmnt CovItemId="S43" CovItemPrefix="org.jfree.data.DataUtilitiesCalculateColumnTotalTest.java" Intrnl_Id="89">
                                            <LocList>
                                                <Loc EndOffset="4471" SrcFileId="1" StartOffset="4442"/>
                                            </LocList>
                                        </BasicStmnt>
                                        <BasicStmnt CovItemId="S44" CovItemPrefix="org.jfree.data.DataUtilitiesCalculateColumnTotalTest.java" Intrnl_Id="90">
                                            <LocList>
                                                <Loc EndOffset="4523" SrcFileId="1" StartOffset="4500"/>
                                            </LocList>
                                        </BasicStmnt>
                                        <BasicStmnt CovItemId="S45" CovItemPrefix="org.jfree.data.DataUtilitiesCalculateColumnTotalTest.java" Intrnl_Id="91">
                                            <LocList>
                                                <Loc EndOffset="4558" SrcFileId="1" StartOffset="4529"/>
                                            </LocList>
                                        </BasicStmnt>
                                        <BasicStmnt CovItemId="S46" CovItemPrefix="org.jfree.data.DataUtilitiesCalculateColumnTotalTest.java" Intrnl_Id="92">
                                            <LocList>
                                                <Loc EndOffset="4611" SrcFileId="1" StartOffset="4587"/>
                                            </LocList>
                                        </BasicStmnt>
                                    </StmntSeq>
                                </HierarchyLvl>
                            </HierarchyLvl>
                            <HierarchyLvl HierarchyLvlId="8255" HierarchyLvlTypeId="13" Intrnl_Id="93" Name="calculateColumnTotalForTwoZeroValues">
                                <Header>
                                    <Loc EndOffset="5045" SrcFileId="1" StartOffset="4987"/>
                                </Header>
                                <LocList>
                                    <Loc EndOffset="5619" SrcFileId="1" StartOffset="4987"/>
                                </LocList>
                                <StmntSeq Intrnl_Id="94">
                                    <LocList>
                                        <Loc EndOffset="5075" SrcFileId="1" StartOffset="5051"/>
                                        <Loc EndOffset="5353" SrcFileId="1" StartOffset="5351"/>
                                        <Loc EndOffset="5516" SrcFileId="1" StartOffset="5452"/>
                                        <Loc EndOffset="5573" SrcFileId="1" StartOffset="5534"/>
                                    </LocList>
                                    <BasicStmnt CovItemId="S49" CovItemPrefix="org.jfree.data.DataUtilitiesCalculateColumnTotalTest.java" Intrnl_Id="95">
                                        <LocList>
                                            <Loc EndOffset="5075" SrcFileId="1" StartOffset="5051"/>
                                            <Loc EndOffset="5353" SrcFileId="1" StartOffset="5351"/>
                                        </LocList>
                                    </BasicStmnt>
                                    <BasicStmnt CovItemId="S56" CovItemPrefix="org.jfree.data.DataUtilitiesCalculateColumnTotalTest.java" Intrnl_Id="96">
                                        <LocList>
                                            <Loc EndOffset="5516" SrcFileId="1" StartOffset="5452"/>
                                        </LocList>
                                    </BasicStmnt>
                                    <BasicStmnt CovItemId="S57" CovItemPrefix="org.jfree.data.DataUtilitiesCalculateColumnTotalTest.java" Intrnl_Id="97">
                                        <LocList>
                                            <Loc EndOffset="5573" SrcFileId="1" StartOffset="5534"/>
                                        </LocList>
                                    </BasicStmnt>
                                </StmntSeq>
                                <HierarchyLvl HierarchyLvlId="8254" HierarchyLvlTypeId="12" Intrnl_Id="98" Name="Expectations">
                                    <Header>
                                        <Loc EndOffset="5093" SrcFileId="1" StartOffset="5079"/>
                                    </Header>
                                    <LocList>
                                        <Loc EndOffset="5351" SrcFileId="1" StartOffset="5075"/>
                                    </LocList>
                                    <StmntSeq Intrnl_Id="99">
                                        <LocList>
                                            <Loc EndOffset="5135" SrcFileId="1" StartOffset="5107"/>
                                            <Loc EndOffset="5162" SrcFileId="1" StartOffset="5141"/>
                                            <Loc EndOffset="5197" SrcFileId="1" StartOffset="5168"/>
                                            <Loc EndOffset="5249" SrcFileId="1" StartOffset="5226"/>
                                            <Loc EndOffset="5284" SrcFileId="1" StartOffset="5255"/>
                                            <Loc EndOffset="5336" SrcFileId="1" StartOffset="5313"/>
                                        </LocList>
                                        <BasicStmnt CovItemId="S50" CovItemPrefix="org.jfree.data.DataUtilitiesCalculateColumnTotalTest.java" Intrnl_Id="100">
                                            <LocList>
                                                <Loc EndOffset="5135" SrcFileId="1" StartOffset="5107"/>
                                            </LocList>
                                        </BasicStmnt>
                                        <BasicStmnt CovItemId="S51" CovItemPrefix="org.jfree.data.DataUtilitiesCalculateColumnTotalTest.java" Intrnl_Id="101">
                                            <LocList>
                                                <Loc EndOffset="5162" SrcFileId="1" StartOffset="5141"/>
                                            </LocList>
                                        </BasicStmnt>
                                        <BasicStmnt CovItemId="S52" CovItemPrefix="org.jfree.data.DataUtilitiesCalculateColumnTotalTest.java" Intrnl_Id="102">
                                            <LocList>
                                                <Loc EndOffset="5197" SrcFileId="1" StartOffset="5168"/>
                                            </LocList>
                                        </BasicStmnt>
                                        <BasicStmnt CovItemId="S53" CovItemPrefix="org.jfree.data.DataUtilitiesCalculateColumnTotalTest.java" Intrnl_Id="103">
                                            <LocList>
                                                <Loc EndOffset="5249" SrcFileId="1" StartOffset="5226"/>
                                            </LocList>
                                        </BasicStmnt>
                                        <BasicStmnt CovItemId="S54" CovItemPrefix="org.jfree.data.DataUtilitiesCalculateColumnTotalTest.java" Intrnl_Id="104">
                                            <LocList>
                                                <Loc EndOffset="5284" SrcFileId="1" StartOffset="5255"/>
                                            </LocList>
                                        </BasicStmnt>
                                        <BasicStmnt CovItemId="S55" CovItemPrefix="org.jfree.data.DataUtilitiesCalculateColumnTotalTest.java" Intrnl_Id="105">
                                            <LocList>
                                                <Loc EndOffset="5336" SrcFileId="1" StartOffset="5313"/>
                                            </LocList>
                                        </BasicStmnt>
                                    </StmntSeq>
                                </HierarchyLvl>
                            </HierarchyLvl>
                            <HierarchyLvl HierarchyLvlId="8257" HierarchyLvlTypeId="13" Intrnl_Id="106" Name="calculateColumnTotalForSingleValue">
                                <Header>
                                    <Loc EndOffset="5681" SrcFileId="1" StartOffset="5625"/>
                                </Header>
                                <LocList>
                                    <Loc EndOffset="6177" SrcFileId="1" StartOffset="5625"/>
                                </LocList>
                                <StmntSeq Intrnl_Id="107">
                                    <LocList>
                                        <Loc EndOffset="5711" SrcFileId="1" StartOffset="5687"/>
                                        <Loc EndOffset="5906" SrcFileId="1" StartOffset="5904"/>
                                        <Loc EndOffset="6069" SrcFileId="1" StartOffset="6005"/>
                                        <Loc EndOffset="6131" SrcFileId="1" StartOffset="6087"/>
                                    </LocList>
                                    <BasicStmnt CovItemId="S58" CovItemPrefix="org.jfree.data.DataUtilitiesCalculateColumnTotalTest.java" Intrnl_Id="108">
                                        <LocList>
                                            <Loc EndOffset="5711" SrcFileId="1" StartOffset="5687"/>
                                            <Loc EndOffset="5906" SrcFileId="1" StartOffset="5904"/>
                                        </LocList>
                                    </BasicStmnt>
                                    <BasicStmnt CovItemId="S63" CovItemPrefix="org.jfree.data.DataUtilitiesCalculateColumnTotalTest.java" Intrnl_Id="109">
                                        <LocList>
                                            <Loc EndOffset="6069" SrcFileId="1" StartOffset="6005"/>
                                        </LocList>
                                    </BasicStmnt>
                                    <BasicStmnt CovItemId="S64" CovItemPrefix="org.jfree.data.DataUtilitiesCalculateColumnTotalTest.java" Intrnl_Id="110">
                                        <LocList>
                                            <Loc EndOffset="6131" SrcFileId="1" StartOffset="6087"/>
                                        </LocList>
                                    </BasicStmnt>
                                </StmntSeq>
                                <HierarchyLvl HierarchyLvlId="8256" HierarchyLvlTypeId="12" Intrnl_Id="111" Name="Expectations">
                                    <Header>
                                        <Loc EndOffset="5729" SrcFileId="1" StartOffset="5715"/>
                                    </Header>
                                    <LocList>
                                        <Loc EndOffset="5904" SrcFileId="1" StartOffset="5711"/>
                                    </LocList>
                                    <StmntSeq Intrnl_Id="112">
                                        <LocList>
                                            <Loc EndOffset="5771" SrcFileId="1" StartOffset="5743"/>
                                            <Loc EndOffset="5798" SrcFileId="1" StartOffset="5777"/>
                                            <Loc EndOffset="5833" SrcFileId="1" StartOffset="5804"/>
                                            <Loc EndOffset="5890" SrcFileId="1" StartOffset="5862"/>
                                        </LocList>
                                        <BasicStmnt CovItemId="S59" CovItemPrefix="org.jfree.data.DataUtilitiesCalculateColumnTotalTest.java" Intrnl_Id="113">
                                            <LocList>
                                                <Loc EndOffset="5771" SrcFileId="1" StartOffset="5743"/>
                                            </LocList>
                                        </BasicStmnt>
                                        <BasicStmnt CovItemId="S60" CovItemPrefix="org.jfree.data.DataUtilitiesCalculateColumnTotalTest.java" Intrnl_Id="114">
                                            <LocList>
                                                <Loc EndOffset="5798" SrcFileId="1" StartOffset="5777"/>
                                            </LocList>
                                        </BasicStmnt>
                                        <BasicStmnt CovItemId="S61" CovItemPrefix="org.jfree.data.DataUtilitiesCalculateColumnTotalTest.java" Intrnl_Id="115">
                                            <LocList>
                                                <Loc EndOffset="5833" SrcFileId="1" StartOffset="5804"/>
                                            </LocList>
                                        </BasicStmnt>
                                        <BasicStmnt CovItemId="S62" CovItemPrefix="org.jfree.data.DataUtilitiesCalculateColumnTotalTest.java" Intrnl_Id="116">
                                            <LocList>
                                                <Loc EndOffset="5890" SrcFileId="1" StartOffset="5862"/>
                                            </LocList>
                                        </BasicStmnt>
                                    </StmntSeq>
                                </HierarchyLvl>
                            </HierarchyLvl>
                            <HierarchyLvl HierarchyLvlId="8259" HierarchyLvlTypeId="13" Intrnl_Id="117" Name="calculateColumnTotalForNullValue">
                                <Header>
                                    <Loc EndOffset="6237" SrcFileId="1" StartOffset="6183"/>
                                </Header>
                                <LocList>
                                    <Loc EndOffset="6725" SrcFileId="1" StartOffset="6183"/>
                                </LocList>
                                <StmntSeq Intrnl_Id="118">
                                    <LocList>
                                        <Loc EndOffset="6267" SrcFileId="1" StartOffset="6243"/>
                                        <Loc EndOffset="6458" SrcFileId="1" StartOffset="6456"/>
                                        <Loc EndOffset="6621" SrcFileId="1" StartOffset="6557"/>
                                        <Loc EndOffset="6679" SrcFileId="1" StartOffset="6639"/>
                                    </LocList>
                                    <BasicStmnt CovItemId="S65" CovItemPrefix="org.jfree.data.DataUtilitiesCalculateColumnTotalTest.java" Intrnl_Id="119">
                                        <LocList>
                                            <Loc EndOffset="6267" SrcFileId="1" StartOffset="6243"/>
                                            <Loc EndOffset="6458" SrcFileId="1" StartOffset="6456"/>
                                        </LocList>
                                    </BasicStmnt>
                                    <BasicStmnt CovItemId="S70" CovItemPrefix="org.jfree.data.DataUtilitiesCalculateColumnTotalTest.java" Intrnl_Id="120">
                                        <LocList>
                                            <Loc EndOffset="6621" SrcFileId="1" StartOffset="6557"/>
                                        </LocList>
                                    </BasicStmnt>
                                    <BasicStmnt CovItemId="S71" CovItemPrefix="org.jfree.data.DataUtilitiesCalculateColumnTotalTest.java" Intrnl_Id="121">
                                        <LocList>
                                            <Loc EndOffset="6679" SrcFileId="1" StartOffset="6639"/>
                                        </LocList>
                                    </BasicStmnt>
                                </StmntSeq>
                                <HierarchyLvl HierarchyLvlId="8258" HierarchyLvlTypeId="12" Intrnl_Id="122" Name="Expectations">
                                    <Header>
                                        <Loc EndOffset="6285" SrcFileId="1" StartOffset="6271"/>
                                    </Header>
                                    <LocList>
                                        <Loc EndOffset="6456" SrcFileId="1" StartOffset="6267"/>
                                    </LocList>
                                    <StmntSeq Intrnl_Id="123">
                                        <LocList>
                                            <Loc EndOffset="6327" SrcFileId="1" StartOffset="6299"/>
                                            <Loc EndOffset="6354" SrcFileId="1" StartOffset="6333"/>
                                            <Loc EndOffset="6389" SrcFileId="1" StartOffset="6360"/>
                                            <Loc EndOffset="6442" SrcFileId="1" StartOffset="6418"/>
                                        </LocList>
                                        <BasicStmnt CovItemId="S66" CovItemPrefix="org.jfree.data.DataUtilitiesCalculateColumnTotalTest.java" Intrnl_Id="124">
                                            <LocList>
                                                <Loc EndOffset="6327" SrcFileId="1" StartOffset="6299"/>
                                            </LocList>
                                        </BasicStmnt>
                                        <BasicStmnt CovItemId="S67" CovItemPrefix="org.jfree.data.DataUtilitiesCalculateColumnTotalTest.java" Intrnl_Id="125">
                                            <LocList>
                                                <Loc EndOffset="6354" SrcFileId="1" StartOffset="6333"/>
                                            </LocList>
                                        </BasicStmnt>
                                        <BasicStmnt CovItemId="S68" CovItemPrefix="org.jfree.data.DataUtilitiesCalculateColumnTotalTest.java" Intrnl_Id="126">
                                            <LocList>
                                                <Loc EndOffset="6389" SrcFileId="1" StartOffset="6360"/>
                                            </LocList>
                                        </BasicStmnt>
                                        <BasicStmnt CovItemId="S69" CovItemPrefix="org.jfree.data.DataUtilitiesCalculateColumnTotalTest.java" Intrnl_Id="127">
                                            <LocList>
                                                <Loc EndOffset="6442" SrcFileId="1" StartOffset="6418"/>
                                            </LocList>
                                        </BasicStmnt>
                                    </StmntSeq>
                                </HierarchyLvl>
                            </HierarchyLvl>
                            <HierarchyLvl HierarchyLvlId="8261" HierarchyLvlTypeId="13" Intrnl_Id="128" Name="calculateColumnTotalForEmptyValues">
                                <Header>
                                    <Loc EndOffset="6788" SrcFileId="1" StartOffset="6732"/>
                                </Header>
                                <LocList>
                                    <Loc EndOffset="7182" SrcFileId="1" StartOffset="6732"/>
                                </LocList>
                                <StmntSeq Intrnl_Id="129">
                                    <LocList>
                                        <Loc EndOffset="6818" SrcFileId="1" StartOffset="6794"/>
                                        <Loc EndOffset="6918" SrcFileId="1" StartOffset="6916"/>
                                        <Loc EndOffset="7081" SrcFileId="1" StartOffset="7017"/>
                                        <Loc EndOffset="7136" SrcFileId="1" StartOffset="7099"/>
                                    </LocList>
                                    <BasicStmnt CovItemId="S72" CovItemPrefix="org.jfree.data.DataUtilitiesCalculateColumnTotalTest.java" Intrnl_Id="130">
                                        <LocList>
                                            <Loc EndOffset="6818" SrcFileId="1" StartOffset="6794"/>
                                            <Loc EndOffset="6918" SrcFileId="1" StartOffset="6916"/>
                                        </LocList>
                                    </BasicStmnt>
                                    <BasicStmnt CovItemId="S75" CovItemPrefix="org.jfree.data.DataUtilitiesCalculateColumnTotalTest.java" Intrnl_Id="131">
                                        <LocList>
                                            <Loc EndOffset="7081" SrcFileId="1" StartOffset="7017"/>
                                        </LocList>
                                    </BasicStmnt>
                                    <BasicStmnt CovItemId="S76" CovItemPrefix="org.jfree.data.DataUtilitiesCalculateColumnTotalTest.java" Intrnl_Id="132">
                                        <LocList>
                                            <Loc EndOffset="7136" SrcFileId="1" StartOffset="7099"/>
                                        </LocList>
                                    </BasicStmnt>
                                </StmntSeq>
                                <HierarchyLvl HierarchyLvlId="8260" HierarchyLvlTypeId="12" Intrnl_Id="133" Name="Expectations">
                                    <Header>
                                        <Loc EndOffset="6836" SrcFileId="1" StartOffset="6822"/>
                                    </Header>
                                    <LocList>
                                        <Loc EndOffset="6916" SrcFileId="1" StartOffset="6818"/>
                                    </LocList>
                                    <StmntSeq Intrnl_Id="134">
                                        <LocList>
                                            <Loc EndOffset="6878" SrcFileId="1" StartOffset="6850"/>
                                            <Loc EndOffset="6905" SrcFileId="1" StartOffset="6884"/>
                                        </LocList>
                                        <BasicStmnt CovItemId="S73" CovItemPrefix="org.jfree.data.DataUtilitiesCalculateColumnTotalTest.java" Intrnl_Id="135">
                                            <LocList>
                                                <Loc EndOffset="6878" SrcFileId="1" StartOffset="6850"/>
                                            </LocList>
                                        </BasicStmnt>
                                        <BasicStmnt CovItemId="S74" CovItemPrefix="org.jfree.data.DataUtilitiesCalculateColumnTotalTest.java" Intrnl_Id="136">
                                            <LocList>
                                                <Loc EndOffset="6905" SrcFileId="1" StartOffset="6884"/>
                                            </LocList>
                                        </BasicStmnt>
                                    </StmntSeq>
                                </HierarchyLvl>
                            </HierarchyLvl>
                            <HierarchyLvl HierarchyLvlId="8263" HierarchyLvlTypeId="13" Intrnl_Id="137" Name="calculateColumnTotalForPrecision">
                                <Header>
                                    <Loc EndOffset="7242" SrcFileId="1" StartOffset="7188"/>
                                </Header>
                                <LocList>
                                    <Loc EndOffset="7823" SrcFileId="1" StartOffset="7188"/>
                                </LocList>
                                <StmntSeq Intrnl_Id="138">
                                    <LocList>
                                        <Loc EndOffset="7272" SrcFileId="1" StartOffset="7248"/>
                                        <Loc EndOffset="7550" SrcFileId="1" StartOffset="7548"/>
                                        <Loc EndOffset="7713" SrcFileId="1" StartOffset="7649"/>
                                        <Loc EndOffset="7777" SrcFileId="1" StartOffset="7731"/>
                                    </LocList>
                                    <BasicStmnt CovItemId="S77" CovItemPrefix="org.jfree.data.DataUtilitiesCalculateColumnTotalTest.java" Intrnl_Id="139">
                                        <LocList>
                                            <Loc EndOffset="7272" SrcFileId="1" StartOffset="7248"/>
                                            <Loc EndOffset="7550" SrcFileId="1" StartOffset="7548"/>
                                        </LocList>
                                    </BasicStmnt>
                                    <BasicStmnt CovItemId="S84" CovItemPrefix="org.jfree.data.DataUtilitiesCalculateColumnTotalTest.java" Intrnl_Id="140">
                                        <LocList>
                                            <Loc EndOffset="7713" SrcFileId="1" StartOffset="7649"/>
                                        </LocList>
                                    </BasicStmnt>
                                    <BasicStmnt CovItemId="S85" CovItemPrefix="org.jfree.data.DataUtilitiesCalculateColumnTotalTest.java" Intrnl_Id="141">
                                        <LocList>
                                            <Loc EndOffset="7777" SrcFileId="1" StartOffset="7731"/>
                                        </LocList>
                                    </BasicStmnt>
                                </StmntSeq>
                                <HierarchyLvl HierarchyLvlId="8262" HierarchyLvlTypeId="12" Intrnl_Id="142" Name="Expectations">
                                    <Header>
                                        <Loc EndOffset="7290" SrcFileId="1" StartOffset="7276"/>
                                    </Header>
                                    <LocList>
                                        <Loc EndOffset="7548" SrcFileId="1" StartOffset="7272"/>
                                    </LocList>
                                    <StmntSeq Intrnl_Id="143">
                                        <LocList>
                                            <Loc EndOffset="7332" SrcFileId="1" StartOffset="7304"/>
                                            <Loc EndOffset="7359" SrcFileId="1" StartOffset="7338"/>
                                            <Loc EndOffset="7394" SrcFileId="1" StartOffset="7365"/>
                                            <Loc EndOffset="7446" SrcFileId="1" StartOffset="7423"/>
                                            <Loc EndOffset="7481" SrcFileId="1" StartOffset="7452"/>
                                            <Loc EndOffset="7533" SrcFileId="1" StartOffset="7510"/>
                                        </LocList>
                                        <BasicStmnt CovItemId="S78" CovItemPrefix="org.jfree.data.DataUtilitiesCalculateColumnTotalTest.java" Intrnl_Id="144">
                                            <LocList>
                                                <Loc EndOffset="7332" SrcFileId="1" StartOffset="7304"/>
                                            </LocList>
                                        </BasicStmnt>
                                        <BasicStmnt CovItemId="S79" CovItemPrefix="org.jfree.data.DataUtilitiesCalculateColumnTotalTest.java" Intrnl_Id="145">
                                            <LocList>
                                                <Loc EndOffset="7359" SrcFileId="1" StartOffset="7338"/>
                                            </LocList>
                                        </BasicStmnt>
                                        <BasicStmnt CovItemId="S80" CovItemPrefix="org.jfree.data.DataUtilitiesCalculateColumnTotalTest.java" Intrnl_Id="146">
                                            <LocList>
                                                <Loc EndOffset="7394" SrcFileId="1" StartOffset="7365"/>
                                            </LocList>
                                        </BasicStmnt>
                                        <BasicStmnt CovItemId="S81" CovItemPrefix="org.jfree.data.DataUtilitiesCalculateColumnTotalTest.java" Intrnl_Id="147">
                                            <LocList>
                                                <Loc EndOffset="7446" SrcFileId="1" StartOffset="7423"/>
                                            </LocList>
                                        </BasicStmnt>
                                        <BasicStmnt CovItemId="S82" CovItemPrefix="org.jfree.data.DataUtilitiesCalculateColumnTotalTest.java" Intrnl_Id="148">
                                            <LocList>
                                                <Loc EndOffset="7481" SrcFileId="1" StartOffset="7452"/>
                                            </LocList>
                                        </BasicStmnt>
                                        <BasicStmnt CovItemId="S83" CovItemPrefix="org.jfree.data.DataUtilitiesCalculateColumnTotalTest.java" Intrnl_Id="149">
                                            <LocList>
                                                <Loc EndOffset="7533" SrcFileId="1" StartOffset="7510"/>
                                            </LocList>
                                        </BasicStmnt>
                                    </StmntSeq>
                                </HierarchyLvl>
                            </HierarchyLvl>
                            <HierarchyLvl HierarchyLvlId="8264" HierarchyLvlTypeId="13" Intrnl_Id="150" Name="tearDown">
                                <Header>
                                    <Loc EndOffset="7878" SrcFileId="1" StartOffset="7830"/>
                                </Header>
                                <LocList>
                                    <Loc EndOffset="7886" SrcFileId="1" StartOffset="7830"/>
                                </LocList>
                            </HierarchyLvl>
                            <HierarchyLvl HierarchyLvlId="8265" HierarchyLvlTypeId="13" Intrnl_Id="151" Name="tearDownAfterClass">
                                <Header>
                                    <Loc EndOffset="7961" SrcFileId="1" StartOffset="7891"/>
                                </Header>
                                <LocList>
                                    <Loc EndOffset="7969" SrcFileId="1" StartOffset="7891"/>
                                </LocList>
                            </HierarchyLvl>
                        </HierarchyLvl>
                        <HierarchyLvl HierarchyLvlId="8291" HierarchyLvlTypeId="14" Intrnl_Id="152" Name="DataUtilitiesCalculateRowTotalTest">
                            <Header>
                                <Loc EndOffset="883" SrcFileId="2" StartOffset="836"/>
                            </Header>
                            <LocList>
                                <Loc EndOffset="7533" SrcFileId="2" StartOffset="836"/>
                            </LocList>
                            <HierarchyLvl HierarchyLvlId="8267" HierarchyLvlTypeId="13" Intrnl_Id="153" Name="setUpBeforeClass">
                                <Header>
                                    <Loc EndOffset="1010" SrcFileId="2" StartOffset="941"/>
                                </Header>
                                <LocList>
                                    <Loc EndOffset="1132" SrcFileId="2" StartOffset="941"/>
                                </LocList>
                                <StmntSeq Intrnl_Id="154">
                                    <LocList>
                                        <Loc EndOffset="1128" SrcFileId="2" StartOffset="1016"/>
                                    </LocList>
                                    <BasicStmnt CovItemId="S1" CovItemPrefix="org.jfree.data.DataUtilitiesCalculateRowTotalTest.java" Intrnl_Id="155">
                                        <LocList>
                                            <Loc EndOffset="1128" SrcFileId="2" StartOffset="1016"/>
                                        </LocList>
                                    </BasicStmnt>
                                </StmntSeq>
                            </HierarchyLvl>
                            <HierarchyLvl HierarchyLvlId="8268" HierarchyLvlTypeId="13" Intrnl_Id="156" Name="setUp">
                                <Header>
                                    <Loc EndOffset="1183" SrcFileId="2" StartOffset="1137"/>
                                </Header>
                                <LocList>
                                    <Loc EndOffset="1276" SrcFileId="2" StartOffset="1137"/>
                                </LocList>
                                <StmntSeq Intrnl_Id="157">
                                    <LocList>
                                        <Loc EndOffset="1220" SrcFileId="2" StartOffset="1189"/>
                                        <Loc EndOffset="1272" SrcFileId="2" StartOffset="1225"/>
                                    </LocList>
                                    <BasicStmnt CovItemId="S2" CovItemPrefix="org.jfree.data.DataUtilitiesCalculateRowTotalTest.java" Intrnl_Id="158">
                                        <LocList>
                                            <Loc EndOffset="1220" SrcFileId="2" StartOffset="1189"/>
                                        </LocList>
                                    </BasicStmnt>
                                    <BasicStmnt CovItemId="S3" CovItemPrefix="org.jfree.data.DataUtilitiesCalculateRowTotalTest.java" Intrnl_Id="159">
                                        <LocList>
                                            <Loc EndOffset="1272" SrcFileId="2" StartOffset="1225"/>
                                        </LocList>
                                    </BasicStmnt>
                                </StmntSeq>
                            </HierarchyLvl>
                            <HierarchyLvl HierarchyLvlId="8270" HierarchyLvlTypeId="13" Intrnl_Id="160" Name="calculateRowTotalForTwoPositiveValues">
                                <Header>
                                    <Loc EndOffset="1340" SrcFileId="2" StartOffset="1281"/>
                                </Header>
                                <LocList>
                                    <Loc EndOffset="1980" SrcFileId="2" StartOffset="1281"/>
                                </LocList>
                                <StmntSeq Intrnl_Id="161">
                                    <LocList>
                                        <Loc EndOffset="1370" SrcFileId="2" StartOffset="1346"/>
                                        <Loc EndOffset="1719" SrcFileId="2" StartOffset="1717"/>
                                        <Loc EndOffset="1876" SrcFileId="2" StartOffset="1815"/>
                                        <Loc EndOffset="1934" SrcFileId="2" StartOffset="1894"/>
                                    </LocList>
                                    <BasicStmnt CovItemId="S4" CovItemPrefix="org.jfree.data.DataUtilitiesCalculateRowTotalTest.java" Intrnl_Id="162">
                                        <LocList>
                                            <Loc EndOffset="1370" SrcFileId="2" StartOffset="1346"/>
                                            <Loc EndOffset="1719" SrcFileId="2" StartOffset="1717"/>
                                        </LocList>
                                    </BasicStmnt>
                                    <BasicStmnt CovItemId="S11" CovItemPrefix="org.jfree.data.DataUtilitiesCalculateRowTotalTest.java" Intrnl_Id="163">
                                        <LocList>
                                            <Loc EndOffset="1876" SrcFileId="2" StartOffset="1815"/>
                                        </LocList>
                                    </BasicStmnt>
                                    <BasicStmnt CovItemId="S12" CovItemPrefix="org.jfree.data.DataUtilitiesCalculateRowTotalTest.java" Intrnl_Id="164">
                                        <LocList>
                                            <Loc EndOffset="1934" SrcFileId="2" StartOffset="1894"/>
                                        </LocList>
                                    </BasicStmnt>
                                </StmntSeq>
                                <HierarchyLvl HierarchyLvlId="8269" HierarchyLvlTypeId="12" Intrnl_Id="165" Name="Expectations">
                                    <Header>
                                        <Loc EndOffset="1388" SrcFileId="2" StartOffset="1374"/>
                                    </Header>
                                    <LocList>
                                        <Loc EndOffset="1717" SrcFileId="2" StartOffset="1370"/>
                                    </LocList>
                                    <StmntSeq Intrnl_Id="166">
                                        <LocList>
                                            <Loc EndOffset="1433" SrcFileId="2" StartOffset="1402"/>
                                            <Loc EndOffset="1460" SrcFileId="2" StartOffset="1439"/>
                                            <Loc EndOffset="1495" SrcFileId="2" StartOffset="1466"/>
                                            <Loc EndOffset="1547" SrcFileId="2" StartOffset="1524"/>
                                            <Loc EndOffset="1582" SrcFileId="2" StartOffset="1553"/>
                                            <Loc EndOffset="1634" SrcFileId="2" StartOffset="1611"/>
                                        </LocList>
                                        <BasicStmnt CovItemId="S5" CovItemPrefix="org.jfree.data.DataUtilitiesCalculateRowTotalTest.java" Intrnl_Id="167">
                                            <LocList>
                                                <Loc EndOffset="1433" SrcFileId="2" StartOffset="1402"/>
                                            </LocList>
                                        </BasicStmnt>
                                        <BasicStmnt CovItemId="S6" CovItemPrefix="org.jfree.data.DataUtilitiesCalculateRowTotalTest.java" Intrnl_Id="168">
                                            <LocList>
                                                <Loc EndOffset="1460" SrcFileId="2" StartOffset="1439"/>
                                            </LocList>
                                        </BasicStmnt>
                                        <BasicStmnt CovItemId="S7" CovItemPrefix="org.jfree.data.DataUtilitiesCalculateRowTotalTest.java" Intrnl_Id="169">
                                            <LocList>
                                                <Loc EndOffset="1495" SrcFileId="2" StartOffset="1466"/>
                                            </LocList>
                                        </BasicStmnt>
                                        <BasicStmnt CovItemId="S8" CovItemPrefix="org.jfree.data.DataUtilitiesCalculateRowTotalTest.java" Intrnl_Id="170">
                                            <LocList>
                                                <Loc EndOffset="1547" SrcFileId="2" StartOffset="1524"/>
                                            </LocList>
                                        </BasicStmnt>
                                        <BasicStmnt CovItemId="S9" CovItemPrefix="org.jfree.data.DataUtilitiesCalculateRowTotalTest.java" Intrnl_Id="171">
                                            <LocList>
                                                <Loc EndOffset="1582" SrcFileId="2" StartOffset="1553"/>
                                            </LocList>
                                        </BasicStmnt>
                                        <BasicStmnt CovItemId="S10" CovItemPrefix="org.jfree.data.DataUtilitiesCalculateRowTotalTest.java" Intrnl_Id="172">
                                            <LocList>
                                                <Loc EndOffset="1634" SrcFileId="2" StartOffset="1611"/>
                                            </LocList>
                                        </BasicStmnt>
                                    </StmntSeq>
                                </HierarchyLvl>
                            </HierarchyLvl>
                            <HierarchyLvl HierarchyLvlId="8272" HierarchyLvlTypeId="13" Intrnl_Id="173" Name="calculateRowTotalForTwoNegativeValues">
                                <Header>
                                    <Loc EndOffset="2046" SrcFileId="2" StartOffset="1987"/>
                                </Header>
                                <LocList>
                                    <Loc EndOffset="2621" SrcFileId="2" StartOffset="1987"/>
                                </LocList>
                                <StmntSeq Intrnl_Id="174">
                                    <LocList>
                                        <Loc EndOffset="2076" SrcFileId="2" StartOffset="2052"/>
                                        <Loc EndOffset="2359" SrcFileId="2" StartOffset="2357"/>
                                        <Loc EndOffset="2516" SrcFileId="2" StartOffset="2455"/>
                                        <Loc EndOffset="2575" SrcFileId="2" StartOffset="2534"/>
                                    </LocList>
                                    <BasicStmnt CovItemId="S13" CovItemPrefix="org.jfree.data.DataUtilitiesCalculateRowTotalTest.java" Intrnl_Id="175">
                                        <LocList>
                                            <Loc EndOffset="2076" SrcFileId="2" StartOffset="2052"/>
                                            <Loc EndOffset="2359" SrcFileId="2" StartOffset="2357"/>
                                        </LocList>
                                    </BasicStmnt>
                                    <BasicStmnt CovItemId="S20" CovItemPrefix="org.jfree.data.DataUtilitiesCalculateRowTotalTest.java" Intrnl_Id="176">
                                        <LocList>
                                            <Loc EndOffset="2516" SrcFileId="2" StartOffset="2455"/>
                                        </LocList>
                                    </BasicStmnt>
                                    <BasicStmnt CovItemId="S21" CovItemPrefix="org.jfree.data.DataUtilitiesCalculateRowTotalTest.java" Intrnl_Id="177">
                                        <LocList>
                                            <Loc EndOffset="2575" SrcFileId="2" StartOffset="2534"/>
                                        </LocList>
                                    </BasicStmnt>
                                </StmntSeq>
                                <HierarchyLvl HierarchyLvlId="8271" HierarchyLvlTypeId="12" Intrnl_Id="178" Name="Expectations">
                                    <Header>
                                        <Loc EndOffset="2094" SrcFileId="2" StartOffset="2080"/>
                                    </Header>
                                    <LocList>
                                        <Loc EndOffset="2357" SrcFileId="2" StartOffset="2076"/>
                                    </LocList>
                                    <StmntSeq Intrnl_Id="179">
                                        <LocList>
                                            <Loc EndOffset="2139" SrcFileId="2" StartOffset="2108"/>
                                            <Loc EndOffset="2166" SrcFileId="2" StartOffset="2145"/>
                                            <Loc EndOffset="2201" SrcFileId="2" StartOffset="2172"/>
                                            <Loc EndOffset="2254" SrcFileId="2" StartOffset="2230"/>
                                            <Loc EndOffset="2289" SrcFileId="2" StartOffset="2260"/>
                                            <Loc EndOffset="2342" SrcFileId="2" StartOffset="2318"/>
                                        </LocList>
                                        <BasicStmnt CovItemId="S14" CovItemPrefix="org.jfree.data.DataUtilitiesCalculateRowTotalTest.java" Intrnl_Id="180">
                                            <LocList>
                                                <Loc EndOffset="2139" SrcFileId="2" StartOffset="2108"/>
                                            </LocList>
                                        </BasicStmnt>
                                        <BasicStmnt CovItemId="S15" CovItemPrefix="org.jfree.data.DataUtilitiesCalculateRowTotalTest.java" Intrnl_Id="181">
                                            <LocList>
                                                <Loc EndOffset="2166" SrcFileId="2" StartOffset="2145"/>
                                            </LocList>
                                        </BasicStmnt>
                                        <BasicStmnt CovItemId="S16" CovItemPrefix="org.jfree.data.DataUtilitiesCalculateRowTotalTest.java" Intrnl_Id="182">
                                            <LocList>
                                                <Loc EndOffset="2201" SrcFileId="2" StartOffset="2172"/>
                                            </LocList>
                                        </BasicStmnt>
                                        <BasicStmnt CovItemId="S17" CovItemPrefix="org.jfree.data.DataUtilitiesCalculateRowTotalTest.java" Intrnl_Id="183">
                                            <LocList>
                                                <Loc EndOffset="2254" SrcFileId="2" StartOffset="2230"/>
                                            </LocList>
                                        </BasicStmnt>
                                        <BasicStmnt CovItemId="S18" CovItemPrefix="org.jfree.data.DataUtilitiesCalculateRowTotalTest.java" Intrnl_Id="184">
                                            <LocList>
                                                <Loc EndOffset="2289" SrcFileId="2" StartOffset="2260"/>
                                            </LocList>
                                        </BasicStmnt>
                                        <BasicStmnt CovItemId="S19" CovItemPrefix="org.jfree.data.DataUtilitiesCalculateRowTotalTest.java" Intrnl_Id="185">
                                            <LocList>
                                                <Loc EndOffset="2342" SrcFileId="2" StartOffset="2318"/>
                                            </LocList>
                                        </BasicStmnt>
                                    </StmntSeq>
                                </HierarchyLvl>
                            </HierarchyLvl>
                            <HierarchyLvl HierarchyLvlId="8274" HierarchyLvlTypeId="13" Intrnl_Id="186" Name="calculateRowTotalForTwoNegativePositiveValues">
                                <Header>
                                    <Loc EndOffset="2695" SrcFileId="2" StartOffset="2628"/>
                                </Header>
                                <LocList>
                                    <Loc EndOffset="3268" SrcFileId="2" StartOffset="2628"/>
                                </LocList>
                                <StmntSeq Intrnl_Id="187">
                                    <LocList>
                                        <Loc EndOffset="2725" SrcFileId="2" StartOffset="2701"/>
                                        <Loc EndOffset="3007" SrcFileId="2" StartOffset="3005"/>
                                        <Loc EndOffset="3164" SrcFileId="2" StartOffset="3103"/>
                                        <Loc EndOffset="3222" SrcFileId="2" StartOffset="3182"/>
                                    </LocList>
                                    <BasicStmnt CovItemId="S22" CovItemPrefix="org.jfree.data.DataUtilitiesCalculateRowTotalTest.java" Intrnl_Id="188">
                                        <LocList>
                                            <Loc EndOffset="2725" SrcFileId="2" StartOffset="2701"/>
                                            <Loc EndOffset="3007" SrcFileId="2" StartOffset="3005"/>
                                        </LocList>
                                    </BasicStmnt>
                                    <BasicStmnt CovItemId="S29" CovItemPrefix="org.jfree.data.DataUtilitiesCalculateRowTotalTest.java" Intrnl_Id="189">
                                        <LocList>
                                            <Loc EndOffset="3164" SrcFileId="2" StartOffset="3103"/>
                                        </LocList>
                                    </BasicStmnt>
                                    <BasicStmnt CovItemId="S30" CovItemPrefix="org.jfree.data.DataUtilitiesCalculateRowTotalTest.java" Intrnl_Id="190">
                                        <LocList>
                                            <Loc EndOffset="3222" SrcFileId="2" StartOffset="3182"/>
                                        </LocList>
                                    </BasicStmnt>
                                </StmntSeq>
                                <HierarchyLvl HierarchyLvlId="8273" HierarchyLvlTypeId="12" Intrnl_Id="191" Name="Expectations">
                                    <Header>
                                        <Loc EndOffset="2743" SrcFileId="2" StartOffset="2729"/>
                                    </Header>
                                    <LocList>
                                        <Loc EndOffset="3005" SrcFileId="2" StartOffset="2725"/>
                                    </LocList>
                                    <StmntSeq Intrnl_Id="192">
                                        <LocList>
                                            <Loc EndOffset="2788" SrcFileId="2" StartOffset="2757"/>
                                            <Loc EndOffset="2815" SrcFileId="2" StartOffset="2794"/>
                                            <Loc EndOffset="2850" SrcFileId="2" StartOffset="2821"/>
                                            <Loc EndOffset="2903" SrcFileId="2" StartOffset="2879"/>
                                            <Loc EndOffset="2938" SrcFileId="2" StartOffset="2909"/>
                                            <Loc EndOffset="2990" SrcFileId="2" StartOffset="2967"/>
                                        </LocList>
                                        <BasicStmnt CovItemId="S23" CovItemPrefix="org.jfree.data.DataUtilitiesCalculateRowTotalTest.java" Intrnl_Id="193">
                                            <LocList>
                                                <Loc EndOffset="2788" SrcFileId="2" StartOffset="2757"/>
                                            </LocList>
                                        </BasicStmnt>
                                        <BasicStmnt CovItemId="S24" CovItemPrefix="org.jfree.data.DataUtilitiesCalculateRowTotalTest.java" Intrnl_Id="194">
                                            <LocList>
                                                <Loc EndOffset="2815" SrcFileId="2" StartOffset="2794"/>
                                            </LocList>
                                        </BasicStmnt>
                                        <BasicStmnt CovItemId="S25" CovItemPrefix="org.jfree.data.DataUtilitiesCalculateRowTotalTest.java" Intrnl_Id="195">
                                            <LocList>
                                                <Loc EndOffset="2850" SrcFileId="2" StartOffset="2821"/>
                                            </LocList>
                                        </BasicStmnt>
                                        <BasicStmnt CovItemId="S26" CovItemPrefix="org.jfree.data.DataUtilitiesCalculateRowTotalTest.java" Intrnl_Id="196">
                                            <LocList>
                                                <Loc EndOffset="2903" SrcFileId="2" StartOffset="2879"/>
                                            </LocList>
                                        </BasicStmnt>
                                        <BasicStmnt CovItemId="S27" CovItemPrefix="org.jfree.data.DataUtilitiesCalculateRowTotalTest.java" Intrnl_Id="197">
                                            <LocList>
                                                <Loc EndOffset="2938" SrcFileId="2" StartOffset="2909"/>
                                            </LocList>
                                        </BasicStmnt>
                                        <BasicStmnt CovItemId="S28" CovItemPrefix="org.jfree.data.DataUtilitiesCalculateRowTotalTest.java" Intrnl_Id="198">
                                            <LocList>
                                                <Loc EndOffset="2990" SrcFileId="2" StartOffset="2967"/>
                                            </LocList>
                                        </BasicStmnt>
                                    </StmntSeq>
                                </HierarchyLvl>
                            </HierarchyLvl>
                            <HierarchyLvl HierarchyLvlId="8276" HierarchyLvlTypeId="13" Intrnl_Id="199" Name="calculateRowTotalForTwoPositiveNegativeValues">
                                <Header>
                                    <Loc EndOffset="3342" SrcFileId="2" StartOffset="3275"/>
                                </Header>
                                <LocList>
                                    <Loc EndOffset="3914" SrcFileId="2" StartOffset="3275"/>
                                </LocList>
                                <StmntSeq Intrnl_Id="200">
                                    <LocList>
                                        <Loc EndOffset="3372" SrcFileId="2" StartOffset="3348"/>
                                        <Loc EndOffset="3654" SrcFileId="2" StartOffset="3652"/>
                                        <Loc EndOffset="3811" SrcFileId="2" StartOffset="3750"/>
                                        <Loc EndOffset="3868" SrcFileId="2" StartOffset="3829"/>
                                    </LocList>
                                    <BasicStmnt CovItemId="S31" CovItemPrefix="org.jfree.data.DataUtilitiesCalculateRowTotalTest.java" Intrnl_Id="201">
                                        <LocList>
                                            <Loc EndOffset="3372" SrcFileId="2" StartOffset="3348"/>
                                            <Loc EndOffset="3654" SrcFileId="2" StartOffset="3652"/>
                                        </LocList>
                                    </BasicStmnt>
                                    <BasicStmnt CovItemId="S38" CovItemPrefix="org.jfree.data.DataUtilitiesCalculateRowTotalTest.java" Intrnl_Id="202">
                                        <LocList>
                                            <Loc EndOffset="3811" SrcFileId="2" StartOffset="3750"/>
                                        </LocList>
                                    </BasicStmnt>
                                    <BasicStmnt CovItemId="S39" CovItemPrefix="org.jfree.data.DataUtilitiesCalculateRowTotalTest.java" Intrnl_Id="203">
                                        <LocList>
                                            <Loc EndOffset="3868" SrcFileId="2" StartOffset="3829"/>
                                        </LocList>
                                    </BasicStmnt>
                                </StmntSeq>
                                <HierarchyLvl HierarchyLvlId="8275" HierarchyLvlTypeId="12" Intrnl_Id="204" Name="Expectations">
                                    <Header>
                                        <Loc EndOffset="3390" SrcFileId="2" StartOffset="3376"/>
                                    </Header>
                                    <LocList>
                                        <Loc EndOffset="3652" SrcFileId="2" StartOffset="3372"/>
                                    </LocList>
                                    <StmntSeq Intrnl_Id="205">
                                        <LocList>
                                            <Loc EndOffset="3435" SrcFileId="2" StartOffset="3404"/>
                                            <Loc EndOffset="3462" SrcFileId="2" StartOffset="3441"/>
                                            <Loc EndOffset="3497" SrcFileId="2" StartOffset="3468"/>
                                            <Loc EndOffset="3549" SrcFileId="2" StartOffset="3526"/>
                                            <Loc EndOffset="3584" SrcFileId="2" StartOffset="3555"/>
                                            <Loc EndOffset="3637" SrcFileId="2" StartOffset="3613"/>
                                        </LocList>
                                        <BasicStmnt CovItemId="S32" CovItemPrefix="org.jfree.data.DataUtilitiesCalculateRowTotalTest.java" Intrnl_Id="206">
                                            <LocList>
                                                <Loc EndOffset="3435" SrcFileId="2" StartOffset="3404"/>
                                            </LocList>
                                        </BasicStmnt>
                                        <BasicStmnt CovItemId="S33" CovItemPrefix="org.jfree.data.DataUtilitiesCalculateRowTotalTest.java" Intrnl_Id="207">
                                            <LocList>
                                                <Loc EndOffset="3462" SrcFileId="2" StartOffset="3441"/>
                                            </LocList>
                                        </BasicStmnt>
                                        <BasicStmnt CovItemId="S34" CovItemPrefix="org.jfree.data.DataUtilitiesCalculateRowTotalTest.java" Intrnl_Id="208">
                                            <LocList>
                                                <Loc EndOffset="3497" SrcFileId="2" StartOffset="3468"/>
                                            </LocList>
                                        </BasicStmnt>
                                        <BasicStmnt CovItemId="S35" CovItemPrefix="org.jfree.data.DataUtilitiesCalculateRowTotalTest.java" Intrnl_Id="209">
                                            <LocList>
                                                <Loc EndOffset="3549" SrcFileId="2" StartOffset="3526"/>
                                            </LocList>
                                        </BasicStmnt>
                                        <BasicStmnt CovItemId="S36" CovItemPrefix="org.jfree.data.DataUtilitiesCalculateRowTotalTest.java" Intrnl_Id="210">
                                            <LocList>
                                                <Loc EndOffset="3584" SrcFileId="2" StartOffset="3555"/>
                                            </LocList>
                                        </BasicStmnt>
                                        <BasicStmnt CovItemId="S37" CovItemPrefix="org.jfree.data.DataUtilitiesCalculateRowTotalTest.java" Intrnl_Id="211">
                                            <LocList>
                                                <Loc EndOffset="3637" SrcFileId="2" StartOffset="3613"/>
                                            </LocList>
                                        </BasicStmnt>
                                    </StmntSeq>
                                </HierarchyLvl>
                            </HierarchyLvl>
                            <HierarchyLvl HierarchyLvlId="8278" HierarchyLvlTypeId="13" Intrnl_Id="212" Name="calculateRowTotalForTwoOppositePolaritySameMagnitudeValues">
                                <Header>
                                    <Loc EndOffset="4001" SrcFileId="2" StartOffset="3921"/>
                                </Header>
                                <LocList>
                                    <Loc EndOffset="4573" SrcFileId="2" StartOffset="3921"/>
                                </LocList>
                                <StmntSeq Intrnl_Id="213">
                                    <LocList>
                                        <Loc EndOffset="4031" SrcFileId="2" StartOffset="4007"/>
                                        <Loc EndOffset="4313" SrcFileId="2" StartOffset="4311"/>
                                        <Loc EndOffset="4470" SrcFileId="2" StartOffset="4409"/>
                                        <Loc EndOffset="4527" SrcFileId="2" StartOffset="4488"/>
                                    </LocList>
                                    <BasicStmnt CovItemId="S40" CovItemPrefix="org.jfree.data.DataUtilitiesCalculateRowTotalTest.java" Intrnl_Id="214">
                                        <LocList>
                                            <Loc EndOffset="4031" SrcFileId="2" StartOffset="4007"/>
                                            <Loc EndOffset="4313" SrcFileId="2" StartOffset="4311"/>
                                        </LocList>
                                    </BasicStmnt>
                                    <BasicStmnt CovItemId="S47" CovItemPrefix="org.jfree.data.DataUtilitiesCalculateRowTotalTest.java" Intrnl_Id="215">
                                        <LocList>
                                            <Loc EndOffset="4470" SrcFileId="2" StartOffset="4409"/>
                                        </LocList>
                                    </BasicStmnt>
                                    <BasicStmnt CovItemId="S48" CovItemPrefix="org.jfree.data.DataUtilitiesCalculateRowTotalTest.java" Intrnl_Id="216">
                                        <LocList>
                                            <Loc EndOffset="4527" SrcFileId="2" StartOffset="4488"/>
                                        </LocList>
                                    </BasicStmnt>
                                </StmntSeq>
                                <HierarchyLvl HierarchyLvlId="8277" HierarchyLvlTypeId="12" Intrnl_Id="217" Name="Expectations">
                                    <Header>
                                        <Loc EndOffset="4049" SrcFileId="2" StartOffset="4035"/>
                                    </Header>
                                    <LocList>
                                        <Loc EndOffset="4311" SrcFileId="2" StartOffset="4031"/>
                                    </LocList>
                                    <StmntSeq Intrnl_Id="218">
                                        <LocList>
                                            <Loc EndOffset="4094" SrcFileId="2" StartOffset="4063"/>
                                            <Loc EndOffset="4121" SrcFileId="2" StartOffset="4100"/>
                                            <Loc EndOffset="4156" SrcFileId="2" StartOffset="4127"/>
                                            <Loc EndOffset="4208" SrcFileId="2" StartOffset="4185"/>
                                            <Loc EndOffset="4243" SrcFileId="2" StartOffset="4214"/>
                                            <Loc EndOffset="4296" SrcFileId="2" StartOffset="4272"/>
                                        </LocList>
                                        <BasicStmnt CovItemId="S41" CovItemPrefix="org.jfree.data.DataUtilitiesCalculateRowTotalTest.java" Intrnl_Id="219">
                                            <LocList>
                                                <Loc EndOffset="4094" SrcFileId="2" StartOffset="4063"/>
                                            </LocList>
                                        </BasicStmnt>
                                        <BasicStmnt CovItemId="S42" CovItemPrefix="org.jfree.data.DataUtilitiesCalculateRowTotalTest.java" Intrnl_Id="220">
                                            <LocList>
                                                <Loc EndOffset="4121" SrcFileId="2" StartOffset="4100"/>
                                            </LocList>
                                        </BasicStmnt>
                                        <BasicStmnt CovItemId="S43" CovItemPrefix="org.jfree.data.DataUtilitiesCalculateRowTotalTest.java" Intrnl_Id="221">
                                            <LocList>
                                                <Loc EndOffset="4156" SrcFileId="2" StartOffset="4127"/>
                                            </LocList>
                                        </BasicStmnt>
                                        <BasicStmnt CovItemId="S44" CovItemPrefix="org.jfree.data.DataUtilitiesCalculateRowTotalTest.java" Intrnl_Id="222">
                                            <LocList>
                                                <Loc EndOffset="4208" SrcFileId="2" StartOffset="4185"/>
                                            </LocList>
                                        </BasicStmnt>
                                        <BasicStmnt CovItemId="S45" CovItemPrefix="org.jfree.data.DataUtilitiesCalculateRowTotalTest.java" Intrnl_Id="223">
                                            <LocList>
                                                <Loc EndOffset="4243" SrcFileId="2" StartOffset="4214"/>
                                            </LocList>
                                        </BasicStmnt>
                                        <BasicStmnt CovItemId="S46" CovItemPrefix="org.jfree.data.DataUtilitiesCalculateRowTotalTest.java" Intrnl_Id="224">
                                            <LocList>
                                                <Loc EndOffset="4296" SrcFileId="2" StartOffset="4272"/>
                                            </LocList>
                                        </BasicStmnt>
                                    </StmntSeq>
                                </HierarchyLvl>
                            </HierarchyLvl>
                            <HierarchyLvl HierarchyLvlId="8280" HierarchyLvlTypeId="13" Intrnl_Id="225" Name="calculateRowTotalForTwoZeroValues">
                                <Header>
                                    <Loc EndOffset="4634" SrcFileId="2" StartOffset="4579"/>
                                </Header>
                                <LocList>
                                    <Loc EndOffset="5205" SrcFileId="2" StartOffset="4579"/>
                                </LocList>
                                <StmntSeq Intrnl_Id="226">
                                    <LocList>
                                        <Loc EndOffset="4664" SrcFileId="2" StartOffset="4640"/>
                                        <Loc EndOffset="4945" SrcFileId="2" StartOffset="4943"/>
                                        <Loc EndOffset="5102" SrcFileId="2" StartOffset="5041"/>
                                        <Loc EndOffset="5159" SrcFileId="2" StartOffset="5120"/>
                                    </LocList>
                                    <BasicStmnt CovItemId="S49" CovItemPrefix="org.jfree.data.DataUtilitiesCalculateRowTotalTest.java" Intrnl_Id="227">
                                        <LocList>
                                            <Loc EndOffset="4664" SrcFileId="2" StartOffset="4640"/>
                                            <Loc EndOffset="4945" SrcFileId="2" StartOffset="4943"/>
                                        </LocList>
                                    </BasicStmnt>
                                    <BasicStmnt CovItemId="S56" CovItemPrefix="org.jfree.data.DataUtilitiesCalculateRowTotalTest.java" Intrnl_Id="228">
                                        <LocList>
                                            <Loc EndOffset="5102" SrcFileId="2" StartOffset="5041"/>
                                        </LocList>
                                    </BasicStmnt>
                                    <BasicStmnt CovItemId="S57" CovItemPrefix="org.jfree.data.DataUtilitiesCalculateRowTotalTest.java" Intrnl_Id="229">
                                        <LocList>
                                            <Loc EndOffset="5159" SrcFileId="2" StartOffset="5120"/>
                                        </LocList>
                                    </BasicStmnt>
                                </StmntSeq>
                                <HierarchyLvl HierarchyLvlId="8279" HierarchyLvlTypeId="12" Intrnl_Id="230" Name="Expectations">
                                    <Header>
                                        <Loc EndOffset="4682" SrcFileId="2" StartOffset="4668"/>
                                    </Header>
                                    <LocList>
                                        <Loc EndOffset="4943" SrcFileId="2" StartOffset="4664"/>
                                    </LocList>
                                    <StmntSeq Intrnl_Id="231">
                                        <LocList>
                                            <Loc EndOffset="4727" SrcFileId="2" StartOffset="4696"/>
                                            <Loc EndOffset="4754" SrcFileId="2" StartOffset="4733"/>
                                            <Loc EndOffset="4789" SrcFileId="2" StartOffset="4760"/>
                                            <Loc EndOffset="4841" SrcFileId="2" StartOffset="4818"/>
                                            <Loc EndOffset="4876" SrcFileId="2" StartOffset="4847"/>
                                            <Loc EndOffset="4928" SrcFileId="2" StartOffset="4905"/>
                                        </LocList>
                                        <BasicStmnt CovItemId="S50" CovItemPrefix="org.jfree.data.DataUtilitiesCalculateRowTotalTest.java" Intrnl_Id="232">
                                            <LocList>
                                                <Loc EndOffset="4727" SrcFileId="2" StartOffset="4696"/>
                                            </LocList>
                                        </BasicStmnt>
                                        <BasicStmnt CovItemId="S51" CovItemPrefix="org.jfree.data.DataUtilitiesCalculateRowTotalTest.java" Intrnl_Id="233">
                                            <LocList>
                                                <Loc EndOffset="4754" SrcFileId="2" StartOffset="4733"/>
                                            </LocList>
                                        </BasicStmnt>
                                        <BasicStmnt CovItemId="S52" CovItemPrefix="org.jfree.data.DataUtilitiesCalculateRowTotalTest.java" Intrnl_Id="234">
                                            <LocList>
                                                <Loc EndOffset="4789" SrcFileId="2" StartOffset="4760"/>
                                            </LocList>
                                        </BasicStmnt>
                                        <BasicStmnt CovItemId="S53" CovItemPrefix="org.jfree.data.DataUtilitiesCalculateRowTotalTest.java" Intrnl_Id="235">
                                            <LocList>
                                                <Loc EndOffset="4841" SrcFileId="2" StartOffset="4818"/>
                                            </LocList>
                                        </BasicStmnt>
                                        <BasicStmnt CovItemId="S54" CovItemPrefix="org.jfree.data.DataUtilitiesCalculateRowTotalTest.java" Intrnl_Id="236">
                                            <LocList>
                                                <Loc EndOffset="4876" SrcFileId="2" StartOffset="4847"/>
                                            </LocList>
                                        </BasicStmnt>
                                        <BasicStmnt CovItemId="S55" CovItemPrefix="org.jfree.data.DataUtilitiesCalculateRowTotalTest.java" Intrnl_Id="237">
                                            <LocList>
                                                <Loc EndOffset="4928" SrcFileId="2" StartOffset="4905"/>
                                            </LocList>
                                        </BasicStmnt>
                                    </StmntSeq>
                                </HierarchyLvl>
                            </HierarchyLvl>
                            <HierarchyLvl HierarchyLvlId="8282" HierarchyLvlTypeId="13" Intrnl_Id="238" Name="calculateRowTotalForSingleValue">
                                <Header>
                                    <Loc EndOffset="5264" SrcFileId="2" StartOffset="5211"/>
                                </Header>
                                <LocList>
                                    <Loc EndOffset="5757" SrcFileId="2" StartOffset="5211"/>
                                </LocList>
                                <StmntSeq Intrnl_Id="239">
                                    <LocList>
                                        <Loc EndOffset="5294" SrcFileId="2" StartOffset="5270"/>
                                        <Loc EndOffset="5492" SrcFileId="2" StartOffset="5490"/>
                                        <Loc EndOffset="5649" SrcFileId="2" StartOffset="5588"/>
                                        <Loc EndOffset="5711" SrcFileId="2" StartOffset="5667"/>
                                    </LocList>
                                    <BasicStmnt CovItemId="S58" CovItemPrefix="org.jfree.data.DataUtilitiesCalculateRowTotalTest.java" Intrnl_Id="240">
                                        <LocList>
                                            <Loc EndOffset="5294" SrcFileId="2" StartOffset="5270"/>
                                            <Loc EndOffset="5492" SrcFileId="2" StartOffset="5490"/>
                                        </LocList>
                                    </BasicStmnt>
                                    <BasicStmnt CovItemId="S63" CovItemPrefix="org.jfree.data.DataUtilitiesCalculateRowTotalTest.java" Intrnl_Id="241">
                                        <LocList>
                                            <Loc EndOffset="5649" SrcFileId="2" StartOffset="5588"/>
                                        </LocList>
                                    </BasicStmnt>
                                    <BasicStmnt CovItemId="S64" CovItemPrefix="org.jfree.data.DataUtilitiesCalculateRowTotalTest.java" Intrnl_Id="242">
                                        <LocList>
                                            <Loc EndOffset="5711" SrcFileId="2" StartOffset="5667"/>
                                        </LocList>
                                    </BasicStmnt>
                                </StmntSeq>
                                <HierarchyLvl HierarchyLvlId="8281" HierarchyLvlTypeId="12" Intrnl_Id="243" Name="Expectations">
                                    <Header>
                                        <Loc EndOffset="5312" SrcFileId="2" StartOffset="5298"/>
                                    </Header>
                                    <LocList>
                                        <Loc EndOffset="5490" SrcFileId="2" StartOffset="5294"/>
                                    </LocList>
                                    <StmntSeq Intrnl_Id="244">
                                        <LocList>
                                            <Loc EndOffset="5357" SrcFileId="2" StartOffset="5326"/>
                                            <Loc EndOffset="5384" SrcFileId="2" StartOffset="5363"/>
                                            <Loc EndOffset="5419" SrcFileId="2" StartOffset="5390"/>
                                            <Loc EndOffset="5476" SrcFileId="2" StartOffset="5448"/>
                                        </LocList>
                                        <BasicStmnt CovItemId="S59" CovItemPrefix="org.jfree.data.DataUtilitiesCalculateRowTotalTest.java" Intrnl_Id="245">
                                            <LocList>
                                                <Loc EndOffset="5357" SrcFileId="2" StartOffset="5326"/>
                                            </LocList>
                                        </BasicStmnt>
                                        <BasicStmnt CovItemId="S60" CovItemPrefix="org.jfree.data.DataUtilitiesCalculateRowTotalTest.java" Intrnl_Id="246">
                                            <LocList>
                                                <Loc EndOffset="5384" SrcFileId="2" StartOffset="5363"/>
                                            </LocList>
                                        </BasicStmnt>
                                        <BasicStmnt CovItemId="S61" CovItemPrefix="org.jfree.data.DataUtilitiesCalculateRowTotalTest.java" Intrnl_Id="247">
                                            <LocList>
                                                <Loc EndOffset="5419" SrcFileId="2" StartOffset="5390"/>
                                            </LocList>
                                        </BasicStmnt>
                                        <BasicStmnt CovItemId="S62" CovItemPrefix="org.jfree.data.DataUtilitiesCalculateRowTotalTest.java" Intrnl_Id="248">
                                            <LocList>
                                                <Loc EndOffset="5476" SrcFileId="2" StartOffset="5448"/>
                                            </LocList>
                                        </BasicStmnt>
                                    </StmntSeq>
                                </HierarchyLvl>
                            </HierarchyLvl>
                            <HierarchyLvl HierarchyLvlId="8284" HierarchyLvlTypeId="13" Intrnl_Id="249" Name="calculateRowTotalForNullValue">
                                <Header>
                                    <Loc EndOffset="5814" SrcFileId="2" StartOffset="5763"/>
                                </Header>
                                <LocList>
                                    <Loc EndOffset="6299" SrcFileId="2" StartOffset="5763"/>
                                </LocList>
                                <StmntSeq Intrnl_Id="250">
                                    <LocList>
                                        <Loc EndOffset="5844" SrcFileId="2" StartOffset="5820"/>
                                        <Loc EndOffset="6038" SrcFileId="2" StartOffset="6036"/>
                                        <Loc EndOffset="6195" SrcFileId="2" StartOffset="6134"/>
                                        <Loc EndOffset="6253" SrcFileId="2" StartOffset="6213"/>
                                    </LocList>
                                    <BasicStmnt CovItemId="S65" CovItemPrefix="org.jfree.data.DataUtilitiesCalculateRowTotalTest.java" Intrnl_Id="251">
                                        <LocList>
                                            <Loc EndOffset="5844" SrcFileId="2" StartOffset="5820"/>
                                            <Loc EndOffset="6038" SrcFileId="2" StartOffset="6036"/>
                                        </LocList>
                                    </BasicStmnt>
                                    <BasicStmnt CovItemId="S70" CovItemPrefix="org.jfree.data.DataUtilitiesCalculateRowTotalTest.java" Intrnl_Id="252">
                                        <LocList>
                                            <Loc EndOffset="6195" SrcFileId="2" StartOffset="6134"/>
                                        </LocList>
                                    </BasicStmnt>
                                    <BasicStmnt CovItemId="S71" CovItemPrefix="org.jfree.data.DataUtilitiesCalculateRowTotalTest.java" Intrnl_Id="253">
                                        <LocList>
                                            <Loc EndOffset="6253" SrcFileId="2" StartOffset="6213"/>
                                        </LocList>
                                    </BasicStmnt>
                                </StmntSeq>
                                <HierarchyLvl HierarchyLvlId="8283" HierarchyLvlTypeId="12" Intrnl_Id="254" Name="Expectations">
                                    <Header>
                                        <Loc EndOffset="5862" SrcFileId="2" StartOffset="5848"/>
                                    </Header>
                                    <LocList>
                                        <Loc EndOffset="6036" SrcFileId="2" StartOffset="5844"/>
                                    </LocList>
                                    <StmntSeq Intrnl_Id="255">
                                        <LocList>
                                            <Loc EndOffset="5907" SrcFileId="2" StartOffset="5876"/>
                                            <Loc EndOffset="5934" SrcFileId="2" StartOffset="5913"/>
                                            <Loc EndOffset="5969" SrcFileId="2" StartOffset="5940"/>
                                            <Loc EndOffset="6022" SrcFileId="2" StartOffset="5998"/>
                                        </LocList>
                                        <BasicStmnt CovItemId="S66" CovItemPrefix="org.jfree.data.DataUtilitiesCalculateRowTotalTest.java" Intrnl_Id="256">
                                            <LocList>
                                                <Loc EndOffset="5907" SrcFileId="2" StartOffset="5876"/>
                                            </LocList>
                                        </BasicStmnt>
                                        <BasicStmnt CovItemId="S67" CovItemPrefix="org.jfree.data.DataUtilitiesCalculateRowTotalTest.java" Intrnl_Id="257">
                                            <LocList>
                                                <Loc EndOffset="5934" SrcFileId="2" StartOffset="5913"/>
                                            </LocList>
                                        </BasicStmnt>
                                        <BasicStmnt CovItemId="S68" CovItemPrefix="org.jfree.data.DataUtilitiesCalculateRowTotalTest.java" Intrnl_Id="258">
                                            <LocList>
                                                <Loc EndOffset="5969" SrcFileId="2" StartOffset="5940"/>
                                            </LocList>
                                        </BasicStmnt>
                                        <BasicStmnt CovItemId="S69" CovItemPrefix="org.jfree.data.DataUtilitiesCalculateRowTotalTest.java" Intrnl_Id="259">
                                            <LocList>
                                                <Loc EndOffset="6022" SrcFileId="2" StartOffset="5998"/>
                                            </LocList>
                                        </BasicStmnt>
                                    </StmntSeq>
                                </HierarchyLvl>
                            </HierarchyLvl>
                            <HierarchyLvl HierarchyLvlId="8286" HierarchyLvlTypeId="13" Intrnl_Id="260" Name="calculateRowTotalForEmptyValues">
                                <Header>
                                    <Loc EndOffset="6358" SrcFileId="2" StartOffset="6305"/>
                                </Header>
                                <LocList>
                                    <Loc EndOffset="6749" SrcFileId="2" StartOffset="6305"/>
                                </LocList>
                                <StmntSeq Intrnl_Id="261">
                                    <LocList>
                                        <Loc EndOffset="6388" SrcFileId="2" StartOffset="6364"/>
                                        <Loc EndOffset="6491" SrcFileId="2" StartOffset="6489"/>
                                        <Loc EndOffset="6648" SrcFileId="2" StartOffset="6587"/>
                                        <Loc EndOffset="6703" SrcFileId="2" StartOffset="6666"/>
                                    </LocList>
                                    <BasicStmnt CovItemId="S72" CovItemPrefix="org.jfree.data.DataUtilitiesCalculateRowTotalTest.java" Intrnl_Id="262">
                                        <LocList>
                                            <Loc EndOffset="6388" SrcFileId="2" StartOffset="6364"/>
                                            <Loc EndOffset="6491" SrcFileId="2" StartOffset="6489"/>
                                        </LocList>
                                    </BasicStmnt>
                                    <BasicStmnt CovItemId="S75" CovItemPrefix="org.jfree.data.DataUtilitiesCalculateRowTotalTest.java" Intrnl_Id="263">
                                        <LocList>
                                            <Loc EndOffset="6648" SrcFileId="2" StartOffset="6587"/>
                                        </LocList>
                                    </BasicStmnt>
                                    <BasicStmnt CovItemId="S76" CovItemPrefix="org.jfree.data.DataUtilitiesCalculateRowTotalTest.java" Intrnl_Id="264">
                                        <LocList>
                                            <Loc EndOffset="6703" SrcFileId="2" StartOffset="6666"/>
                                        </LocList>
                                    </BasicStmnt>
                                </StmntSeq>
                                <HierarchyLvl HierarchyLvlId="8285" HierarchyLvlTypeId="12" Intrnl_Id="265" Name="Expectations">
                                    <Header>
                                        <Loc EndOffset="6406" SrcFileId="2" StartOffset="6392"/>
                                    </Header>
                                    <LocList>
                                        <Loc EndOffset="6489" SrcFileId="2" StartOffset="6388"/>
                                    </LocList>
                                    <StmntSeq Intrnl_Id="266">
                                        <LocList>
                                            <Loc EndOffset="6451" SrcFileId="2" StartOffset="6420"/>
                                            <Loc EndOffset="6478" SrcFileId="2" StartOffset="6457"/>
                                        </LocList>
                                        <BasicStmnt CovItemId="S73" CovItemPrefix="org.jfree.data.DataUtilitiesCalculateRowTotalTest.java" Intrnl_Id="267">
                                            <LocList>
                                                <Loc EndOffset="6451" SrcFileId="2" StartOffset="6420"/>
                                            </LocList>
                                        </BasicStmnt>
                                        <BasicStmnt CovItemId="S74" CovItemPrefix="org.jfree.data.DataUtilitiesCalculateRowTotalTest.java" Intrnl_Id="268">
                                            <LocList>
                                                <Loc EndOffset="6478" SrcFileId="2" StartOffset="6457"/>
                                            </LocList>
                                        </BasicStmnt>
                                    </StmntSeq>
                                </HierarchyLvl>
                            </HierarchyLvl>
                            <HierarchyLvl HierarchyLvlId="8288" HierarchyLvlTypeId="13" Intrnl_Id="269" Name="calculateRowTotalForPrecision">
                                <Header>
                                    <Loc EndOffset="6806" SrcFileId="2" StartOffset="6755"/>
                                </Header>
                                <LocList>
                                    <Loc EndOffset="7384" SrcFileId="2" StartOffset="6755"/>
                                </LocList>
                                <StmntSeq Intrnl_Id="270">
                                    <LocList>
                                        <Loc EndOffset="6836" SrcFileId="2" StartOffset="6812"/>
                                        <Loc EndOffset="7117" SrcFileId="2" StartOffset="7115"/>
                                        <Loc EndOffset="7274" SrcFileId="2" StartOffset="7213"/>
                                        <Loc EndOffset="7338" SrcFileId="2" StartOffset="7292"/>
                                    </LocList>
                                    <BasicStmnt CovItemId="S77" CovItemPrefix="org.jfree.data.DataUtilitiesCalculateRowTotalTest.java" Intrnl_Id="271">
                                        <LocList>
                                            <Loc EndOffset="6836" SrcFileId="2" StartOffset="6812"/>
                                            <Loc EndOffset="7117" SrcFileId="2" StartOffset="7115"/>
                                        </LocList>
                                    </BasicStmnt>
                                    <BasicStmnt CovItemId="S84" CovItemPrefix="org.jfree.data.DataUtilitiesCalculateRowTotalTest.java" Intrnl_Id="272">
                                        <LocList>
                                            <Loc EndOffset="7274" SrcFileId="2" StartOffset="7213"/>
                                        </LocList>
                                    </BasicStmnt>
                                    <BasicStmnt CovItemId="S85" CovItemPrefix="org.jfree.data.DataUtilitiesCalculateRowTotalTest.java" Intrnl_Id="273">
                                        <LocList>
                                            <Loc EndOffset="7338" SrcFileId="2" StartOffset="7292"/>
                                        </LocList>
                                    </BasicStmnt>
                                </StmntSeq>
                                <HierarchyLvl HierarchyLvlId="8287" HierarchyLvlTypeId="12" Intrnl_Id="274" Name="Expectations">
                                    <Header>
                                        <Loc EndOffset="6854" SrcFileId="2" StartOffset="6840"/>
                                    </Header>
                                    <LocList>
                                        <Loc EndOffset="7115" SrcFileId="2" StartOffset="6836"/>
                                    </LocList>
                                    <StmntSeq Intrnl_Id="275">
                                        <LocList>
                                            <Loc EndOffset="6899" SrcFileId="2" StartOffset="6868"/>
                                            <Loc EndOffset="6926" SrcFileId="2" StartOffset="6905"/>
                                            <Loc EndOffset="6961" SrcFileId="2" StartOffset="6932"/>
                                            <Loc EndOffset="7013" SrcFileId="2" StartOffset="6990"/>
                                            <Loc EndOffset="7048" SrcFileId="2" StartOffset="7019"/>
                                            <Loc EndOffset="7100" SrcFileId="2" StartOffset="7077"/>
                                        </LocList>
                                        <BasicStmnt CovItemId="S78" CovItemPrefix="org.jfree.data.DataUtilitiesCalculateRowTotalTest.java" Intrnl_Id="276">
                                            <LocList>
                                                <Loc EndOffset="6899" SrcFileId="2" StartOffset="6868"/>
                                            </LocList>
                                        </BasicStmnt>
                                        <BasicStmnt CovItemId="S79" CovItemPrefix="org.jfree.data.DataUtilitiesCalculateRowTotalTest.java" Intrnl_Id="277">
                                            <LocList>
                                                <Loc EndOffset="6926" SrcFileId="2" StartOffset="6905"/>
                                            </LocList>
                                        </BasicStmnt>
                                        <BasicStmnt CovItemId="S80" CovItemPrefix="org.jfree.data.DataUtilitiesCalculateRowTotalTest.java" Intrnl_Id="278">
                                            <LocList>
                                                <Loc EndOffset="6961" SrcFileId="2" StartOffset="6932"/>
                                            </LocList>
                                        </BasicStmnt>
                                        <BasicStmnt CovItemId="S81" CovItemPrefix="org.jfree.data.DataUtilitiesCalculateRowTotalTest.java" Intrnl_Id="279">
                                            <LocList>
                                                <Loc EndOffset="7013" SrcFileId="2" StartOffset="6990"/>
                                            </LocList>
                                        </BasicStmnt>
                                        <BasicStmnt CovItemId="S82" CovItemPrefix="org.jfree.data.DataUtilitiesCalculateRowTotalTest.java" Intrnl_Id="280">
                                            <LocList>
                                                <Loc EndOffset="7048" SrcFileId="2" StartOffset="7019"/>
                                            </LocList>
                                        </BasicStmnt>
                                        <BasicStmnt CovItemId="S83" CovItemPrefix="org.jfree.data.DataUtilitiesCalculateRowTotalTest.java" Intrnl_Id="281">
                                            <LocList>
                                                <Loc EndOffset="7100" SrcFileId="2" StartOffset="7077"/>
                                            </LocList>
                                        </BasicStmnt>
                                    </StmntSeq>
                                </HierarchyLvl>
                            </HierarchyLvl>
                            <HierarchyLvl HierarchyLvlId="8289" HierarchyLvlTypeId="13" Intrnl_Id="282" Name="tearDown">
                                <Header>
                                    <Loc EndOffset="7439" SrcFileId="2" StartOffset="7391"/>
                                </Header>
                                <LocList>
                                    <Loc EndOffset="7447" SrcFileId="2" StartOffset="7391"/>
                                </LocList>
                            </HierarchyLvl>
                            <HierarchyLvl HierarchyLvlId="8290" HierarchyLvlTypeId="13" Intrnl_Id="283" Name="tearDownAfterClass">
                                <Header>
                                    <Loc EndOffset="7522" SrcFileId="2" StartOffset="7452"/>
                                </Header>
                                <LocList>
                                    <Loc EndOffset="7530" SrcFileId="2" StartOffset="7452"/>
                                </LocList>
                            </HierarchyLvl>
                        </HierarchyLvl>
                        <HierarchyLvl HierarchyLvlId="8302" HierarchyLvlTypeId="14" Intrnl_Id="284" Name="DataUtilitiesCreateNumberArray2DTest">
                            <Header>
                                <Loc EndOffset="830" SrcFileId="3" StartOffset="781"/>
                            </Header>
                            <LocList>
                                <Loc EndOffset="7677" SrcFileId="3" StartOffset="781"/>
                            </LocList>
                            <HierarchyLvl HierarchyLvlId="8292" HierarchyLvlTypeId="13" Intrnl_Id="285" Name="setUpBeforeClass">
                                <Header>
                                    <Loc EndOffset="1106" SrcFileId="3" StartOffset="1037"/>
                                </Header>
                                <LocList>
                                    <Loc EndOffset="1226" SrcFileId="3" StartOffset="1037"/>
                                </LocList>
                                <StmntSeq Intrnl_Id="286">
                                    <LocList>
                                        <Loc EndOffset="1222" SrcFileId="3" StartOffset="1112"/>
                                    </LocList>
                                    <BasicStmnt CovItemId="S1" CovItemPrefix="org.jfree.data.DataUtilitiesCreateNumberArray2DTest.java" Intrnl_Id="287">
                                        <LocList>
                                            <Loc EndOffset="1222" SrcFileId="3" StartOffset="1112"/>
                                        </LocList>
                                    </BasicStmnt>
                                </StmntSeq>
                            </HierarchyLvl>
                            <HierarchyLvl HierarchyLvlId="8293" HierarchyLvlTypeId="13" Intrnl_Id="288" Name="setUp">
                                <Header>
                                    <Loc EndOffset="1277" SrcFileId="3" StartOffset="1231"/>
                                </Header>
                                <LocList>
                                    <Loc EndOffset="2928" SrcFileId="3" StartOffset="1231"/>
                                </LocList>
                                <StmntSeq Intrnl_Id="289">
                                    <LocList>
                                        <Loc EndOffset="1316" SrcFileId="3" StartOffset="1297"/>
                                        <Loc EndOffset="1337" SrcFileId="3" StartOffset="1320"/>
                                        <Loc EndOffset="1415" SrcFileId="3" StartOffset="1387"/>
                                        <Loc EndOffset="1445" SrcFileId="3" StartOffset="1419"/>
                                        <Loc EndOffset="1502" SrcFileId="3" StartOffset="1449"/>
                                        <Loc EndOffset="1528" SrcFileId="3" StartOffset="1506"/>
                                        <Loc EndOffset="1550" SrcFileId="3" StartOffset="1532"/>
                                        <Loc EndOffset="1939" SrcFileId="3" StartOffset="1594"/>
                                        <Loc EndOffset="1968" SrcFileId="3" StartOffset="1943"/>
                                        <Loc EndOffset="2352" SrcFileId="3" StartOffset="2015"/>
                                        <Loc EndOffset="2384" SrcFileId="3" StartOffset="2356"/>
                                        <Loc EndOffset="2891" SrcFileId="3" StartOffset="2434"/>
                                        <Loc EndOffset="2922" SrcFileId="3" StartOffset="2897"/>
                                    </LocList>
                                    <BasicStmnt CovItemId="S2" CovItemPrefix="org.jfree.data.DataUtilitiesCreateNumberArray2DTest.java" Intrnl_Id="290">
                                        <LocList>
                                            <Loc EndOffset="1316" SrcFileId="3" StartOffset="1297"/>
                                        </LocList>
                                    </BasicStmnt>
                                    <BasicStmnt CovItemId="S3" CovItemPrefix="org.jfree.data.DataUtilitiesCreateNumberArray2DTest.java" Intrnl_Id="291">
                                        <LocList>
                                            <Loc EndOffset="1337" SrcFileId="3" StartOffset="1320"/>
                                        </LocList>
                                    </BasicStmnt>
                                    <BasicStmnt CovItemId="S4" CovItemPrefix="org.jfree.data.DataUtilitiesCreateNumberArray2DTest.java" Intrnl_Id="292">
                                        <LocList>
                                            <Loc EndOffset="1415" SrcFileId="3" StartOffset="1387"/>
                                        </LocList>
                                    </BasicStmnt>
                                    <BasicStmnt CovItemId="S5" CovItemPrefix="org.jfree.data.DataUtilitiesCreateNumberArray2DTest.java" Intrnl_Id="293">
                                        <LocList>
                                            <Loc EndOffset="1445" SrcFileId="3" StartOffset="1419"/>
                                        </LocList>
                                    </BasicStmnt>
                                    <BasicStmnt CovItemId="S6" CovItemPrefix="org.jfree.data.DataUtilitiesCreateNumberArray2DTest.java" Intrnl_Id="294">
                                        <LocList>
                                            <Loc EndOffset="1502" SrcFileId="3" StartOffset="1449"/>
                                        </LocList>
                                    </BasicStmnt>
                                    <BasicStmnt CovItemId="S7" CovItemPrefix="org.jfree.data.DataUtilitiesCreateNumberArray2DTest.java" Intrnl_Id="295">
                                        <LocList>
                                            <Loc EndOffset="1528" SrcFileId="3" StartOffset="1506"/>
                                        </LocList>
                                    </BasicStmnt>
                                    <BasicStmnt CovItemId="S8" CovItemPrefix="org.jfree.data.DataUtilitiesCreateNumberArray2DTest.java" Intrnl_Id="296">
                                        <LocList>
                                            <Loc EndOffset="1550" SrcFileId="3" StartOffset="1532"/>
                                        </LocList>
                                    </BasicStmnt>
                                    <BasicStmnt CovItemId="S9" CovItemPrefix="org.jfree.data.DataUtilitiesCreateNumberArray2DTest.java" Intrnl_Id="297">
                                        <LocList>
                                            <Loc EndOffset="1939" SrcFileId="3" StartOffset="1594"/>
                                        </LocList>
                                    </BasicStmnt>
                                    <BasicStmnt CovItemId="S10" CovItemPrefix="org.jfree.data.DataUtilitiesCreateNumberArray2DTest.java" Intrnl_Id="298">
                                        <LocList>
                                            <Loc EndOffset="1968" SrcFileId="3" StartOffset="1943"/>
                                        </LocList>
                                    </BasicStmnt>
                                    <BasicStmnt CovItemId="S11" CovItemPrefix="org.jfree.data.DataUtilitiesCreateNumberArray2DTest.java" Intrnl_Id="299">
                                        <LocList>
                                            <Loc EndOffset="2352" SrcFileId="3" StartOffset="2015"/>
                                        </LocList>
                                    </BasicStmnt>
                                    <BasicStmnt CovItemId="S12" CovItemPrefix="org.jfree.data.DataUtilitiesCreateNumberArray2DTest.java" Intrnl_Id="300">
                                        <LocList>
                                            <Loc EndOffset="2384" SrcFileId="3" StartOffset="2356"/>
                                        </LocList>
                                    </BasicStmnt>
                                    <BasicStmnt CovItemId="S13" CovItemPrefix="org.jfree.data.DataUtilitiesCreateNumberArray2DTest.java" Intrnl_Id="301">
                                        <LocList>
                                            <Loc EndOffset="2891" SrcFileId="3" StartOffset="2434"/>
                                        </LocList>
                                    </BasicStmnt>
                                    <BasicStmnt CovItemId="S14" CovItemPrefix="org.jfree.data.DataUtilitiesCreateNumberArray2DTest.java" Intrnl_Id="302">
                                        <LocList>
                                            <Loc EndOffset="2922" SrcFileId="3" StartOffset="2897"/>
                                        </LocList>
                                    </BasicStmnt>
                                </StmntSeq>
                            </HierarchyLvl>
                            <HierarchyLvl HierarchyLvlId="8294" HierarchyLvlTypeId="13" Intrnl_Id="303" Name="createNumberArray2DForEmptyDoubleArray">
                                <Header>
                                    <Loc EndOffset="3033" SrcFileId="3" StartOffset="2934"/>
                                </Header>
                                <LocList>
                                    <Loc EndOffset="3396" SrcFileId="3" StartOffset="2934"/>
                                </LocList>
                                <StmntSeq Intrnl_Id="304">
                                    <LocList>
                                        <Loc EndOffset="3152" SrcFileId="3" StartOffset="3102"/>
                                        <Loc EndOffset="3189" SrcFileId="3" StartOffset="3156"/>
                                        <Loc EndOffset="3260" SrcFileId="3" StartOffset="3193"/>
                                        <Loc EndOffset="3328" SrcFileId="3" StartOffset="3296"/>
                                        <Loc EndOffset="3392" SrcFileId="3" StartOffset="3361"/>
                                    </LocList>
                                    <BasicStmnt CovItemId="S15" CovItemPrefix="org.jfree.data.DataUtilitiesCreateNumberArray2DTest.java" Intrnl_Id="305">
                                        <LocList>
                                            <Loc EndOffset="3152" SrcFileId="3" StartOffset="3102"/>
                                        </LocList>
                                    </BasicStmnt>
                                    <BasicStmnt CovItemId="S16" CovItemPrefix="org.jfree.data.DataUtilitiesCreateNumberArray2DTest.java" Intrnl_Id="306">
                                        <LocList>
                                            <Loc EndOffset="3189" SrcFileId="3" StartOffset="3156"/>
                                        </LocList>
                                    </BasicStmnt>
                                    <BasicStmnt CovItemId="S17" CovItemPrefix="org.jfree.data.DataUtilitiesCreateNumberArray2DTest.java" Intrnl_Id="307">
                                        <LocList>
                                            <Loc EndOffset="3260" SrcFileId="3" StartOffset="3193"/>
                                        </LocList>
                                    </BasicStmnt>
                                    <BasicStmnt CovItemId="S18" CovItemPrefix="org.jfree.data.DataUtilitiesCreateNumberArray2DTest.java" Intrnl_Id="308">
                                        <LocList>
                                            <Loc EndOffset="3328" SrcFileId="3" StartOffset="3296"/>
                                        </LocList>
                                    </BasicStmnt>
                                    <BasicStmnt CovItemId="S19" CovItemPrefix="org.jfree.data.DataUtilitiesCreateNumberArray2DTest.java" Intrnl_Id="309">
                                        <LocList>
                                            <Loc EndOffset="3392" SrcFileId="3" StartOffset="3361"/>
                                        </LocList>
                                    </BasicStmnt>
                                </StmntSeq>
                            </HierarchyLvl>
                            <HierarchyLvl HierarchyLvlId="8295" HierarchyLvlTypeId="13" Intrnl_Id="310" Name="createNumberArrayForSingleDoubleArray">
                                <Header>
                                    <Loc EndOffset="3500" SrcFileId="3" StartOffset="3402"/>
                                </Header>
                                <LocList>
                                    <Loc EndOffset="3971" SrcFileId="3" StartOffset="3402"/>
                                </LocList>
                                <StmntSeq Intrnl_Id="311">
                                    <LocList>
                                        <Loc EndOffset="3559" SrcFileId="3" StartOffset="3508"/>
                                        <Loc EndOffset="3596" SrcFileId="3" StartOffset="3563"/>
                                        <Loc EndOffset="3668" SrcFileId="3" StartOffset="3600"/>
                                        <Loc EndOffset="3736" SrcFileId="3" StartOffset="3704"/>
                                        <Loc EndOffset="3778" SrcFileId="3" StartOffset="3740"/>
                                        <Loc EndOffset="3844" SrcFileId="3" StartOffset="3813"/>
                                        <Loc EndOffset="3882" SrcFileId="3" StartOffset="3848"/>
                                        <Loc EndOffset="3967" SrcFileId="3" StartOffset="3920"/>
                                    </LocList>
                                    <BasicStmnt CovItemId="S20" CovItemPrefix="org.jfree.data.DataUtilitiesCreateNumberArray2DTest.java" Intrnl_Id="312">
                                        <LocList>
                                            <Loc EndOffset="3559" SrcFileId="3" StartOffset="3508"/>
                                        </LocList>
                                    </BasicStmnt>
                                    <BasicStmnt CovItemId="S21" CovItemPrefix="org.jfree.data.DataUtilitiesCreateNumberArray2DTest.java" Intrnl_Id="313">
                                        <LocList>
                                            <Loc EndOffset="3596" SrcFileId="3" StartOffset="3563"/>
                                        </LocList>
                                    </BasicStmnt>
                                    <BasicStmnt CovItemId="S22" CovItemPrefix="org.jfree.data.DataUtilitiesCreateNumberArray2DTest.java" Intrnl_Id="314">
                                        <LocList>
                                            <Loc EndOffset="3668" SrcFileId="3" StartOffset="3600"/>
                                        </LocList>
                                    </BasicStmnt>
                                    <BasicStmnt CovItemId="S23" CovItemPrefix="org.jfree.data.DataUtilitiesCreateNumberArray2DTest.java" Intrnl_Id="315">
                                        <LocList>
                                            <Loc EndOffset="3736" SrcFileId="3" StartOffset="3704"/>
                                        </LocList>
                                    </BasicStmnt>
                                    <BasicStmnt CovItemId="S24" CovItemPrefix="org.jfree.data.DataUtilitiesCreateNumberArray2DTest.java" Intrnl_Id="316">
                                        <LocList>
                                            <Loc EndOffset="3778" SrcFileId="3" StartOffset="3740"/>
                                        </LocList>
                                    </BasicStmnt>
                                    <BasicStmnt CovItemId="S25" CovItemPrefix="org.jfree.data.DataUtilitiesCreateNumberArray2DTest.java" Intrnl_Id="317">
                                        <LocList>
                                            <Loc EndOffset="3844" SrcFileId="3" StartOffset="3813"/>
                                        </LocList>
                                    </BasicStmnt>
                                    <BasicStmnt CovItemId="S26" CovItemPrefix="org.jfree.data.DataUtilitiesCreateNumberArray2DTest.java" Intrnl_Id="318">
                                        <LocList>
                                            <Loc EndOffset="3882" SrcFileId="3" StartOffset="3848"/>
                                        </LocList>
                                    </BasicStmnt>
                                    <BasicStmnt CovItemId="S27" CovItemPrefix="org.jfree.data.DataUtilitiesCreateNumberArray2DTest.java" Intrnl_Id="319">
                                        <LocList>
                                            <Loc EndOffset="3967" SrcFileId="3" StartOffset="3920"/>
                                        </LocList>
                                    </BasicStmnt>
                                </StmntSeq>
                            </HierarchyLvl>
                            <HierarchyLvl HierarchyLvlId="8296" HierarchyLvlTypeId="13" Intrnl_Id="320" Name="createNumberArray2DForSingleRowDoubleArray">
                                <Header>
                                    <Loc EndOffset="4082" SrcFileId="3" StartOffset="3979"/>
                                </Header>
                                <LocList>
                                    <Loc EndOffset="5100" SrcFileId="3" StartOffset="3979"/>
                                </LocList>
                                <StmntSeq Intrnl_Id="321">
                                    <LocList>
                                        <Loc EndOffset="4146" SrcFileId="3" StartOffset="4088"/>
                                        <Loc EndOffset="4185" SrcFileId="3" StartOffset="4152"/>
                                        <Loc EndOffset="4264" SrcFileId="3" StartOffset="4189"/>
                                        <Loc EndOffset="4332" SrcFileId="3" StartOffset="4300"/>
                                        <Loc EndOffset="4374" SrcFileId="3" StartOffset="4336"/>
                                        <Loc EndOffset="4453" SrcFileId="3" StartOffset="4407"/>
                                        <Loc EndOffset="4509" SrcFileId="3" StartOffset="4457"/>
                                        <Loc EndOffset="4594" SrcFileId="3" StartOffset="4549"/>
                                        <Loc EndOffset="4631" SrcFileId="3" StartOffset="4598"/>
                                        <Loc EndOffset="4681" SrcFileId="3" StartOffset="4635"/>
                                        <Loc EndOffset="4730" SrcFileId="3" StartOffset="4685"/>
                                        <Loc EndOffset="4787" SrcFileId="3" StartOffset="4734"/>
                                        <Loc EndOffset="4844" SrcFileId="3" StartOffset="4791"/>
                                        <Loc EndOffset="4905" SrcFileId="3" StartOffset="4848"/>
                                        <Loc EndOffset="4966" SrcFileId="3" StartOffset="4909"/>
                                        <Loc EndOffset="5011" SrcFileId="3" StartOffset="4970"/>
                                        <Loc EndOffset="5058" SrcFileId="3" StartOffset="5015"/>
                                        <Loc EndOffset="5096" SrcFileId="3" StartOffset="5062"/>
                                    </LocList>
                                    <BasicStmnt CovItemId="S28" CovItemPrefix="org.jfree.data.DataUtilitiesCreateNumberArray2DTest.java" Intrnl_Id="322">
                                        <LocList>
                                            <Loc EndOffset="4146" SrcFileId="3" StartOffset="4088"/>
                                        </LocList>
                                    </BasicStmnt>
                                    <BasicStmnt CovItemId="S29" CovItemPrefix="org.jfree.data.DataUtilitiesCreateNumberArray2DTest.java" Intrnl_Id="323">
                                        <LocList>
                                            <Loc EndOffset="4185" SrcFileId="3" StartOffset="4152"/>
                                        </LocList>
                                    </BasicStmnt>
                                    <BasicStmnt CovItemId="S30" CovItemPrefix="org.jfree.data.DataUtilitiesCreateNumberArray2DTest.java" Intrnl_Id="324">
                                        <LocList>
                                            <Loc EndOffset="4264" SrcFileId="3" StartOffset="4189"/>
                                        </LocList>
                                    </BasicStmnt>
                                    <BasicStmnt CovItemId="S31" CovItemPrefix="org.jfree.data.DataUtilitiesCreateNumberArray2DTest.java" Intrnl_Id="325">
                                        <LocList>
                                            <Loc EndOffset="4332" SrcFileId="3" StartOffset="4300"/>
                                        </LocList>
                                    </BasicStmnt>
                                    <BasicStmnt CovItemId="S32" CovItemPrefix="org.jfree.data.DataUtilitiesCreateNumberArray2DTest.java" Intrnl_Id="326">
                                        <LocList>
                                            <Loc EndOffset="4374" SrcFileId="3" StartOffset="4336"/>
                                        </LocList>
                                    </BasicStmnt>
                                    <BasicStmnt CovItemId="S33" CovItemPrefix="org.jfree.data.DataUtilitiesCreateNumberArray2DTest.java" Intrnl_Id="327">
                                        <LocList>
                                            <Loc EndOffset="4453" SrcFileId="3" StartOffset="4407"/>
                                        </LocList>
                                    </BasicStmnt>
                                    <BasicStmnt CovItemId="S34" CovItemPrefix="org.jfree.data.DataUtilitiesCreateNumberArray2DTest.java" Intrnl_Id="328">
                                        <LocList>
                                            <Loc EndOffset="4509" SrcFileId="3" StartOffset="4457"/>
                                        </LocList>
                                    </BasicStmnt>
                                    <BasicStmnt CovItemId="S35" CovItemPrefix="org.jfree.data.DataUtilitiesCreateNumberArray2DTest.java" Intrnl_Id="329">
                                        <LocList>
                                            <Loc EndOffset="4594" SrcFileId="3" StartOffset="4549"/>
                                        </LocList>
                                    </BasicStmnt>
                                    <BasicStmnt CovItemId="S36" CovItemPrefix="org.jfree.data.DataUtilitiesCreateNumberArray2DTest.java" Intrnl_Id="330">
                                        <LocList>
                                            <Loc EndOffset="4631" SrcFileId="3" StartOffset="4598"/>
                                        </LocList>
                                    </BasicStmnt>
                                    <BasicStmnt CovItemId="S37" CovItemPrefix="org.jfree.data.DataUtilitiesCreateNumberArray2DTest.java" Intrnl_Id="331">
                                        <LocList>
                                            <Loc EndOffset="4681" SrcFileId="3" StartOffset="4635"/>
                                        </LocList>
                                    </BasicStmnt>
                                    <BasicStmnt CovItemId="S38" CovItemPrefix="org.jfree.data.DataUtilitiesCreateNumberArray2DTest.java" Intrnl_Id="332">
                                        <LocList>
                                            <Loc EndOffset="4730" SrcFileId="3" StartOffset="4685"/>
                                        </LocList>
                                    </BasicStmnt>
                                    <BasicStmnt CovItemId="S39" CovItemPrefix="org.jfree.data.DataUtilitiesCreateNumberArray2DTest.java" Intrnl_Id="333">
                                        <LocList>
                                            <Loc EndOffset="4787" SrcFileId="3" StartOffset="4734"/>
                                        </LocList>
                                    </BasicStmnt>
                                    <BasicStmnt CovItemId="S40" CovItemPrefix="org.jfree.data.DataUtilitiesCreateNumberArray2DTest.java" Intrnl_Id="334">
                                        <LocList>
                                            <Loc EndOffset="4844" SrcFileId="3" StartOffset="4791"/>
                                        </LocList>
                                    </BasicStmnt>
                                    <BasicStmnt CovItemId="S41" CovItemPrefix="org.jfree.data.DataUtilitiesCreateNumberArray2DTest.java" Intrnl_Id="335">
                                        <LocList>
                                            <Loc EndOffset="4905" SrcFileId="3" StartOffset="4848"/>
                                        </LocList>
                                    </BasicStmnt>
                                    <BasicStmnt CovItemId="S42" CovItemPrefix="org.jfree.data.DataUtilitiesCreateNumberArray2DTest.java" Intrnl_Id="336">
                                        <LocList>
                                            <Loc EndOffset="4966" SrcFileId="3" StartOffset="4909"/>
                                        </LocList>
                                    </BasicStmnt>
                                    <BasicStmnt CovItemId="S43" CovItemPrefix="org.jfree.data.DataUtilitiesCreateNumberArray2DTest.java" Intrnl_Id="337">
                                        <LocList>
                                            <Loc EndOffset="5011" SrcFileId="3" StartOffset="4970"/>
                                        </LocList>
                                    </BasicStmnt>
                                    <BasicStmnt CovItemId="S44" CovItemPrefix="org.jfree.data.DataUtilitiesCreateNumberArray2DTest.java" Intrnl_Id="338">
                                        <LocList>
                                            <Loc EndOffset="5058" SrcFileId="3" StartOffset="5015"/>
                                        </LocList>
                                    </BasicStmnt>
                                    <BasicStmnt CovItemId="S45" CovItemPrefix="org.jfree.data.DataUtilitiesCreateNumberArray2DTest.java" Intrnl_Id="339">
                                        <LocList>
                                            <Loc EndOffset="5096" SrcFileId="3" StartOffset="5062"/>
                                        </LocList>
                                    </BasicStmnt>
                                </StmntSeq>
                            </HierarchyLvl>
                            <HierarchyLvl HierarchyLvlId="8297" HierarchyLvlTypeId="13" Intrnl_Id="340" Name="createNumberArray2DForSingleColumnDoubleArray">
                                <Header>
                                    <Loc EndOffset="5214" SrcFileId="3" StartOffset="5108"/>
                                </Header>
                                <LocList>
                                    <Loc EndOffset="6314" SrcFileId="3" StartOffset="5108"/>
                                </LocList>
                                <StmntSeq Intrnl_Id="341">
                                    <LocList>
                                        <Loc EndOffset="5281" SrcFileId="3" StartOffset="5220"/>
                                        <Loc EndOffset="5320" SrcFileId="3" StartOffset="5287"/>
                                        <Loc EndOffset="5402" SrcFileId="3" StartOffset="5324"/>
                                        <Loc EndOffset="5470" SrcFileId="3" StartOffset="5438"/>
                                        <Loc EndOffset="5559" SrcFileId="3" StartOffset="5474"/>
                                        <Loc EndOffset="5638" SrcFileId="3" StartOffset="5592"/>
                                        <Loc EndOffset="5723" SrcFileId="3" StartOffset="5642"/>
                                        <Loc EndOffset="5808" SrcFileId="3" StartOffset="5763"/>
                                        <Loc EndOffset="5845" SrcFileId="3" StartOffset="5812"/>
                                        <Loc EndOffset="5895" SrcFileId="3" StartOffset="5849"/>
                                        <Loc EndOffset="5944" SrcFileId="3" StartOffset="5899"/>
                                        <Loc EndOffset="6001" SrcFileId="3" StartOffset="5948"/>
                                        <Loc EndOffset="6058" SrcFileId="3" StartOffset="6005"/>
                                        <Loc EndOffset="6119" SrcFileId="3" StartOffset="6062"/>
                                        <Loc EndOffset="6180" SrcFileId="3" StartOffset="6123"/>
                                        <Loc EndOffset="6225" SrcFileId="3" StartOffset="6184"/>
                                        <Loc EndOffset="6272" SrcFileId="3" StartOffset="6229"/>
                                        <Loc EndOffset="6310" SrcFileId="3" StartOffset="6276"/>
                                    </LocList>
                                    <BasicStmnt CovItemId="S46" CovItemPrefix="org.jfree.data.DataUtilitiesCreateNumberArray2DTest.java" Intrnl_Id="342">
                                        <LocList>
                                            <Loc EndOffset="5281" SrcFileId="3" StartOffset="5220"/>
                                        </LocList>
                                    </BasicStmnt>
                                    <BasicStmnt CovItemId="S47" CovItemPrefix="org.jfree.data.DataUtilitiesCreateNumberArray2DTest.java" Intrnl_Id="343">
                                        <LocList>
                                            <Loc EndOffset="5320" SrcFileId="3" StartOffset="5287"/>
                                        </LocList>
                                    </BasicStmnt>
                                    <BasicStmnt CovItemId="S48" CovItemPrefix="org.jfree.data.DataUtilitiesCreateNumberArray2DTest.java" Intrnl_Id="344">
                                        <LocList>
                                            <Loc EndOffset="5402" SrcFileId="3" StartOffset="5324"/>
                                        </LocList>
                                    </BasicStmnt>
                                    <BasicStmnt CovItemId="S49" CovItemPrefix="org.jfree.data.DataUtilitiesCreateNumberArray2DTest.java" Intrnl_Id="345">
                                        <LocList>
                                            <Loc EndOffset="5470" SrcFileId="3" StartOffset="5438"/>
                                        </LocList>
                                    </BasicStmnt>
                                    <LoopStmnt CovItemId="S50" CovItemPrefix="org.jfree.data.DataUtilitiesCreateNumberArray2DTest.java" Intrnl_Id="346" MltplExecId="L1-2" MltplExecPrefix="org.jfree.data.DataUtilitiesCreateNumberArray2DTest.java" NvrExecId="L1-0" NvrExecPrefix="org.jfree.data.DataUtilitiesCreateNumberArray2DTest.java" OnceExecutedId="L1-1" OnceExecutedPrefix="org.jfree.data.DataUtilitiesCreateNumberArray2DTest.java" OptBodyExec="true">
                                        <StmntSeq Intrnl_Id="347">
                                            <LocList>
                                                <Loc EndOffset="5554" SrcFileId="3" StartOffset="5516"/>
                                            </LocList>
                                            <BasicStmnt CovItemId="S51" CovItemPrefix="org.jfree.data.DataUtilitiesCreateNumberArray2DTest.java" Intrnl_Id="348">
                                                <LocList>
                                                    <Loc EndOffset="5554" SrcFileId="3" StartOffset="5516"/>
                                                </LocList>
                                            </BasicStmnt>
                                        </StmntSeq>
                                        <Keyword EndOffset="5477" SrcFileId="3" StartOffset="5474"/>
                                        <LocList>
                                            <Loc EndOffset="5559" SrcFileId="3" StartOffset="5474"/>
                                        </LocList>
                                        <RootTerm CovItemId="C1" CovItemPrefix="org.jfree.data.DataUtilitiesCreateNumberArray2DTest.java" Intrnl_Id="349">
                                            <BasicBoolTerm Intrnl_Id="350">
                                                <LocList>
                                                    <Loc EndOffset="5503" SrcFileId="3" StartOffset="5487"/>
                                                </LocList>
                                            </BasicBoolTerm>
                                        </RootTerm>
                                    </LoopStmnt>
                                    <BasicStmnt CovItemId="S52" CovItemPrefix="org.jfree.data.DataUtilitiesCreateNumberArray2DTest.java" Intrnl_Id="351">
                                        <LocList>
                                            <Loc EndOffset="5638" SrcFileId="3" StartOffset="5592"/>
                                        </LocList>
                                    </BasicStmnt>
                                    <LoopStmnt CovItemId="S53" CovItemPrefix="org.jfree.data.DataUtilitiesCreateNumberArray2DTest.java" Intrnl_Id="352" MltplExecId="L2-2" MltplExecPrefix="org.jfree.data.DataUtilitiesCreateNumberArray2DTest.java" NvrExecId="L2-0" NvrExecPrefix="org.jfree.data.DataUtilitiesCreateNumberArray2DTest.java" OnceExecutedId="L2-1" OnceExecutedPrefix="org.jfree.data.DataUtilitiesCreateNumberArray2DTest.java" OptBodyExec="true">
                                        <StmntSeq Intrnl_Id="353">
                                            <LocList>
                                                <Loc EndOffset="5718" SrcFileId="3" StartOffset="5684"/>
                                            </LocList>
                                            <BasicStmnt CovItemId="S54" CovItemPrefix="org.jfree.data.DataUtilitiesCreateNumberArray2DTest.java" Intrnl_Id="354">
                                                <LocList>
                                                    <Loc EndOffset="5718" SrcFileId="3" StartOffset="5684"/>
                                                </LocList>
                                            </BasicStmnt>
                                        </StmntSeq>
                                        <Keyword EndOffset="5645" SrcFileId="3" StartOffset="5642"/>
                                        <LocList>
                                            <Loc EndOffset="5723" SrcFileId="3" StartOffset="5642"/>
                                        </LocList>
                                        <RootTerm CovItemId="C2" CovItemPrefix="org.jfree.data.DataUtilitiesCreateNumberArray2DTest.java" Intrnl_Id="355">
                                            <BasicBoolTerm Intrnl_Id="356">
                                                <LocList>
                                                    <Loc EndOffset="5671" SrcFileId="3" StartOffset="5655"/>
                                                </LocList>
                                            </BasicBoolTerm>
                                        </RootTerm>
                                    </LoopStmnt>
                                    <BasicStmnt CovItemId="S55" CovItemPrefix="org.jfree.data.DataUtilitiesCreateNumberArray2DTest.java" Intrnl_Id="357">
                                        <LocList>
                                            <Loc EndOffset="5808" SrcFileId="3" StartOffset="5763"/>
                                        </LocList>
                                    </BasicStmnt>
                                    <BasicStmnt CovItemId="S56" CovItemPrefix="org.jfree.data.DataUtilitiesCreateNumberArray2DTest.java" Intrnl_Id="358">
                                        <LocList>
                                            <Loc EndOffset="5845" SrcFileId="3" StartOffset="5812"/>
                                        </LocList>
                                    </BasicStmnt>
                                    <BasicStmnt CovItemId="S57" CovItemPrefix="org.jfree.data.DataUtilitiesCreateNumberArray2DTest.java" Intrnl_Id="359">
                                        <LocList>
                                            <Loc EndOffset="5895" SrcFileId="3" StartOffset="5849"/>
                                        </LocList>
                                    </BasicStmnt>
                                    <BasicStmnt CovItemId="S58" CovItemPrefix="org.jfree.data.DataUtilitiesCreateNumberArray2DTest.java" Intrnl_Id="360">
                                        <LocList>
                                            <Loc EndOffset="5944" SrcFileId="3" StartOffset="5899"/>
                                        </LocList>
                                    </BasicStmnt>
                                    <BasicStmnt CovItemId="S59" CovItemPrefix="org.jfree.data.DataUtilitiesCreateNumberArray2DTest.java" Intrnl_Id="361">
                                        <LocList>
                                            <Loc EndOffset="6001" SrcFileId="3" StartOffset="5948"/>
                                        </LocList>
                                    </BasicStmnt>
                                    <BasicStmnt CovItemId="S60" CovItemPrefix="org.jfree.data.DataUtilitiesCreateNumberArray2DTest.java" Intrnl_Id="362">
                                        <LocList>
                                            <Loc EndOffset="6058" SrcFileId="3" StartOffset="6005"/>
                                        </LocList>
                                    </BasicStmnt>
                                    <BasicStmnt CovItemId="S61" CovItemPrefix="org.jfree.data.DataUtilitiesCreateNumberArray2DTest.java" Intrnl_Id="363">
                                        <LocList>
                                            <Loc EndOffset="6119" SrcFileId="3" StartOffset="6062"/>
                                        </LocList>
                                    </BasicStmnt>
                                    <BasicStmnt CovItemId="S62" CovItemPrefix="org.jfree.data.DataUtilitiesCreateNumberArray2DTest.java" Intrnl_Id="364">
                                        <LocList>
                                            <Loc EndOffset="6180" SrcFileId="3" StartOffset="6123"/>
                                        </LocList>
                                    </BasicStmnt>
                                    <BasicStmnt CovItemId="S63" CovItemPrefix="org.jfree.data.DataUtilitiesCreateNumberArray2DTest.java" Intrnl_Id="365">
                                        <LocList>
                                            <Loc EndOffset="6225" SrcFileId="3" StartOffset="6184"/>
                                        </LocList>
                                    </BasicStmnt>
                                    <BasicStmnt CovItemId="S64" CovItemPrefix="org.jfree.data.DataUtilitiesCreateNumberArray2DTest.java" Intrnl_Id="366">
                                        <LocList>
                                            <Loc EndOffset="6272" SrcFileId="3" StartOffset="6229"/>
                                        </LocList>
                                    </BasicStmnt>
                                    <BasicStmnt CovItemId="S65" CovItemPrefix="org.jfree.data.DataUtilitiesCreateNumberArray2DTest.java" Intrnl_Id="367">
                                        <LocList>
                                            <Loc EndOffset="6310" SrcFileId="3" StartOffset="6276"/>
                                        </LocList>
                                    </BasicStmnt>
                                </StmntSeq>
                            </HierarchyLvl>
                            <HierarchyLvl HierarchyLvlId="8298" HierarchyLvlTypeId="13" Intrnl_Id="368" Name="createNumberArray2DForMxNDoubleArray">
                                <Header>
                                    <Loc EndOffset="6417" SrcFileId="3" StartOffset="6320"/>
                                </Header>
                                <LocList>
                                    <Loc EndOffset="7136" SrcFileId="3" StartOffset="6320"/>
                                </LocList>
                                <StmntSeq Intrnl_Id="369">
                                    <LocList>
                                        <Loc EndOffset="6481" SrcFileId="3" StartOffset="6423"/>
                                        <Loc EndOffset="6520" SrcFileId="3" StartOffset="6487"/>
                                        <Loc EndOffset="6599" SrcFileId="3" StartOffset="6524"/>
                                        <Loc EndOffset="6667" SrcFileId="3" StartOffset="6635"/>
                                        <Loc EndOffset="6756" SrcFileId="3" StartOffset="6671"/>
                                        <Loc EndOffset="6835" SrcFileId="3" StartOffset="6789"/>
                                        <Loc EndOffset="6938" SrcFileId="3" StartOffset="6839"/>
                                        <Loc EndOffset="7126" SrcFileId="3" StartOffset="6978"/>
                                    </LocList>
                                    <BasicStmnt CovItemId="S66" CovItemPrefix="org.jfree.data.DataUtilitiesCreateNumberArray2DTest.java" Intrnl_Id="370">
                                        <LocList>
                                            <Loc EndOffset="6481" SrcFileId="3" StartOffset="6423"/>
                                        </LocList>
                                    </BasicStmnt>
                                    <BasicStmnt CovItemId="S67" CovItemPrefix="org.jfree.data.DataUtilitiesCreateNumberArray2DTest.java" Intrnl_Id="371">
                                        <LocList>
                                            <Loc EndOffset="6520" SrcFileId="3" StartOffset="6487"/>
                                        </LocList>
                                    </BasicStmnt>
                                    <BasicStmnt CovItemId="S68" CovItemPrefix="org.jfree.data.DataUtilitiesCreateNumberArray2DTest.java" Intrnl_Id="372">
                                        <LocList>
                                            <Loc EndOffset="6599" SrcFileId="3" StartOffset="6524"/>
                                        </LocList>
                                    </BasicStmnt>
                                    <BasicStmnt CovItemId="S69" CovItemPrefix="org.jfree.data.DataUtilitiesCreateNumberArray2DTest.java" Intrnl_Id="373">
                                        <LocList>
                                            <Loc EndOffset="6667" SrcFileId="3" StartOffset="6635"/>
                                        </LocList>
                                    </BasicStmnt>
                                    <LoopStmnt CovItemId="S70" CovItemPrefix="org.jfree.data.DataUtilitiesCreateNumberArray2DTest.java" Intrnl_Id="374" MltplExecId="L3-2" MltplExecPrefix="org.jfree.data.DataUtilitiesCreateNumberArray2DTest.java" NvrExecId="L3-0" NvrExecPrefix="org.jfree.data.DataUtilitiesCreateNumberArray2DTest.java" OnceExecutedId="L3-1" OnceExecutedPrefix="org.jfree.data.DataUtilitiesCreateNumberArray2DTest.java" OptBodyExec="true">
                                        <StmntSeq Intrnl_Id="375">
                                            <LocList>
                                                <Loc EndOffset="6751" SrcFileId="3" StartOffset="6713"/>
                                            </LocList>
                                            <BasicStmnt CovItemId="S71" CovItemPrefix="org.jfree.data.DataUtilitiesCreateNumberArray2DTest.java" Intrnl_Id="376">
                                                <LocList>
                                                    <Loc EndOffset="6751" SrcFileId="3" StartOffset="6713"/>
                                                </LocList>
                                            </BasicStmnt>
                                        </StmntSeq>
                                        <Keyword EndOffset="6674" SrcFileId="3" StartOffset="6671"/>
                                        <LocList>
                                            <Loc EndOffset="6756" SrcFileId="3" StartOffset="6671"/>
                                        </LocList>
                                        <RootTerm CovItemId="C3" CovItemPrefix="org.jfree.data.DataUtilitiesCreateNumberArray2DTest.java" Intrnl_Id="377">
                                            <BasicBoolTerm Intrnl_Id="378">
                                                <LocList>
                                                    <Loc EndOffset="6700" SrcFileId="3" StartOffset="6684"/>
                                                </LocList>
                                            </BasicBoolTerm>
                                        </RootTerm>
                                    </LoopStmnt>
                                    <BasicStmnt CovItemId="S72" CovItemPrefix="org.jfree.data.DataUtilitiesCreateNumberArray2DTest.java" Intrnl_Id="379">
                                        <LocList>
                                            <Loc EndOffset="6835" SrcFileId="3" StartOffset="6789"/>
                                        </LocList>
                                    </BasicStmnt>
                                    <LoopStmnt CovItemId="S73" CovItemPrefix="org.jfree.data.DataUtilitiesCreateNumberArray2DTest.java" Intrnl_Id="380" MltplExecId="L4-2" MltplExecPrefix="org.jfree.data.DataUtilitiesCreateNumberArray2DTest.java" NvrExecId="L4-0" NvrExecPrefix="org.jfree.data.DataUtilitiesCreateNumberArray2DTest.java" OnceExecutedId="L4-1" OnceExecutedPrefix="org.jfree.data.DataUtilitiesCreateNumberArray2DTest.java" OptBodyExec="true">
                                        <StmntSeq Intrnl_Id="381">
                                            <LocList>
                                                <Loc EndOffset="6933" SrcFileId="3" StartOffset="6881"/>
                                            </LocList>
                                            <BasicStmnt CovItemId="S74" CovItemPrefix="org.jfree.data.DataUtilitiesCreateNumberArray2DTest.java" Intrnl_Id="382">
                                                <LocList>
                                                    <Loc EndOffset="6933" SrcFileId="3" StartOffset="6881"/>
                                                </LocList>
                                            </BasicStmnt>
                                        </StmntSeq>
                                        <Keyword EndOffset="6842" SrcFileId="3" StartOffset="6839"/>
                                        <LocList>
                                            <Loc EndOffset="6938" SrcFileId="3" StartOffset="6839"/>
                                        </LocList>
                                        <RootTerm CovItemId="C4" CovItemPrefix="org.jfree.data.DataUtilitiesCreateNumberArray2DTest.java" Intrnl_Id="383">
                                            <BasicBoolTerm Intrnl_Id="384">
                                                <LocList>
                                                    <Loc EndOffset="6868" SrcFileId="3" StartOffset="6852"/>
                                                </LocList>
                                            </BasicBoolTerm>
                                        </RootTerm>
                                    </LoopStmnt>
                                    <LoopStmnt CovItemId="S75" CovItemPrefix="org.jfree.data.DataUtilitiesCreateNumberArray2DTest.java" Intrnl_Id="385" MltplExecId="L5-2" MltplExecPrefix="org.jfree.data.DataUtilitiesCreateNumberArray2DTest.java" NvrExecId="L5-0" NvrExecPrefix="org.jfree.data.DataUtilitiesCreateNumberArray2DTest.java" OnceExecutedId="L5-1" OnceExecutedPrefix="org.jfree.data.DataUtilitiesCreateNumberArray2DTest.java" OptBodyExec="true">
                                        <StmntSeq Intrnl_Id="386">
                                            <LocList>
                                                <Loc EndOffset="7121" SrcFileId="3" StartOffset="7023"/>
                                            </LocList>
                                            <LoopStmnt CovItemId="S76" CovItemPrefix="org.jfree.data.DataUtilitiesCreateNumberArray2DTest.java" Intrnl_Id="387" MltplExecId="L6-2" MltplExecPrefix="org.jfree.data.DataUtilitiesCreateNumberArray2DTest.java" NvrExecId="L6-0" NvrExecPrefix="org.jfree.data.DataUtilitiesCreateNumberArray2DTest.java" OnceExecutedId="L6-1" OnceExecutedPrefix="org.jfree.data.DataUtilitiesCreateNumberArray2DTest.java" OptBodyExec="true">
                                                <StmntSeq Intrnl_Id="388">
                                                    <LocList>
                                                        <Loc EndOffset="7115" SrcFileId="3" StartOffset="7071"/>
                                                    </LocList>
                                                    <BasicStmnt CovItemId="S77" CovItemPrefix="org.jfree.data.DataUtilitiesCreateNumberArray2DTest.java" Intrnl_Id="389">
                                                        <LocList>
                                                            <Loc EndOffset="7115" SrcFileId="3" StartOffset="7071"/>
                                                        </LocList>
                                                    </BasicStmnt>
                                                </StmntSeq>
                                                <Keyword EndOffset="7026" SrcFileId="3" StartOffset="7023"/>
                                                <LocList>
                                                    <Loc EndOffset="7121" SrcFileId="3" StartOffset="7023"/>
                                                </LocList>
                                                <RootTerm CovItemId="C6" CovItemPrefix="org.jfree.data.DataUtilitiesCreateNumberArray2DTest.java" Intrnl_Id="390">
                                                    <BasicBoolTerm Intrnl_Id="391">
                                                        <LocList>
                                                            <Loc EndOffset="7057" SrcFileId="3" StartOffset="7036"/>
                                                        </LocList>
                                                    </BasicBoolTerm>
                                                </RootTerm>
                                            </LoopStmnt>
                                        </StmntSeq>
                                        <Keyword EndOffset="6981" SrcFileId="3" StartOffset="6978"/>
                                        <LocList>
                                            <Loc EndOffset="7126" SrcFileId="3" StartOffset="6978"/>
                                        </LocList>
                                        <RootTerm CovItemId="C5" CovItemPrefix="org.jfree.data.DataUtilitiesCreateNumberArray2DTest.java" Intrnl_Id="392">
                                            <BasicBoolTerm Intrnl_Id="393">
                                                <LocList>
                                                    <Loc EndOffset="7010" SrcFileId="3" StartOffset="6991"/>
                                                </LocList>
                                            </BasicBoolTerm>
                                        </RootTerm>
                                    </LoopStmnt>
                                </StmntSeq>
                            </HierarchyLvl>
                            <HierarchyLvl HierarchyLvlId="8299" HierarchyLvlTypeId="13" Intrnl_Id="394" Name="tearDown">
                                <Header>
                                    <Loc EndOffset="7189" SrcFileId="3" StartOffset="7141"/>
                                </Header>
                                <LocList>
                                    <Loc EndOffset="7197" SrcFileId="3" StartOffset="7141"/>
                                </LocList>
                            </HierarchyLvl>
                            <HierarchyLvl HierarchyLvlId="8300" HierarchyLvlTypeId="13" Intrnl_Id="395" Name="tearDownAfterClass">
                                <Header>
                                    <Loc EndOffset="7272" SrcFileId="3" StartOffset="7202"/>
                                </Header>
                                <LocList>
                                    <Loc EndOffset="7280" SrcFileId="3" StartOffset="7202"/>
                                </LocList>
                            </HierarchyLvl>
                            <HierarchyLvl HierarchyLvlId="8301" HierarchyLvlTypeId="13" Intrnl_Id="396" Name="dArray2DArray">
                                <Header>
                                    <Loc EndOffset="7400" SrcFileId="3" StartOffset="7344"/>
                                </Header>
                                <LocList>
                                    <Loc EndOffset="7674" SrcFileId="3" StartOffset="7344"/>
                                </LocList>
                                <StmntSeq Intrnl_Id="397">
                                    <LocList>
                                        <Loc EndOffset="7455" SrcFileId="3" StartOffset="7406"/>
                                        <Loc EndOffset="7649" SrcFileId="3" StartOffset="7459"/>
                                        <Loc EndOffset="7670" SrcFileId="3" StartOffset="7653"/>
                                    </LocList>
                                    <BasicStmnt CovItemId="S78" CovItemPrefix="org.jfree.data.DataUtilitiesCreateNumberArray2DTest.java" Intrnl_Id="398">
                                        <LocList>
                                            <Loc EndOffset="7455" SrcFileId="3" StartOffset="7406"/>
                                        </LocList>
                                    </BasicStmnt>
                                    <LoopStmnt CovItemId="S79" CovItemPrefix="org.jfree.data.DataUtilitiesCreateNumberArray2DTest.java" Intrnl_Id="399" MltplExecId="L7-2" MltplExecPrefix="org.jfree.data.DataUtilitiesCreateNumberArray2DTest.java" NvrExecId="L7-0" NvrExecPrefix="org.jfree.data.DataUtilitiesCreateNumberArray2DTest.java" OnceExecutedId="L7-1" OnceExecutedPrefix="org.jfree.data.DataUtilitiesCreateNumberArray2DTest.java" OptBodyExec="true">
                                        <StmntSeq Intrnl_Id="400">
                                            <LocList>
                                                <Loc EndOffset="7545" SrcFileId="3" StartOffset="7503"/>
                                                <Loc EndOffset="7644" SrcFileId="3" StartOffset="7550"/>
                                            </LocList>
                                            <BasicStmnt CovItemId="S80" CovItemPrefix="org.jfree.data.DataUtilitiesCreateNumberArray2DTest.java" Intrnl_Id="401">
                                                <LocList>
                                                    <Loc EndOffset="7545" SrcFileId="3" StartOffset="7503"/>
                                                </LocList>
                                            </BasicStmnt>
                                            <LoopStmnt CovItemId="S81" CovItemPrefix="org.jfree.data.DataUtilitiesCreateNumberArray2DTest.java" Intrnl_Id="402" MltplExecId="L8-2" MltplExecPrefix="org.jfree.data.DataUtilitiesCreateNumberArray2DTest.java" NvrExecId="L8-0" NvrExecPrefix="org.jfree.data.DataUtilitiesCreateNumberArray2DTest.java" OnceExecutedId="L8-1" OnceExecutedPrefix="org.jfree.data.DataUtilitiesCreateNumberArray2DTest.java" OptBodyExec="true">
                                                <StmntSeq Intrnl_Id="403">
                                                    <LocList>
                                                        <Loc EndOffset="7638" SrcFileId="3" StartOffset="7597"/>
                                                    </LocList>
                                                    <BasicStmnt CovItemId="S82" CovItemPrefix="org.jfree.data.DataUtilitiesCreateNumberArray2DTest.java" Intrnl_Id="404">
                                                        <LocList>
                                                            <Loc EndOffset="7638" SrcFileId="3" StartOffset="7597"/>
                                                        </LocList>
                                                    </BasicStmnt>
                                                </StmntSeq>
                                                <Keyword EndOffset="7553" SrcFileId="3" StartOffset="7550"/>
                                                <LocList>
                                                    <Loc EndOffset="7644" SrcFileId="3" StartOffset="7550"/>
                                                </LocList>
                                                <RootTerm CovItemId="C8" CovItemPrefix="org.jfree.data.DataUtilitiesCreateNumberArray2DTest.java" Intrnl_Id="405">
                                                    <BasicBoolTerm Intrnl_Id="406">
                                                        <LocList>
                                                            <Loc EndOffset="7583" SrcFileId="3" StartOffset="7565"/>
                                                        </LocList>
                                                    </BasicBoolTerm>
                                                </RootTerm>
                                            </LoopStmnt>
                                        </StmntSeq>
                                        <Keyword EndOffset="7462" SrcFileId="3" StartOffset="7459"/>
                                        <LocList>
                                            <Loc EndOffset="7649" SrcFileId="3" StartOffset="7459"/>
                                        </LocList>
                                        <RootTerm CovItemId="C7" CovItemPrefix="org.jfree.data.DataUtilitiesCreateNumberArray2DTest.java" Intrnl_Id="407">
                                            <BasicBoolTerm Intrnl_Id="408">
                                                <LocList>
                                                    <Loc EndOffset="7490" SrcFileId="3" StartOffset="7475"/>
                                                </LocList>
                                            </BasicBoolTerm>
                                        </RootTerm>
                                    </LoopStmnt>
                                    <BasicStmnt CovItemId="S83" CovItemPrefix="org.jfree.data.DataUtilitiesCreateNumberArray2DTest.java" Intrnl_Id="409">
                                        <LocList>
                                            <Loc EndOffset="7670" SrcFileId="3" StartOffset="7653"/>
                                        </LocList>
                                    </BasicStmnt>
                                </StmntSeq>
                            </HierarchyLvl>
                        </HierarchyLvl>
                        <HierarchyLvl HierarchyLvlId="8311" HierarchyLvlTypeId="14" Intrnl_Id="410" Name="DataUtilitiesCreateNumberArrayTest">
                            <Header>
                                <Loc EndOffset="680" SrcFileId="4" StartOffset="633"/>
                            </Header>
                            <LocList>
                                <Loc EndOffset="3797" SrcFileId="4" StartOffset="633"/>
                            </LocList>
                            <HierarchyLvl HierarchyLvlId="8303" HierarchyLvlTypeId="13" Intrnl_Id="411" Name="setUpBeforeClass">
                                <Header>
                                    <Loc EndOffset="860" SrcFileId="4" StartOffset="791"/>
                                </Header>
                                <LocList>
                                    <Loc EndOffset="978" SrcFileId="4" StartOffset="791"/>
                                </LocList>
                                <StmntSeq Intrnl_Id="412">
                                    <LocList>
                                        <Loc EndOffset="974" SrcFileId="4" StartOffset="866"/>
                                    </LocList>
                                    <BasicStmnt CovItemId="S1" CovItemPrefix="org.jfree.data.DataUtilitiesCreateNumberArrayTest.java" Intrnl_Id="413">
                                        <LocList>
                                            <Loc EndOffset="974" SrcFileId="4" StartOffset="866"/>
                                        </LocList>
                                    </BasicStmnt>
                                </StmntSeq>
                            </HierarchyLvl>
                            <HierarchyLvl HierarchyLvlId="8304" HierarchyLvlTypeId="13" Intrnl_Id="414" Name="setUp">
                                <Header>
                                    <Loc EndOffset="1029" SrcFileId="4" StartOffset="983"/>
                                </Header>
                                <LocList>
                                    <Loc EndOffset="1548" SrcFileId="4" StartOffset="983"/>
                                </LocList>
                                <StmntSeq Intrnl_Id="415">
                                    <LocList>
                                        <Loc EndOffset="1253" SrcFileId="4" StartOffset="1035"/>
                                        <Loc EndOffset="1279" SrcFileId="4" StartOffset="1257"/>
                                        <Loc EndOffset="1312" SrcFileId="4" StartOffset="1295"/>
                                        <Loc EndOffset="1333" SrcFileId="4" StartOffset="1316"/>
                                        <Loc EndOffset="1411" SrcFileId="4" StartOffset="1383"/>
                                        <Loc EndOffset="1441" SrcFileId="4" StartOffset="1415"/>
                                        <Loc EndOffset="1498" SrcFileId="4" StartOffset="1445"/>
                                        <Loc EndOffset="1522" SrcFileId="4" StartOffset="1502"/>
                                        <Loc EndOffset="1544" SrcFileId="4" StartOffset="1526"/>
                                    </LocList>
                                    <BasicStmnt CovItemId="S2" CovItemPrefix="org.jfree.data.DataUtilitiesCreateNumberArrayTest.java" Intrnl_Id="416">
                                        <LocList>
                                            <Loc EndOffset="1253" SrcFileId="4" StartOffset="1035"/>
                                        </LocList>
                                    </BasicStmnt>
                                    <BasicStmnt CovItemId="S3" CovItemPrefix="org.jfree.data.DataUtilitiesCreateNumberArrayTest.java" Intrnl_Id="417">
                                        <LocList>
                                            <Loc EndOffset="1279" SrcFileId="4" StartOffset="1257"/>
                                        </LocList>
                                    </BasicStmnt>
                                    <BasicStmnt CovItemId="S4" CovItemPrefix="org.jfree.data.DataUtilitiesCreateNumberArrayTest.java" Intrnl_Id="418">
                                        <LocList>
                                            <Loc EndOffset="1312" SrcFileId="4" StartOffset="1295"/>
                                        </LocList>
                                    </BasicStmnt>
                                    <BasicStmnt CovItemId="S5" CovItemPrefix="org.jfree.data.DataUtilitiesCreateNumberArrayTest.java" Intrnl_Id="419">
                                        <LocList>
                                            <Loc EndOffset="1333" SrcFileId="4" StartOffset="1316"/>
                                        </LocList>
                                    </BasicStmnt>
                                    <BasicStmnt CovItemId="S6" CovItemPrefix="org.jfree.data.DataUtilitiesCreateNumberArrayTest.java" Intrnl_Id="420">
                                        <LocList>
                                            <Loc EndOffset="1411" SrcFileId="4" StartOffset="1383"/>
                                        </LocList>
                                    </BasicStmnt>
                                    <BasicStmnt CovItemId="S7" CovItemPrefix="org.jfree.data.DataUtilitiesCreateNumberArrayTest.java" Intrnl_Id="421">
                                        <LocList>
                                            <Loc EndOffset="1441" SrcFileId="4" StartOffset="1415"/>
                                        </LocList>
                                    </BasicStmnt>
                                    <BasicStmnt CovItemId="S8" CovItemPrefix="org.jfree.data.DataUtilitiesCreateNumberArrayTest.java" Intrnl_Id="422">
                                        <LocList>
                                            <Loc EndOffset="1498" SrcFileId="4" StartOffset="1445"/>
                                        </LocList>
                                    </BasicStmnt>
                                    <BasicStmnt CovItemId="S9" CovItemPrefix="org.jfree.data.DataUtilitiesCreateNumberArrayTest.java" Intrnl_Id="423">
                                        <LocList>
                                            <Loc EndOffset="1522" SrcFileId="4" StartOffset="1502"/>
                                        </LocList>
                                    </BasicStmnt>
                                    <BasicStmnt CovItemId="S10" CovItemPrefix="org.jfree.data.DataUtilitiesCreateNumberArrayTest.java" Intrnl_Id="424">
                                        <LocList>
                                            <Loc EndOffset="1544" SrcFileId="4" StartOffset="1526"/>
                                        </LocList>
                                    </BasicStmnt>
                                </StmntSeq>
                            </HierarchyLvl>
                            <HierarchyLvl HierarchyLvlId="8305" HierarchyLvlTypeId="13" Intrnl_Id="425" Name="createNumberArrayForMultiDoubleArray">
                                <Header>
                                    <Loc EndOffset="1650" SrcFileId="4" StartOffset="1553"/>
                                </Header>
                                <LocList>
                                    <Loc EndOffset="2527" SrcFileId="4" StartOffset="1553"/>
                                </LocList>
                                <StmntSeq Intrnl_Id="426">
                                    <LocList>
                                        <Loc EndOffset="1709" SrcFileId="4" StartOffset="1656"/>
                                        <Loc EndOffset="1746" SrcFileId="4" StartOffset="1715"/>
                                        <Loc EndOffset="1818" SrcFileId="4" StartOffset="1750"/>
                                        <Loc EndOffset="1886" SrcFileId="4" StartOffset="1854"/>
                                        <Loc EndOffset="1967" SrcFileId="4" StartOffset="1921"/>
                                        <Loc EndOffset="2049" SrcFileId="4" StartOffset="2007"/>
                                        <Loc EndOffset="2083" SrcFileId="4" StartOffset="2053"/>
                                        <Loc EndOffset="2130" SrcFileId="4" StartOffset="2087"/>
                                        <Loc EndOffset="2176" SrcFileId="4" StartOffset="2134"/>
                                        <Loc EndOffset="2230" SrcFileId="4" StartOffset="2180"/>
                                        <Loc EndOffset="2284" SrcFileId="4" StartOffset="2234"/>
                                        <Loc EndOffset="2342" SrcFileId="4" StartOffset="2288"/>
                                        <Loc EndOffset="2400" SrcFileId="4" StartOffset="2346"/>
                                        <Loc EndOffset="2442" SrcFileId="4" StartOffset="2404"/>
                                        <Loc EndOffset="2486" SrcFileId="4" StartOffset="2446"/>
                                        <Loc EndOffset="2521" SrcFileId="4" StartOffset="2490"/>
                                    </LocList>
                                    <BasicStmnt CovItemId="S11" CovItemPrefix="org.jfree.data.DataUtilitiesCreateNumberArrayTest.java" Intrnl_Id="427">
                                        <LocList>
                                            <Loc EndOffset="1709" SrcFileId="4" StartOffset="1656"/>
                                        </LocList>
                                    </BasicStmnt>
                                    <BasicStmnt CovItemId="S12" CovItemPrefix="org.jfree.data.DataUtilitiesCreateNumberArrayTest.java" Intrnl_Id="428">
                                        <LocList>
                                            <Loc EndOffset="1746" SrcFileId="4" StartOffset="1715"/>
                                        </LocList>
                                    </BasicStmnt>
                                    <BasicStmnt CovItemId="S13" CovItemPrefix="org.jfree.data.DataUtilitiesCreateNumberArrayTest.java" Intrnl_Id="429">
                                        <LocList>
                                            <Loc EndOffset="1818" SrcFileId="4" StartOffset="1750"/>
                                        </LocList>
                                    </BasicStmnt>
                                    <BasicStmnt CovItemId="S14" CovItemPrefix="org.jfree.data.DataUtilitiesCreateNumberArrayTest.java" Intrnl_Id="430">
                                        <LocList>
                                            <Loc EndOffset="1886" SrcFileId="4" StartOffset="1854"/>
                                        </LocList>
                                    </BasicStmnt>
                                    <BasicStmnt CovItemId="S15" CovItemPrefix="org.jfree.data.DataUtilitiesCreateNumberArrayTest.java" Intrnl_Id="431">
                                        <LocList>
                                            <Loc EndOffset="1967" SrcFileId="4" StartOffset="1921"/>
                                        </LocList>
                                    </BasicStmnt>
                                    <BasicStmnt CovItemId="S16" CovItemPrefix="org.jfree.data.DataUtilitiesCreateNumberArrayTest.java" Intrnl_Id="432">
                                        <LocList>
                                            <Loc EndOffset="2049" SrcFileId="4" StartOffset="2007"/>
                                        </LocList>
                                    </BasicStmnt>
                                    <BasicStmnt CovItemId="S17" CovItemPrefix="org.jfree.data.DataUtilitiesCreateNumberArrayTest.java" Intrnl_Id="433">
                                        <LocList>
                                            <Loc EndOffset="2083" SrcFileId="4" StartOffset="2053"/>
                                        </LocList>
                                    </BasicStmnt>
                                    <BasicStmnt CovItemId="S18" CovItemPrefix="org.jfree.data.DataUtilitiesCreateNumberArrayTest.java" Intrnl_Id="434">
                                        <LocList>
                                            <Loc EndOffset="2130" SrcFileId="4" StartOffset="2087"/>
                                        </LocList>
                                    </BasicStmnt>
                                    <BasicStmnt CovItemId="S19" CovItemPrefix="org.jfree.data.DataUtilitiesCreateNumberArrayTest.java" Intrnl_Id="435">
                                        <LocList>
                                            <Loc EndOffset="2176" SrcFileId="4" StartOffset="2134"/>
                                        </LocList>
                                    </BasicStmnt>
                                    <BasicStmnt CovItemId="S20" CovItemPrefix="org.jfree.data.DataUtilitiesCreateNumberArrayTest.java" Intrnl_Id="436">
                                        <LocList>
                                            <Loc EndOffset="2230" SrcFileId="4" StartOffset="2180"/>
                                        </LocList>
                                    </BasicStmnt>
                                    <BasicStmnt CovItemId="S21" CovItemPrefix="org.jfree.data.DataUtilitiesCreateNumberArrayTest.java" Intrnl_Id="437">
                                        <LocList>
                                            <Loc EndOffset="2284" SrcFileId="4" StartOffset="2234"/>
                                        </LocList>
                                    </BasicStmnt>
                                    <BasicStmnt CovItemId="S22" CovItemPrefix="org.jfree.data.DataUtilitiesCreateNumberArrayTest.java" Intrnl_Id="438">
                                        <LocList>
                                            <Loc EndOffset="2342" SrcFileId="4" StartOffset="2288"/>
                                        </LocList>
                                    </BasicStmnt>
                                    <BasicStmnt CovItemId="S23" CovItemPrefix="org.jfree.data.DataUtilitiesCreateNumberArrayTest.java" Intrnl_Id="439">
                                        <LocList>
                                            <Loc EndOffset="2400" SrcFileId="4" StartOffset="2346"/>
                                        </LocList>
                                    </BasicStmnt>
                                    <BasicStmnt CovItemId="S24" CovItemPrefix="org.jfree.data.DataUtilitiesCreateNumberArrayTest.java" Intrnl_Id="440">
                                        <LocList>
                                            <Loc EndOffset="2442" SrcFileId="4" StartOffset="2404"/>
                                        </LocList>
                                    </BasicStmnt>
                                    <BasicStmnt CovItemId="S25" CovItemPrefix="org.jfree.data.DataUtilitiesCreateNumberArrayTest.java" Intrnl_Id="441">
                                        <LocList>
                                            <Loc EndOffset="2486" SrcFileId="4" StartOffset="2446"/>
                                        </LocList>
                                    </BasicStmnt>
                                    <BasicStmnt CovItemId="S26" CovItemPrefix="org.jfree.data.DataUtilitiesCreateNumberArrayTest.java" Intrnl_Id="442">
                                        <LocList>
                                            <Loc EndOffset="2521" SrcFileId="4" StartOffset="2490"/>
                                        </LocList>
                                    </BasicStmnt>
                                </StmntSeq>
                            </HierarchyLvl>
                            <HierarchyLvl HierarchyLvlId="8306" HierarchyLvlTypeId="13" Intrnl_Id="443" Name="createNumberArrayForEmptyDoubleArray">
                                <Header>
                                    <Loc EndOffset="2629" SrcFileId="4" StartOffset="2532"/>
                                </Header>
                                <LocList>
                                    <Loc EndOffset="2936" SrcFileId="4" StartOffset="2532"/>
                                </LocList>
                                <StmntSeq Intrnl_Id="444">
                                    <LocList>
                                        <Loc EndOffset="2683" SrcFileId="4" StartOffset="2635"/>
                                        <Loc EndOffset="2718" SrcFileId="4" StartOffset="2687"/>
                                        <Loc EndOffset="2785" SrcFileId="4" StartOffset="2722"/>
                                        <Loc EndOffset="2853" SrcFileId="4" StartOffset="2821"/>
                                        <Loc EndOffset="2932" SrcFileId="4" StartOffset="2886"/>
                                    </LocList>
                                    <BasicStmnt CovItemId="S27" CovItemPrefix="org.jfree.data.DataUtilitiesCreateNumberArrayTest.java" Intrnl_Id="445">
                                        <LocList>
                                            <Loc EndOffset="2683" SrcFileId="4" StartOffset="2635"/>
                                        </LocList>
                                    </BasicStmnt>
                                    <BasicStmnt CovItemId="S28" CovItemPrefix="org.jfree.data.DataUtilitiesCreateNumberArrayTest.java" Intrnl_Id="446">
                                        <LocList>
                                            <Loc EndOffset="2718" SrcFileId="4" StartOffset="2687"/>
                                        </LocList>
                                    </BasicStmnt>
                                    <BasicStmnt CovItemId="S29" CovItemPrefix="org.jfree.data.DataUtilitiesCreateNumberArrayTest.java" Intrnl_Id="447">
                                        <LocList>
                                            <Loc EndOffset="2785" SrcFileId="4" StartOffset="2722"/>
                                        </LocList>
                                    </BasicStmnt>
                                    <BasicStmnt CovItemId="S30" CovItemPrefix="org.jfree.data.DataUtilitiesCreateNumberArrayTest.java" Intrnl_Id="448">
                                        <LocList>
                                            <Loc EndOffset="2853" SrcFileId="4" StartOffset="2821"/>
                                        </LocList>
                                    </BasicStmnt>
                                    <BasicStmnt CovItemId="S31" CovItemPrefix="org.jfree.data.DataUtilitiesCreateNumberArrayTest.java" Intrnl_Id="449">
                                        <LocList>
                                            <Loc EndOffset="2932" SrcFileId="4" StartOffset="2886"/>
                                        </LocList>
                                    </BasicStmnt>
                                </StmntSeq>
                            </HierarchyLvl>
                            <HierarchyLvl HierarchyLvlId="8307" HierarchyLvlTypeId="13" Intrnl_Id="450" Name="createNumberArrayForSingleDoubleArray">
                                <Header>
                                    <Loc EndOffset="3039" SrcFileId="4" StartOffset="2941"/>
                                </Header>
                                <LocList>
                                    <Loc EndOffset="3429" SrcFileId="4" StartOffset="2941"/>
                                </LocList>
                                <StmntSeq Intrnl_Id="451">
                                    <LocList>
                                        <Loc EndOffset="3096" SrcFileId="4" StartOffset="3047"/>
                                        <Loc EndOffset="3131" SrcFileId="4" StartOffset="3100"/>
                                        <Loc EndOffset="3199" SrcFileId="4" StartOffset="3135"/>
                                        <Loc EndOffset="3267" SrcFileId="4" StartOffset="3235"/>
                                        <Loc EndOffset="3346" SrcFileId="4" StartOffset="3300"/>
                                        <Loc EndOffset="3425" SrcFileId="4" StartOffset="3384"/>
                                    </LocList>
                                    <BasicStmnt CovItemId="S32" CovItemPrefix="org.jfree.data.DataUtilitiesCreateNumberArrayTest.java" Intrnl_Id="452">
                                        <LocList>
                                            <Loc EndOffset="3096" SrcFileId="4" StartOffset="3047"/>
                                        </LocList>
                                    </BasicStmnt>
                                    <BasicStmnt CovItemId="S33" CovItemPrefix="org.jfree.data.DataUtilitiesCreateNumberArrayTest.java" Intrnl_Id="453">
                                        <LocList>
                                            <Loc EndOffset="3131" SrcFileId="4" StartOffset="3100"/>
                                        </LocList>
                                    </BasicStmnt>
                                    <BasicStmnt CovItemId="S34" CovItemPrefix="org.jfree.data.DataUtilitiesCreateNumberArrayTest.java" Intrnl_Id="454">
                                        <LocList>
                                            <Loc EndOffset="3199" SrcFileId="4" StartOffset="3135"/>
                                        </LocList>
                                    </BasicStmnt>
                                    <BasicStmnt CovItemId="S35" CovItemPrefix="org.jfree.data.DataUtilitiesCreateNumberArrayTest.java" Intrnl_Id="455">
                                        <LocList>
                                            <Loc EndOffset="3267" SrcFileId="4" StartOffset="3235"/>
                                        </LocList>
                                    </BasicStmnt>
                                    <BasicStmnt CovItemId="S36" CovItemPrefix="org.jfree.data.DataUtilitiesCreateNumberArrayTest.java" Intrnl_Id="456">
                                        <LocList>
                                            <Loc EndOffset="3346" SrcFileId="4" StartOffset="3300"/>
                                        </LocList>
                                    </BasicStmnt>
                                    <BasicStmnt CovItemId="S37" CovItemPrefix="org.jfree.data.DataUtilitiesCreateNumberArrayTest.java" Intrnl_Id="457">
                                        <LocList>
                                            <Loc EndOffset="3425" SrcFileId="4" StartOffset="3384"/>
                                        </LocList>
                                    </BasicStmnt>
                                </StmntSeq>
                            </HierarchyLvl>
                            <HierarchyLvl HierarchyLvlId="8308" HierarchyLvlTypeId="13" Intrnl_Id="458" Name="tearDown">
                                <Header>
                                    <Loc EndOffset="3482" SrcFileId="4" StartOffset="3434"/>
                                </Header>
                                <LocList>
                                    <Loc EndOffset="3490" SrcFileId="4" StartOffset="3434"/>
                                </LocList>
                            </HierarchyLvl>
                            <HierarchyLvl HierarchyLvlId="8309" HierarchyLvlTypeId="13" Intrnl_Id="459" Name="tearDownAfterClass">
                                <Header>
                                    <Loc EndOffset="3565" SrcFileId="4" StartOffset="3495"/>
                                </Header>
                                <LocList>
                                    <Loc EndOffset="3573" SrcFileId="4" StartOffset="3495"/>
                                </LocList>
                            </HierarchyLvl>
                            <HierarchyLvl HierarchyLvlId="8310" HierarchyLvlTypeId="13" Intrnl_Id="460" Name="dArray2DArray">
                                <Header>
                                    <Loc EndOffset="3630" SrcFileId="4" StartOffset="3578"/>
                                </Header>
                                <LocList>
                                    <Loc EndOffset="3794" SrcFileId="4" StartOffset="3578"/>
                                </LocList>
                                <StmntSeq Intrnl_Id="461">
                                    <LocList>
                                        <Loc EndOffset="3681" SrcFileId="4" StartOffset="3636"/>
                                        <Loc EndOffset="3769" SrcFileId="4" StartOffset="3685"/>
                                        <Loc EndOffset="3790" SrcFileId="4" StartOffset="3773"/>
                                    </LocList>
                                    <BasicStmnt CovItemId="S38" CovItemPrefix="org.jfree.data.DataUtilitiesCreateNumberArrayTest.java" Intrnl_Id="462">
                                        <LocList>
                                            <Loc EndOffset="3681" SrcFileId="4" StartOffset="3636"/>
                                        </LocList>
                                    </BasicStmnt>
                                    <LoopStmnt CovItemId="S39" CovItemPrefix="org.jfree.data.DataUtilitiesCreateNumberArrayTest.java" Intrnl_Id="463" MltplExecId="L1-2" MltplExecPrefix="org.jfree.data.DataUtilitiesCreateNumberArrayTest.java" NvrExecId="L1-0" NvrExecPrefix="org.jfree.data.DataUtilitiesCreateNumberArrayTest.java" OnceExecutedId="L1-1" OnceExecutedPrefix="org.jfree.data.DataUtilitiesCreateNumberArrayTest.java" OptBodyExec="true">
                                        <StmntSeq Intrnl_Id="464">
                                            <LocList>
                                                <Loc EndOffset="3764" SrcFileId="4" StartOffset="3729"/>
                                            </LocList>
                                            <BasicStmnt CovItemId="S40" CovItemPrefix="org.jfree.data.DataUtilitiesCreateNumberArrayTest.java" Intrnl_Id="465">
                                                <LocList>
                                                    <Loc EndOffset="3764" SrcFileId="4" StartOffset="3729"/>
                                                </LocList>
                                            </BasicStmnt>
                                        </StmntSeq>
                                        <Keyword EndOffset="3688" SrcFileId="4" StartOffset="3685"/>
                                        <LocList>
                                            <Loc EndOffset="3769" SrcFileId="4" StartOffset="3685"/>
                                        </LocList>
                                        <RootTerm CovItemId="C1" CovItemPrefix="org.jfree.data.DataUtilitiesCreateNumberArrayTest.java" Intrnl_Id="466">
                                            <BasicBoolTerm Intrnl_Id="467">
                                                <LocList>
                                                    <Loc EndOffset="3716" SrcFileId="4" StartOffset="3701"/>
                                                </LocList>
                                            </BasicBoolTerm>
                                        </RootTerm>
                                    </LoopStmnt>
                                    <BasicStmnt CovItemId="S41" CovItemPrefix="org.jfree.data.DataUtilitiesCreateNumberArrayTest.java" Intrnl_Id="468">
                                        <LocList>
                                            <Loc EndOffset="3790" SrcFileId="4" StartOffset="3773"/>
                                        </LocList>
                                    </BasicStmnt>
                                </StmntSeq>
                            </HierarchyLvl>
                        </HierarchyLvl>
                        <HierarchyLvl HierarchyLvlId="8330" HierarchyLvlTypeId="14" Intrnl_Id="469" Name="DataUtilitiesGetCumulativePercentagesTest">
                            <Header>
                                <Loc EndOffset="925" SrcFileId="5" StartOffset="871"/>
                            </Header>
                            <LocList>
                                <Loc EndOffset="7361" SrcFileId="5" StartOffset="871"/>
                            </LocList>
                            <HierarchyLvl HierarchyLvlId="8312" HierarchyLvlTypeId="13" Intrnl_Id="470" Name="setUpBeforeClass">
                                <Header>
                                    <Loc EndOffset="1056" SrcFileId="5" StartOffset="987"/>
                                </Header>
                                <LocList>
                                    <Loc EndOffset="1185" SrcFileId="5" StartOffset="987"/>
                                </LocList>
                                <StmntSeq Intrnl_Id="471">
                                    <LocList>
                                        <Loc EndOffset="1181" SrcFileId="5" StartOffset="1062"/>
                                    </LocList>
                                    <BasicStmnt CovItemId="S1" CovItemPrefix="org.jfree.data.DataUtilitiesGetCumulativePercentagesTest.java" Intrnl_Id="472">
                                        <LocList>
                                            <Loc EndOffset="1181" SrcFileId="5" StartOffset="1062"/>
                                        </LocList>
                                    </BasicStmnt>
                                </StmntSeq>
                            </HierarchyLvl>
                            <HierarchyLvl HierarchyLvlId="8313" HierarchyLvlTypeId="13" Intrnl_Id="473" Name="setUp">
                                <Header>
                                    <Loc EndOffset="1236" SrcFileId="5" StartOffset="1190"/>
                                </Header>
                                <LocList>
                                    <Loc EndOffset="1333" SrcFileId="5" StartOffset="1190"/>
                                </LocList>
                                <StmntSeq Intrnl_Id="474">
                                    <LocList>
                                        <Loc EndOffset="1273" SrcFileId="5" StartOffset="1242"/>
                                        <Loc EndOffset="1329" SrcFileId="5" StartOffset="1278"/>
                                    </LocList>
                                    <BasicStmnt CovItemId="S2" CovItemPrefix="org.jfree.data.DataUtilitiesGetCumulativePercentagesTest.java" Intrnl_Id="475">
                                        <LocList>
                                            <Loc EndOffset="1273" SrcFileId="5" StartOffset="1242"/>
                                        </LocList>
                                    </BasicStmnt>
                                    <BasicStmnt CovItemId="S3" CovItemPrefix="org.jfree.data.DataUtilitiesGetCumulativePercentagesTest.java" Intrnl_Id="476">
                                        <LocList>
                                            <Loc EndOffset="1329" SrcFileId="5" StartOffset="1278"/>
                                        </LocList>
                                    </BasicStmnt>
                                </StmntSeq>
                            </HierarchyLvl>
                            <HierarchyLvl HierarchyLvlId="8315" HierarchyLvlTypeId="13" Intrnl_Id="477" Name="getCumulativePercentagesForFourPositiveValues">
                                <Header>
                                    <Loc EndOffset="1405" SrcFileId="5" StartOffset="1338"/>
                                </Header>
                                <LocList>
                                    <Loc EndOffset="2526" SrcFileId="5" StartOffset="1338"/>
                                </LocList>
                                <StmntSeq Intrnl_Id="478">
                                    <LocList>
                                        <Loc EndOffset="1517" SrcFileId="5" StartOffset="1493"/>
                                        <Loc EndOffset="2202" SrcFileId="5" StartOffset="2200"/>
                                        <Loc EndOffset="2292" SrcFileId="5" StartOffset="2221"/>
                                        <Loc EndOffset="2353" SrcFileId="5" StartOffset="2314"/>
                                        <Loc EndOffset="2395" SrcFileId="5" StartOffset="2357"/>
                                        <Loc EndOffset="2438" SrcFileId="5" StartOffset="2399"/>
                                        <Loc EndOffset="2480" SrcFileId="5" StartOffset="2442"/>
                                    </LocList>
                                    <BasicStmnt CovItemId="S4" CovItemPrefix="org.jfree.data.DataUtilitiesGetCumulativePercentagesTest.java" Intrnl_Id="479">
                                        <LocList>
                                            <Loc EndOffset="1517" SrcFileId="5" StartOffset="1493"/>
                                            <Loc EndOffset="2202" SrcFileId="5" StartOffset="2200"/>
                                        </LocList>
                                    </BasicStmnt>
                                    <BasicStmnt CovItemId="S23" CovItemPrefix="org.jfree.data.DataUtilitiesGetCumulativePercentagesTest.java" Intrnl_Id="480">
                                        <LocList>
                                            <Loc EndOffset="2292" SrcFileId="5" StartOffset="2221"/>
                                        </LocList>
                                    </BasicStmnt>
                                    <BasicStmnt CovItemId="S24" CovItemPrefix="org.jfree.data.DataUtilitiesGetCumulativePercentagesTest.java" Intrnl_Id="481">
                                        <LocList>
                                            <Loc EndOffset="2353" SrcFileId="5" StartOffset="2314"/>
                                        </LocList>
                                    </BasicStmnt>
                                    <BasicStmnt CovItemId="S25" CovItemPrefix="org.jfree.data.DataUtilitiesGetCumulativePercentagesTest.java" Intrnl_Id="482">
                                        <LocList>
                                            <Loc EndOffset="2395" SrcFileId="5" StartOffset="2357"/>
                                        </LocList>
                                    </BasicStmnt>
                                    <BasicStmnt CovItemId="S26" CovItemPrefix="org.jfree.data.DataUtilitiesGetCumulativePercentagesTest.java" Intrnl_Id="483">
                                        <LocList>
                                            <Loc EndOffset="2438" SrcFileId="5" StartOffset="2399"/>
                                        </LocList>
                                    </BasicStmnt>
                                    <BasicStmnt CovItemId="S27" CovItemPrefix="org.jfree.data.DataUtilitiesGetCumulativePercentagesTest.java" Intrnl_Id="484">
                                        <LocList>
                                            <Loc EndOffset="2480" SrcFileId="5" StartOffset="2442"/>
                                        </LocList>
                                    </BasicStmnt>
                                </StmntSeq>
                                <HierarchyLvl HierarchyLvlId="8314" HierarchyLvlTypeId="12" Intrnl_Id="485" Name="Expectations">
                                    <Header>
                                        <Loc EndOffset="1535" SrcFileId="5" StartOffset="1521"/>
                                    </Header>
                                    <LocList>
                                        <Loc EndOffset="2200" SrcFileId="5" StartOffset="1517"/>
                                    </LocList>
                                    <StmntSeq Intrnl_Id="486">
                                        <LocList>
                                            <Loc EndOffset="1584" SrcFileId="5" StartOffset="1549"/>
                                            <Loc EndOffset="1611" SrcFileId="5" StartOffset="1590"/>
                                            <Loc EndOffset="1679" SrcFileId="5" StartOffset="1647"/>
                                            <Loc EndOffset="1706" SrcFileId="5" StartOffset="1685"/>
                                            <Loc EndOffset="1744" SrcFileId="5" StartOffset="1712"/>
                                            <Loc EndOffset="1771" SrcFileId="5" StartOffset="1750"/>
                                            <Loc EndOffset="1809" SrcFileId="5" StartOffset="1777"/>
                                            <Loc EndOffset="1836" SrcFileId="5" StartOffset="1815"/>
                                            <Loc EndOffset="1874" SrcFileId="5" StartOffset="1842"/>
                                            <Loc EndOffset="1901" SrcFileId="5" StartOffset="1880"/>
                                            <Loc EndOffset="1973" SrcFileId="5" StartOffset="1943"/>
                                            <Loc EndOffset="2000" SrcFileId="5" StartOffset="1979"/>
                                            <Loc EndOffset="2036" SrcFileId="5" StartOffset="2006"/>
                                            <Loc EndOffset="2063" SrcFileId="5" StartOffset="2042"/>
                                            <Loc EndOffset="2099" SrcFileId="5" StartOffset="2069"/>
                                            <Loc EndOffset="2126" SrcFileId="5" StartOffset="2105"/>
                                            <Loc EndOffset="2162" SrcFileId="5" StartOffset="2132"/>
                                            <Loc EndOffset="2189" SrcFileId="5" StartOffset="2168"/>
                                        </LocList>
                                        <BasicStmnt CovItemId="S5" CovItemPrefix="org.jfree.data.DataUtilitiesGetCumulativePercentagesTest.java" Intrnl_Id="487">
                                            <LocList>
                                                <Loc EndOffset="1584" SrcFileId="5" StartOffset="1549"/>
                                            </LocList>
                                        </BasicStmnt>
                                        <BasicStmnt CovItemId="S6" CovItemPrefix="org.jfree.data.DataUtilitiesGetCumulativePercentagesTest.java" Intrnl_Id="488">
                                            <LocList>
                                                <Loc EndOffset="1611" SrcFileId="5" StartOffset="1590"/>
                                            </LocList>
                                        </BasicStmnt>
                                        <BasicStmnt CovItemId="S7" CovItemPrefix="org.jfree.data.DataUtilitiesGetCumulativePercentagesTest.java" Intrnl_Id="489">
                                            <LocList>
                                                <Loc EndOffset="1679" SrcFileId="5" StartOffset="1647"/>
                                            </LocList>
                                        </BasicStmnt>
                                        <BasicStmnt CovItemId="S8" CovItemPrefix="org.jfree.data.DataUtilitiesGetCumulativePercentagesTest.java" Intrnl_Id="490">
                                            <LocList>
                                                <Loc EndOffset="1706" SrcFileId="5" StartOffset="1685"/>
                                            </LocList>
                                        </BasicStmnt>
                                        <BasicStmnt CovItemId="S9" CovItemPrefix="org.jfree.data.DataUtilitiesGetCumulativePercentagesTest.java" Intrnl_Id="491">
                                            <LocList>
                                                <Loc EndOffset="1744" SrcFileId="5" StartOffset="1712"/>
                                            </LocList>
                                        </BasicStmnt>
                                        <BasicStmnt CovItemId="S10" CovItemPrefix="org.jfree.data.DataUtilitiesGetCumulativePercentagesTest.java" Intrnl_Id="492">
                                            <LocList>
                                                <Loc EndOffset="1771" SrcFileId="5" StartOffset="1750"/>
                                            </LocList>
                                        </BasicStmnt>
                                        <BasicStmnt CovItemId="S11" CovItemPrefix="org.jfree.data.DataUtilitiesGetCumulativePercentagesTest.java" Intrnl_Id="493">
                                            <LocList>
                                                <Loc EndOffset="1809" SrcFileId="5" StartOffset="1777"/>
                                            </LocList>
                                        </BasicStmnt>
                                        <BasicStmnt CovItemId="S12" CovItemPrefix="org.jfree.data.DataUtilitiesGetCumulativePercentagesTest.java" Intrnl_Id="494">
                                            <LocList>
                                                <Loc EndOffset="1836" SrcFileId="5" StartOffset="1815"/>
                                            </LocList>
                                        </BasicStmnt>
                                        <BasicStmnt CovItemId="S13" CovItemPrefix="org.jfree.data.DataUtilitiesGetCumulativePercentagesTest.java" Intrnl_Id="495">
                                            <LocList>
                                                <Loc EndOffset="1874" SrcFileId="5" StartOffset="1842"/>
                                            </LocList>
                                        </BasicStmnt>
                                        <BasicStmnt CovItemId="S14" CovItemPrefix="org.jfree.data.DataUtilitiesGetCumulativePercentagesTest.java" Intrnl_Id="496">
                                            <LocList>
                                                <Loc EndOffset="1901" SrcFileId="5" StartOffset="1880"/>
                                            </LocList>
                                        </BasicStmnt>
                                        <BasicStmnt CovItemId="S15" CovItemPrefix="org.jfree.data.DataUtilitiesGetCumulativePercentagesTest.java" Intrnl_Id="497">
                                            <LocList>
                                                <Loc EndOffset="1973" SrcFileId="5" StartOffset="1943"/>
                                            </LocList>
                                        </BasicStmnt>
                                        <BasicStmnt CovItemId="S16" CovItemPrefix="org.jfree.data.DataUtilitiesGetCumulativePercentagesTest.java" Intrnl_Id="498">
                                            <LocList>
                                                <Loc EndOffset="2000" SrcFileId="5" StartOffset="1979"/>
                                            </LocList>
                                        </BasicStmnt>
                                        <BasicStmnt CovItemId="S17" CovItemPrefix="org.jfree.data.DataUtilitiesGetCumulativePercentagesTest.java" Intrnl_Id="499">
                                            <LocList>
                                                <Loc EndOffset="2036" SrcFileId="5" StartOffset="2006"/>
                                            </LocList>
                                        </BasicStmnt>
                                        <BasicStmnt CovItemId="S18" CovItemPrefix="org.jfree.data.DataUtilitiesGetCumulativePercentagesTest.java" Intrnl_Id="500">
                                            <LocList>
                                                <Loc EndOffset="2063" SrcFileId="5" StartOffset="2042"/>
                                            </LocList>
                                        </BasicStmnt>
                                        <BasicStmnt CovItemId="S19" CovItemPrefix="org.jfree.data.DataUtilitiesGetCumulativePercentagesTest.java" Intrnl_Id="501">
                                            <LocList>
                                                <Loc EndOffset="2099" SrcFileId="5" StartOffset="2069"/>
                                            </LocList>
                                        </BasicStmnt>
                                        <BasicStmnt CovItemId="S20" CovItemPrefix="org.jfree.data.DataUtilitiesGetCumulativePercentagesTest.java" Intrnl_Id="502">
                                            <LocList>
                                                <Loc EndOffset="2126" SrcFileId="5" StartOffset="2105"/>
                                            </LocList>
                                        </BasicStmnt>
                                        <BasicStmnt CovItemId="S21" CovItemPrefix="org.jfree.data.DataUtilitiesGetCumulativePercentagesTest.java" Intrnl_Id="503">
                                            <LocList>
                                                <Loc EndOffset="2162" SrcFileId="5" StartOffset="2132"/>
                                            </LocList>
                                        </BasicStmnt>
                                        <BasicStmnt CovItemId="S22" CovItemPrefix="org.jfree.data.DataUtilitiesGetCumulativePercentagesTest.java" Intrnl_Id="504">
                                            <LocList>
                                                <Loc EndOffset="2189" SrcFileId="5" StartOffset="2168"/>
                                            </LocList>
                                        </BasicStmnt>
                                    </StmntSeq>
                                </HierarchyLvl>
                            </HierarchyLvl>
                            <HierarchyLvl HierarchyLvlId="8317" HierarchyLvlTypeId="13" Intrnl_Id="505" Name="getCumulativePercentagesForSinglePositiveValues">
                                <Header>
                                    <Loc EndOffset="2602" SrcFileId="5" StartOffset="2533"/>
                                </Header>
                                <LocList>
                                    <Loc EndOffset="3133" SrcFileId="5" StartOffset="2533"/>
                                </LocList>
                                <StmntSeq Intrnl_Id="506">
                                    <LocList>
                                        <Loc EndOffset="2632" SrcFileId="5" StartOffset="2608"/>
                                        <Loc EndOffset="2871" SrcFileId="5" StartOffset="2869"/>
                                        <Loc EndOffset="2961" SrcFileId="5" StartOffset="2890"/>
                                        <Loc EndOffset="3087" SrcFileId="5" StartOffset="2983"/>
                                    </LocList>
                                    <BasicStmnt CovItemId="S28" CovItemPrefix="org.jfree.data.DataUtilitiesGetCumulativePercentagesTest.java" Intrnl_Id="507">
                                        <LocList>
                                            <Loc EndOffset="2632" SrcFileId="5" StartOffset="2608"/>
                                            <Loc EndOffset="2871" SrcFileId="5" StartOffset="2869"/>
                                        </LocList>
                                    </BasicStmnt>
                                    <BasicStmnt CovItemId="S35" CovItemPrefix="org.jfree.data.DataUtilitiesGetCumulativePercentagesTest.java" Intrnl_Id="508">
                                        <LocList>
                                            <Loc EndOffset="2961" SrcFileId="5" StartOffset="2890"/>
                                        </LocList>
                                    </BasicStmnt>
                                    <BasicStmnt CovItemId="S36" CovItemPrefix="org.jfree.data.DataUtilitiesGetCumulativePercentagesTest.java" Intrnl_Id="509">
                                        <LocList>
                                            <Loc EndOffset="3087" SrcFileId="5" StartOffset="2983"/>
                                        </LocList>
                                    </BasicStmnt>
                                </StmntSeq>
                                <HierarchyLvl HierarchyLvlId="8316" HierarchyLvlTypeId="12" Intrnl_Id="510" Name="Expectations">
                                    <Header>
                                        <Loc EndOffset="2650" SrcFileId="5" StartOffset="2636"/>
                                    </Header>
                                    <LocList>
                                        <Loc EndOffset="2869" SrcFileId="5" StartOffset="2632"/>
                                    </LocList>
                                    <StmntSeq Intrnl_Id="511">
                                        <LocList>
                                            <Loc EndOffset="2699" SrcFileId="5" StartOffset="2664"/>
                                            <Loc EndOffset="2726" SrcFileId="5" StartOffset="2705"/>
                                            <Loc EndOffset="2764" SrcFileId="5" StartOffset="2732"/>
                                            <Loc EndOffset="2791" SrcFileId="5" StartOffset="2770"/>
                                            <Loc EndOffset="2831" SrcFileId="5" StartOffset="2801"/>
                                            <Loc EndOffset="2858" SrcFileId="5" StartOffset="2837"/>
                                        </LocList>
                                        <BasicStmnt CovItemId="S29" CovItemPrefix="org.jfree.data.DataUtilitiesGetCumulativePercentagesTest.java" Intrnl_Id="512">
                                            <LocList>
                                                <Loc EndOffset="2699" SrcFileId="5" StartOffset="2664"/>
                                            </LocList>
                                        </BasicStmnt>
                                        <BasicStmnt CovItemId="S30" CovItemPrefix="org.jfree.data.DataUtilitiesGetCumulativePercentagesTest.java" Intrnl_Id="513">
                                            <LocList>
                                                <Loc EndOffset="2726" SrcFileId="5" StartOffset="2705"/>
                                            </LocList>
                                        </BasicStmnt>
                                        <BasicStmnt CovItemId="S31" CovItemPrefix="org.jfree.data.DataUtilitiesGetCumulativePercentagesTest.java" Intrnl_Id="514">
                                            <LocList>
                                                <Loc EndOffset="2764" SrcFileId="5" StartOffset="2732"/>
                                            </LocList>
                                        </BasicStmnt>
                                        <BasicStmnt CovItemId="S32" CovItemPrefix="org.jfree.data.DataUtilitiesGetCumulativePercentagesTest.java" Intrnl_Id="515">
                                            <LocList>
                                                <Loc EndOffset="2791" SrcFileId="5" StartOffset="2770"/>
                                            </LocList>
                                        </BasicStmnt>
                                        <BasicStmnt CovItemId="S33" CovItemPrefix="org.jfree.data.DataUtilitiesGetCumulativePercentagesTest.java" Intrnl_Id="516">
                                            <LocList>
                                                <Loc EndOffset="2831" SrcFileId="5" StartOffset="2801"/>
                                            </LocList>
                                        </BasicStmnt>
                                        <BasicStmnt CovItemId="S34" CovItemPrefix="org.jfree.data.DataUtilitiesGetCumulativePercentagesTest.java" Intrnl_Id="517">
                                            <LocList>
                                                <Loc EndOffset="2858" SrcFileId="5" StartOffset="2837"/>
                                            </LocList>
                                        </BasicStmnt>
                                    </StmntSeq>
                                </HierarchyLvl>
                            </HierarchyLvl>
                            <HierarchyLvl HierarchyLvlId="8319" HierarchyLvlTypeId="13" Intrnl_Id="518" Name="getCumulativePercentagesForSingleNullValues">
                                <Header>
                                    <Loc EndOffset="3203" SrcFileId="5" StartOffset="3138"/>
                                </Header>
                                <LocList>
                                    <Loc EndOffset="3745" SrcFileId="5" StartOffset="3138"/>
                                </LocList>
                                <StmntSeq Intrnl_Id="519">
                                    <LocList>
                                        <Loc EndOffset="3233" SrcFileId="5" StartOffset="3209"/>
                                        <Loc EndOffset="3475" SrcFileId="5" StartOffset="3473"/>
                                        <Loc EndOffset="3565" SrcFileId="5" StartOffset="3494"/>
                                        <Loc EndOffset="3699" SrcFileId="5" StartOffset="3583"/>
                                    </LocList>
                                    <BasicStmnt CovItemId="S37" CovItemPrefix="org.jfree.data.DataUtilitiesGetCumulativePercentagesTest.java" Intrnl_Id="520">
                                        <LocList>
                                            <Loc EndOffset="3233" SrcFileId="5" StartOffset="3209"/>
                                            <Loc EndOffset="3475" SrcFileId="5" StartOffset="3473"/>
                                        </LocList>
                                    </BasicStmnt>
                                    <BasicStmnt CovItemId="S44" CovItemPrefix="org.jfree.data.DataUtilitiesGetCumulativePercentagesTest.java" Intrnl_Id="521">
                                        <LocList>
                                            <Loc EndOffset="3565" SrcFileId="5" StartOffset="3494"/>
                                        </LocList>
                                    </BasicStmnt>
                                    <BasicStmnt CovItemId="S45" CovItemPrefix="org.jfree.data.DataUtilitiesGetCumulativePercentagesTest.java" Intrnl_Id="522">
                                        <LocList>
                                            <Loc EndOffset="3699" SrcFileId="5" StartOffset="3583"/>
                                        </LocList>
                                    </BasicStmnt>
                                </StmntSeq>
                                <HierarchyLvl HierarchyLvlId="8318" HierarchyLvlTypeId="12" Intrnl_Id="523" Name="Expectations">
                                    <Header>
                                        <Loc EndOffset="3251" SrcFileId="5" StartOffset="3237"/>
                                    </Header>
                                    <LocList>
                                        <Loc EndOffset="3473" SrcFileId="5" StartOffset="3233"/>
                                    </LocList>
                                    <StmntSeq Intrnl_Id="524">
                                        <LocList>
                                            <Loc EndOffset="3300" SrcFileId="5" StartOffset="3265"/>
                                            <Loc EndOffset="3327" SrcFileId="5" StartOffset="3306"/>
                                            <Loc EndOffset="3365" SrcFileId="5" StartOffset="3333"/>
                                            <Loc EndOffset="3395" SrcFileId="5" StartOffset="3371"/>
                                            <Loc EndOffset="3435" SrcFileId="5" StartOffset="3405"/>
                                            <Loc EndOffset="3462" SrcFileId="5" StartOffset="3441"/>
                                        </LocList>
                                        <BasicStmnt CovItemId="S38" CovItemPrefix="org.jfree.data.DataUtilitiesGetCumulativePercentagesTest.java" Intrnl_Id="525">
                                            <LocList>
                                                <Loc EndOffset="3300" SrcFileId="5" StartOffset="3265"/>
                                            </LocList>
                                        </BasicStmnt>
                                        <BasicStmnt CovItemId="S39" CovItemPrefix="org.jfree.data.DataUtilitiesGetCumulativePercentagesTest.java" Intrnl_Id="526">
                                            <LocList>
                                                <Loc EndOffset="3327" SrcFileId="5" StartOffset="3306"/>
                                            </LocList>
                                        </BasicStmnt>
                                        <BasicStmnt CovItemId="S40" CovItemPrefix="org.jfree.data.DataUtilitiesGetCumulativePercentagesTest.java" Intrnl_Id="527">
                                            <LocList>
                                                <Loc EndOffset="3365" SrcFileId="5" StartOffset="3333"/>
                                            </LocList>
                                        </BasicStmnt>
                                        <BasicStmnt CovItemId="S41" CovItemPrefix="org.jfree.data.DataUtilitiesGetCumulativePercentagesTest.java" Intrnl_Id="528">
                                            <LocList>
                                                <Loc EndOffset="3395" SrcFileId="5" StartOffset="3371"/>
                                            </LocList>
                                        </BasicStmnt>
                                        <BasicStmnt CovItemId="S42" CovItemPrefix="org.jfree.data.DataUtilitiesGetCumulativePercentagesTest.java" Intrnl_Id="529">
                                            <LocList>
                                                <Loc EndOffset="3435" SrcFileId="5" StartOffset="3405"/>
                                            </LocList>
                                        </BasicStmnt>
                                        <BasicStmnt CovItemId="S43" CovItemPrefix="org.jfree.data.DataUtilitiesGetCumulativePercentagesTest.java" Intrnl_Id="530">
                                            <LocList>
                                                <Loc EndOffset="3462" SrcFileId="5" StartOffset="3441"/>
                                            </LocList>
                                        </BasicStmnt>
                                    </StmntSeq>
                                </HierarchyLvl>
                            </HierarchyLvl>
                            <HierarchyLvl HierarchyLvlId="8321" HierarchyLvlTypeId="13" Intrnl_Id="531" Name="getCumulativePercentagesForEmptyValues">
                                <Header>
                                    <Loc EndOffset="3811" SrcFileId="5" StartOffset="3751"/>
                                </Header>
                                <LocList>
                                    <Loc EndOffset="4145" SrcFileId="5" StartOffset="3751"/>
                                </LocList>
                                <StmntSeq Intrnl_Id="532">
                                    <LocList>
                                        <Loc EndOffset="3841" SrcFileId="5" StartOffset="3817"/>
                                        <Loc EndOffset="3948" SrcFileId="5" StartOffset="3946"/>
                                        <Loc EndOffset="4038" SrcFileId="5" StartOffset="3967"/>
                                        <Loc EndOffset="4099" SrcFileId="5" StartOffset="4060"/>
                                    </LocList>
                                    <BasicStmnt CovItemId="S46" CovItemPrefix="org.jfree.data.DataUtilitiesGetCumulativePercentagesTest.java" Intrnl_Id="533">
                                        <LocList>
                                            <Loc EndOffset="3841" SrcFileId="5" StartOffset="3817"/>
                                            <Loc EndOffset="3948" SrcFileId="5" StartOffset="3946"/>
                                        </LocList>
                                    </BasicStmnt>
                                    <BasicStmnt CovItemId="S49" CovItemPrefix="org.jfree.data.DataUtilitiesGetCumulativePercentagesTest.java" Intrnl_Id="534">
                                        <LocList>
                                            <Loc EndOffset="4038" SrcFileId="5" StartOffset="3967"/>
                                        </LocList>
                                    </BasicStmnt>
                                    <BasicStmnt CovItemId="S50" CovItemPrefix="org.jfree.data.DataUtilitiesGetCumulativePercentagesTest.java" Intrnl_Id="535">
                                        <LocList>
                                            <Loc EndOffset="4099" SrcFileId="5" StartOffset="4060"/>
                                        </LocList>
                                    </BasicStmnt>
                                </StmntSeq>
                                <HierarchyLvl HierarchyLvlId="8320" HierarchyLvlTypeId="12" Intrnl_Id="536" Name="Expectations">
                                    <Header>
                                        <Loc EndOffset="3859" SrcFileId="5" StartOffset="3845"/>
                                    </Header>
                                    <LocList>
                                        <Loc EndOffset="3946" SrcFileId="5" StartOffset="3841"/>
                                    </LocList>
                                    <StmntSeq Intrnl_Id="537">
                                        <LocList>
                                            <Loc EndOffset="3908" SrcFileId="5" StartOffset="3873"/>
                                            <Loc EndOffset="3935" SrcFileId="5" StartOffset="3914"/>
                                        </LocList>
                                        <BasicStmnt CovItemId="S47" CovItemPrefix="org.jfree.data.DataUtilitiesGetCumulativePercentagesTest.java" Intrnl_Id="538">
                                            <LocList>
                                                <Loc EndOffset="3908" SrcFileId="5" StartOffset="3873"/>
                                            </LocList>
                                        </BasicStmnt>
                                        <BasicStmnt CovItemId="S48" CovItemPrefix="org.jfree.data.DataUtilitiesGetCumulativePercentagesTest.java" Intrnl_Id="539">
                                            <LocList>
                                                <Loc EndOffset="3935" SrcFileId="5" StartOffset="3914"/>
                                            </LocList>
                                        </BasicStmnt>
                                    </StmntSeq>
                                </HierarchyLvl>
                            </HierarchyLvl>
                            <HierarchyLvl HierarchyLvlId="8323" HierarchyLvlTypeId="13" Intrnl_Id="540" Name="getCumulativePercentagesForFirstThreeRowsAreZero">
                                <Header>
                                    <Loc EndOffset="4222" SrcFileId="5" StartOffset="4152"/>
                                </Header>
                                <LocList>
                                    <Loc EndOffset="5187" SrcFileId="5" StartOffset="4152"/>
                                </LocList>
                                <StmntSeq Intrnl_Id="541">
                                    <LocList>
                                        <Loc EndOffset="4251" SrcFileId="5" StartOffset="4227"/>
                                        <Loc EndOffset="4896" SrcFileId="5" StartOffset="4894"/>
                                        <Loc EndOffset="4971" SrcFileId="5" StartOffset="4900"/>
                                        <Loc EndOffset="5057" SrcFileId="5" StartOffset="5019"/>
                                        <Loc EndOffset="5099" SrcFileId="5" StartOffset="5061"/>
                                        <Loc EndOffset="5141" SrcFileId="5" StartOffset="5103"/>
                                        <Loc EndOffset="5183" SrcFileId="5" StartOffset="5145"/>
                                    </LocList>
                                    <BasicStmnt CovItemId="S51" CovItemPrefix="org.jfree.data.DataUtilitiesGetCumulativePercentagesTest.java" Intrnl_Id="542">
                                        <LocList>
                                            <Loc EndOffset="4251" SrcFileId="5" StartOffset="4227"/>
                                            <Loc EndOffset="4896" SrcFileId="5" StartOffset="4894"/>
                                        </LocList>
                                    </BasicStmnt>
                                    <BasicStmnt CovItemId="S70" CovItemPrefix="org.jfree.data.DataUtilitiesGetCumulativePercentagesTest.java" Intrnl_Id="543">
                                        <LocList>
                                            <Loc EndOffset="4971" SrcFileId="5" StartOffset="4900"/>
                                        </LocList>
                                    </BasicStmnt>
                                    <BasicStmnt CovItemId="S71" CovItemPrefix="org.jfree.data.DataUtilitiesGetCumulativePercentagesTest.java" Intrnl_Id="544">
                                        <LocList>
                                            <Loc EndOffset="5057" SrcFileId="5" StartOffset="5019"/>
                                        </LocList>
                                    </BasicStmnt>
                                    <BasicStmnt CovItemId="S72" CovItemPrefix="org.jfree.data.DataUtilitiesGetCumulativePercentagesTest.java" Intrnl_Id="545">
                                        <LocList>
                                            <Loc EndOffset="5099" SrcFileId="5" StartOffset="5061"/>
                                        </LocList>
                                    </BasicStmnt>
                                    <BasicStmnt CovItemId="S73" CovItemPrefix="org.jfree.data.DataUtilitiesGetCumulativePercentagesTest.java" Intrnl_Id="546">
                                        <LocList>
                                            <Loc EndOffset="5141" SrcFileId="5" StartOffset="5103"/>
                                        </LocList>
                                    </BasicStmnt>
                                    <BasicStmnt CovItemId="S74" CovItemPrefix="org.jfree.data.DataUtilitiesGetCumulativePercentagesTest.java" Intrnl_Id="547">
                                        <LocList>
                                            <Loc EndOffset="5183" SrcFileId="5" StartOffset="5145"/>
                                        </LocList>
                                    </BasicStmnt>
                                </StmntSeq>
                                <HierarchyLvl HierarchyLvlId="8322" HierarchyLvlTypeId="12" Intrnl_Id="548" Name="Expectations">
                                    <Header>
                                        <Loc EndOffset="4269" SrcFileId="5" StartOffset="4255"/>
                                    </Header>
                                    <LocList>
                                        <Loc EndOffset="4894" SrcFileId="5" StartOffset="4251"/>
                                    </LocList>
                                    <StmntSeq Intrnl_Id="549">
                                        <LocList>
                                            <Loc EndOffset="4318" SrcFileId="5" StartOffset="4283"/>
                                            <Loc EndOffset="4345" SrcFileId="5" StartOffset="4324"/>
                                            <Loc EndOffset="4401" SrcFileId="5" StartOffset="4369"/>
                                            <Loc EndOffset="4428" SrcFileId="5" StartOffset="4407"/>
                                            <Loc EndOffset="4466" SrcFileId="5" StartOffset="4434"/>
                                            <Loc EndOffset="4493" SrcFileId="5" StartOffset="4472"/>
                                            <Loc EndOffset="4531" SrcFileId="5" StartOffset="4499"/>
                                            <Loc EndOffset="4558" SrcFileId="5" StartOffset="4537"/>
                                            <Loc EndOffset="4596" SrcFileId="5" StartOffset="4564"/>
                                            <Loc EndOffset="4623" SrcFileId="5" StartOffset="4602"/>
                                            <Loc EndOffset="4667" SrcFileId="5" StartOffset="4637"/>
                                            <Loc EndOffset="4694" SrcFileId="5" StartOffset="4673"/>
                                            <Loc EndOffset="4730" SrcFileId="5" StartOffset="4700"/>
                                            <Loc EndOffset="4757" SrcFileId="5" StartOffset="4736"/>
                                            <Loc EndOffset="4793" SrcFileId="5" StartOffset="4763"/>
                                            <Loc EndOffset="4820" SrcFileId="5" StartOffset="4799"/>
                                            <Loc EndOffset="4856" SrcFileId="5" StartOffset="4826"/>
                                            <Loc EndOffset="4883" SrcFileId="5" StartOffset="4862"/>
                                        </LocList>
                                        <BasicStmnt CovItemId="S52" CovItemPrefix="org.jfree.data.DataUtilitiesGetCumulativePercentagesTest.java" Intrnl_Id="550">
                                            <LocList>
                                                <Loc EndOffset="4318" SrcFileId="5" StartOffset="4283"/>
                                            </LocList>
                                        </BasicStmnt>
                                        <BasicStmnt CovItemId="S53" CovItemPrefix="org.jfree.data.DataUtilitiesGetCumulativePercentagesTest.java" Intrnl_Id="551">
                                            <LocList>
                                                <Loc EndOffset="4345" SrcFileId="5" StartOffset="4324"/>
                                            </LocList>
                                        </BasicStmnt>
                                        <BasicStmnt CovItemId="S54" CovItemPrefix="org.jfree.data.DataUtilitiesGetCumulativePercentagesTest.java" Intrnl_Id="552">
                                            <LocList>
                                                <Loc EndOffset="4401" SrcFileId="5" StartOffset="4369"/>
                                            </LocList>
                                        </BasicStmnt>
                                        <BasicStmnt CovItemId="S55" CovItemPrefix="org.jfree.data.DataUtilitiesGetCumulativePercentagesTest.java" Intrnl_Id="553">
                                            <LocList>
                                                <Loc EndOffset="4428" SrcFileId="5" StartOffset="4407"/>
                                            </LocList>
                                        </BasicStmnt>
                                        <BasicStmnt CovItemId="S56" CovItemPrefix="org.jfree.data.DataUtilitiesGetCumulativePercentagesTest.java" Intrnl_Id="554">
                                            <LocList>
                                                <Loc EndOffset="4466" SrcFileId="5" StartOffset="4434"/>
                                            </LocList>
                                        </BasicStmnt>
                                        <BasicStmnt CovItemId="S57" CovItemPrefix="org.jfree.data.DataUtilitiesGetCumulativePercentagesTest.java" Intrnl_Id="555">
                                            <LocList>
                                                <Loc EndOffset="4493" SrcFileId="5" StartOffset="4472"/>
                                            </LocList>
                                        </BasicStmnt>
                                        <BasicStmnt CovItemId="S58" CovItemPrefix="org.jfree.data.DataUtilitiesGetCumulativePercentagesTest.java" Intrnl_Id="556">
                                            <LocList>
                                                <Loc EndOffset="4531" SrcFileId="5" StartOffset="4499"/>
                                            </LocList>
                                        </BasicStmnt>
                                        <BasicStmnt CovItemId="S59" CovItemPrefix="org.jfree.data.DataUtilitiesGetCumulativePercentagesTest.java" Intrnl_Id="557">
                                            <LocList>
                                                <Loc EndOffset="4558" SrcFileId="5" StartOffset="4537"/>
                                            </LocList>
                                        </BasicStmnt>
                                        <BasicStmnt CovItemId="S60" CovItemPrefix="org.jfree.data.DataUtilitiesGetCumulativePercentagesTest.java" Intrnl_Id="558">
                                            <LocList>
                                                <Loc EndOffset="4596" SrcFileId="5" StartOffset="4564"/>
                                            </LocList>
                                        </BasicStmnt>
                                        <BasicStmnt CovItemId="S61" CovItemPrefix="org.jfree.data.DataUtilitiesGetCumulativePercentagesTest.java" Intrnl_Id="559">
                                            <LocList>
                                                <Loc EndOffset="4623" SrcFileId="5" StartOffset="4602"/>
                                            </LocList>
                                        </BasicStmnt>
                                        <BasicStmnt CovItemId="S62" CovItemPrefix="org.jfree.data.DataUtilitiesGetCumulativePercentagesTest.java" Intrnl_Id="560">
                                            <LocList>
                                                <Loc EndOffset="4667" SrcFileId="5" StartOffset="4637"/>
                                            </LocList>
                                        </BasicStmnt>
                                        <BasicStmnt CovItemId="S63" CovItemPrefix="org.jfree.data.DataUtilitiesGetCumulativePercentagesTest.java" Intrnl_Id="561">
                                            <LocList>
                                                <Loc EndOffset="4694" SrcFileId="5" StartOffset="4673"/>
                                            </LocList>
                                        </BasicStmnt>
                                        <BasicStmnt CovItemId="S64" CovItemPrefix="org.jfree.data.DataUtilitiesGetCumulativePercentagesTest.java" Intrnl_Id="562">
                                            <LocList>
                                                <Loc EndOffset="4730" SrcFileId="5" StartOffset="4700"/>
                                            </LocList>
                                        </BasicStmnt>
                                        <BasicStmnt CovItemId="S65" CovItemPrefix="org.jfree.data.DataUtilitiesGetCumulativePercentagesTest.java" Intrnl_Id="563">
                                            <LocList>
                                                <Loc EndOffset="4757" SrcFileId="5" StartOffset="4736"/>
                                            </LocList>
                                        </BasicStmnt>
                                        <BasicStmnt CovItemId="S66" CovItemPrefix="org.jfree.data.DataUtilitiesGetCumulativePercentagesTest.java" Intrnl_Id="564">
                                            <LocList>
                                                <Loc EndOffset="4793" SrcFileId="5" StartOffset="4763"/>
                                            </LocList>
                                        </BasicStmnt>
                                        <BasicStmnt CovItemId="S67" CovItemPrefix="org.jfree.data.DataUtilitiesGetCumulativePercentagesTest.java" Intrnl_Id="565">
                                            <LocList>
                                                <Loc EndOffset="4820" SrcFileId="5" StartOffset="4799"/>
                                            </LocList>
                                        </BasicStmnt>
                                        <BasicStmnt CovItemId="S68" CovItemPrefix="org.jfree.data.DataUtilitiesGetCumulativePercentagesTest.java" Intrnl_Id="566">
                                            <LocList>
                                                <Loc EndOffset="4856" SrcFileId="5" StartOffset="4826"/>
                                            </LocList>
                                        </BasicStmnt>
                                        <BasicStmnt CovItemId="S69" CovItemPrefix="org.jfree.data.DataUtilitiesGetCumulativePercentagesTest.java" Intrnl_Id="567">
                                            <LocList>
                                                <Loc EndOffset="4883" SrcFileId="5" StartOffset="4862"/>
                                            </LocList>
                                        </BasicStmnt>
                                    </StmntSeq>
                                </HierarchyLvl>
                            </HierarchyLvl>
                            <HierarchyLvl HierarchyLvlId="8325" HierarchyLvlTypeId="13" Intrnl_Id="568" Name="getCumulativePercentagesForLastThreeRowsAreZero">
                                <Header>
                                    <Loc EndOffset="5262" SrcFileId="5" StartOffset="5193"/>
                                </Header>
                                <LocList>
                                    <Loc EndOffset="6205" SrcFileId="5" StartOffset="5193"/>
                                </LocList>
                                <StmntSeq Intrnl_Id="569">
                                    <LocList>
                                        <Loc EndOffset="5291" SrcFileId="5" StartOffset="5267"/>
                                        <Loc EndOffset="5926" SrcFileId="5" StartOffset="5924"/>
                                        <Loc EndOffset="6005" SrcFileId="5" StartOffset="5934"/>
                                        <Loc EndOffset="6075" SrcFileId="5" StartOffset="6037"/>
                                        <Loc EndOffset="6117" SrcFileId="5" StartOffset="6079"/>
                                        <Loc EndOffset="6159" SrcFileId="5" StartOffset="6121"/>
                                        <Loc EndOffset="6201" SrcFileId="5" StartOffset="6163"/>
                                    </LocList>
                                    <BasicStmnt CovItemId="S75" CovItemPrefix="org.jfree.data.DataUtilitiesGetCumulativePercentagesTest.java" Intrnl_Id="570">
                                        <LocList>
                                            <Loc EndOffset="5291" SrcFileId="5" StartOffset="5267"/>
                                            <Loc EndOffset="5926" SrcFileId="5" StartOffset="5924"/>
                                        </LocList>
                                    </BasicStmnt>
                                    <BasicStmnt CovItemId="S94" CovItemPrefix="org.jfree.data.DataUtilitiesGetCumulativePercentagesTest.java" Intrnl_Id="571">
                                        <LocList>
                                            <Loc EndOffset="6005" SrcFileId="5" StartOffset="5934"/>
                                        </LocList>
                                    </BasicStmnt>
                                    <BasicStmnt CovItemId="S95" CovItemPrefix="org.jfree.data.DataUtilitiesGetCumulativePercentagesTest.java" Intrnl_Id="572">
                                        <LocList>
                                            <Loc EndOffset="6075" SrcFileId="5" StartOffset="6037"/>
                                        </LocList>
                                    </BasicStmnt>
                                    <BasicStmnt CovItemId="S96" CovItemPrefix="org.jfree.data.DataUtilitiesGetCumulativePercentagesTest.java" Intrnl_Id="573">
                                        <LocList>
                                            <Loc EndOffset="6117" SrcFileId="5" StartOffset="6079"/>
                                        </LocList>
                                    </BasicStmnt>
                                    <BasicStmnt CovItemId="S97" CovItemPrefix="org.jfree.data.DataUtilitiesGetCumulativePercentagesTest.java" Intrnl_Id="574">
                                        <LocList>
                                            <Loc EndOffset="6159" SrcFileId="5" StartOffset="6121"/>
                                        </LocList>
                                    </BasicStmnt>
                                    <BasicStmnt CovItemId="S98" CovItemPrefix="org.jfree.data.DataUtilitiesGetCumulativePercentagesTest.java" Intrnl_Id="575">
                                        <LocList>
                                            <Loc EndOffset="6201" SrcFileId="5" StartOffset="6163"/>
                                        </LocList>
                                    </BasicStmnt>
                                </StmntSeq>
                                <HierarchyLvl HierarchyLvlId="8324" HierarchyLvlTypeId="12" Intrnl_Id="576" Name="Expectations">
                                    <Header>
                                        <Loc EndOffset="5309" SrcFileId="5" StartOffset="5295"/>
                                    </Header>
                                    <LocList>
                                        <Loc EndOffset="5924" SrcFileId="5" StartOffset="5291"/>
                                    </LocList>
                                    <StmntSeq Intrnl_Id="577">
                                        <LocList>
                                            <Loc EndOffset="5358" SrcFileId="5" StartOffset="5323"/>
                                            <Loc EndOffset="5385" SrcFileId="5" StartOffset="5364"/>
                                            <Loc EndOffset="5431" SrcFileId="5" StartOffset="5399"/>
                                            <Loc EndOffset="5458" SrcFileId="5" StartOffset="5437"/>
                                            <Loc EndOffset="5496" SrcFileId="5" StartOffset="5464"/>
                                            <Loc EndOffset="5523" SrcFileId="5" StartOffset="5502"/>
                                            <Loc EndOffset="5561" SrcFileId="5" StartOffset="5529"/>
                                            <Loc EndOffset="5588" SrcFileId="5" StartOffset="5567"/>
                                            <Loc EndOffset="5626" SrcFileId="5" StartOffset="5594"/>
                                            <Loc EndOffset="5653" SrcFileId="5" StartOffset="5632"/>
                                            <Loc EndOffset="5697" SrcFileId="5" StartOffset="5667"/>
                                            <Loc EndOffset="5724" SrcFileId="5" StartOffset="5703"/>
                                            <Loc EndOffset="5760" SrcFileId="5" StartOffset="5730"/>
                                            <Loc EndOffset="5787" SrcFileId="5" StartOffset="5766"/>
                                            <Loc EndOffset="5823" SrcFileId="5" StartOffset="5793"/>
                                            <Loc EndOffset="5850" SrcFileId="5" StartOffset="5829"/>
                                            <Loc EndOffset="5886" SrcFileId="5" StartOffset="5856"/>
                                            <Loc EndOffset="5913" SrcFileId="5" StartOffset="5892"/>
                                        </LocList>
                                        <BasicStmnt CovItemId="S76" CovItemPrefix="org.jfree.data.DataUtilitiesGetCumulativePercentagesTest.java" Intrnl_Id="578">
                                            <LocList>
                                                <Loc EndOffset="5358" SrcFileId="5" StartOffset="5323"/>
                                            </LocList>
                                        </BasicStmnt>
                                        <BasicStmnt CovItemId="S77" CovItemPrefix="org.jfree.data.DataUtilitiesGetCumulativePercentagesTest.java" Intrnl_Id="579">
                                            <LocList>
                                                <Loc EndOffset="5385" SrcFileId="5" StartOffset="5364"/>
                                            </LocList>
                                        </BasicStmnt>
                                        <BasicStmnt CovItemId="S78" CovItemPrefix="org.jfree.data.DataUtilitiesGetCumulativePercentagesTest.java" Intrnl_Id="580">
                                            <LocList>
                                                <Loc EndOffset="5431" SrcFileId="5" StartOffset="5399"/>
                                            </LocList>
                                        </BasicStmnt>
                                        <BasicStmnt CovItemId="S79" CovItemPrefix="org.jfree.data.DataUtilitiesGetCumulativePercentagesTest.java" Intrnl_Id="581">
                                            <LocList>
                                                <Loc EndOffset="5458" SrcFileId="5" StartOffset="5437"/>
                                            </LocList>
                                        </BasicStmnt>
                                        <BasicStmnt CovItemId="S80" CovItemPrefix="org.jfree.data.DataUtilitiesGetCumulativePercentagesTest.java" Intrnl_Id="582">
                                            <LocList>
                                                <Loc EndOffset="5496" SrcFileId="5" StartOffset="5464"/>
                                            </LocList>
                                        </BasicStmnt>
                                        <BasicStmnt CovItemId="S81" CovItemPrefix="org.jfree.data.DataUtilitiesGetCumulativePercentagesTest.java" Intrnl_Id="583">
                                            <LocList>
                                                <Loc EndOffset="5523" SrcFileId="5" StartOffset="5502"/>
                                            </LocList>
                                        </BasicStmnt>
                                        <BasicStmnt CovItemId="S82" CovItemPrefix="org.jfree.data.DataUtilitiesGetCumulativePercentagesTest.java" Intrnl_Id="584">
                                            <LocList>
                                                <Loc EndOffset="5561" SrcFileId="5" StartOffset="5529"/>
                                            </LocList>
                                        </BasicStmnt>
                                        <BasicStmnt CovItemId="S83" CovItemPrefix="org.jfree.data.DataUtilitiesGetCumulativePercentagesTest.java" Intrnl_Id="585">
                                            <LocList>
                                                <Loc EndOffset="5588" SrcFileId="5" StartOffset="5567"/>
                                            </LocList>
                                        </BasicStmnt>
                                        <BasicStmnt CovItemId="S84" CovItemPrefix="org.jfree.data.DataUtilitiesGetCumulativePercentagesTest.java" Intrnl_Id="586">
                                            <LocList>
                                                <Loc EndOffset="5626" SrcFileId="5" StartOffset="5594"/>
                                            </LocList>
                                        </BasicStmnt>
                                        <BasicStmnt CovItemId="S85" CovItemPrefix="org.jfree.data.DataUtilitiesGetCumulativePercentagesTest.java" Intrnl_Id="587">
                                            <LocList>
                                                <Loc EndOffset="5653" SrcFileId="5" StartOffset="5632"/>
                                            </LocList>
                                        </BasicStmnt>
                                        <BasicStmnt CovItemId="S86" CovItemPrefix="org.jfree.data.DataUtilitiesGetCumulativePercentagesTest.java" Intrnl_Id="588">
                                            <LocList>
                                                <Loc EndOffset="5697" SrcFileId="5" StartOffset="5667"/>
                                            </LocList>
                                        </BasicStmnt>
                                        <BasicStmnt CovItemId="S87" CovItemPrefix="org.jfree.data.DataUtilitiesGetCumulativePercentagesTest.java" Intrnl_Id="589">
                                            <LocList>
                                                <Loc EndOffset="5724" SrcFileId="5" StartOffset="5703"/>
                                            </LocList>
                                        </BasicStmnt>
                                        <BasicStmnt CovItemId="S88" CovItemPrefix="org.jfree.data.DataUtilitiesGetCumulativePercentagesTest.java" Intrnl_Id="590">
                                            <LocList>
                                                <Loc EndOffset="5760" SrcFileId="5" StartOffset="5730"/>
                                            </LocList>
                                        </BasicStmnt>
                                        <BasicStmnt CovItemId="S89" CovItemPrefix="org.jfree.data.DataUtilitiesGetCumulativePercentagesTest.java" Intrnl_Id="591">
                                            <LocList>
                                                <Loc EndOffset="5787" SrcFileId="5" StartOffset="5766"/>
                                            </LocList>
                                        </BasicStmnt>
                                        <BasicStmnt CovItemId="S90" CovItemPrefix="org.jfree.data.DataUtilitiesGetCumulativePercentagesTest.java" Intrnl_Id="592">
                                            <LocList>
                                                <Loc EndOffset="5823" SrcFileId="5" StartOffset="5793"/>
                                            </LocList>
                                        </BasicStmnt>
                                        <BasicStmnt CovItemId="S91" CovItemPrefix="org.jfree.data.DataUtilitiesGetCumulativePercentagesTest.java" Intrnl_Id="593">
                                            <LocList>
                                                <Loc EndOffset="5850" SrcFileId="5" StartOffset="5829"/>
                                            </LocList>
                                        </BasicStmnt>
                                        <BasicStmnt CovItemId="S92" CovItemPrefix="org.jfree.data.DataUtilitiesGetCumulativePercentagesTest.java" Intrnl_Id="594">
                                            <LocList>
                                                <Loc EndOffset="5886" SrcFileId="5" StartOffset="5856"/>
                                            </LocList>
                                        </BasicStmnt>
                                        <BasicStmnt CovItemId="S93" CovItemPrefix="org.jfree.data.DataUtilitiesGetCumulativePercentagesTest.java" Intrnl_Id="595">
                                            <LocList>
                                                <Loc EndOffset="5913" SrcFileId="5" StartOffset="5892"/>
                                            </LocList>
                                        </BasicStmnt>
                                    </StmntSeq>
                                </HierarchyLvl>
                            </HierarchyLvl>
                            <HierarchyLvl HierarchyLvlId="8327" HierarchyLvlTypeId="13" Intrnl_Id="596" Name="getCumulativePercentagesForAllRowsAreZero">
                                <Header>
                                    <Loc EndOffset="6274" SrcFileId="5" StartOffset="6211"/>
                                </Header>
                                <LocList>
                                    <Loc EndOffset="7213" SrcFileId="5" StartOffset="6211"/>
                                </LocList>
                                <StmntSeq Intrnl_Id="597">
                                    <LocList>
                                        <Loc EndOffset="6303" SrcFileId="5" StartOffset="6279"/>
                                        <Loc EndOffset="6938" SrcFileId="5" StartOffset="6936"/>
                                        <Loc EndOffset="7017" SrcFileId="5" StartOffset="6946"/>
                                        <Loc EndOffset="7065" SrcFileId="5" StartOffset="7021"/>
                                        <Loc EndOffset="7113" SrcFileId="5" StartOffset="7069"/>
                                        <Loc EndOffset="7161" SrcFileId="5" StartOffset="7117"/>
                                        <Loc EndOffset="7209" SrcFileId="5" StartOffset="7165"/>
                                    </LocList>
                                    <BasicStmnt CovItemId="S99" CovItemPrefix="org.jfree.data.DataUtilitiesGetCumulativePercentagesTest.java" Intrnl_Id="598">
                                        <LocList>
                                            <Loc EndOffset="6303" SrcFileId="5" StartOffset="6279"/>
                                            <Loc EndOffset="6938" SrcFileId="5" StartOffset="6936"/>
                                        </LocList>
                                    </BasicStmnt>
                                    <BasicStmnt CovItemId="S118" CovItemPrefix="org.jfree.data.DataUtilitiesGetCumulativePercentagesTest.java" Intrnl_Id="599">
                                        <LocList>
                                            <Loc EndOffset="7017" SrcFileId="5" StartOffset="6946"/>
                                        </LocList>
                                    </BasicStmnt>
                                    <BasicStmnt CovItemId="S119" CovItemPrefix="org.jfree.data.DataUtilitiesGetCumulativePercentagesTest.java" Intrnl_Id="600">
                                        <LocList>
                                            <Loc EndOffset="7065" SrcFileId="5" StartOffset="7021"/>
                                        </LocList>
                                    </BasicStmnt>
                                    <BasicStmnt CovItemId="S120" CovItemPrefix="org.jfree.data.DataUtilitiesGetCumulativePercentagesTest.java" Intrnl_Id="601">
                                        <LocList>
                                            <Loc EndOffset="7113" SrcFileId="5" StartOffset="7069"/>
                                        </LocList>
                                    </BasicStmnt>
                                    <BasicStmnt CovItemId="S121" CovItemPrefix="org.jfree.data.DataUtilitiesGetCumulativePercentagesTest.java" Intrnl_Id="602">
                                        <LocList>
                                            <Loc EndOffset="7161" SrcFileId="5" StartOffset="7117"/>
                                        </LocList>
                                    </BasicStmnt>
                                    <BasicStmnt CovItemId="S122" CovItemPrefix="org.jfree.data.DataUtilitiesGetCumulativePercentagesTest.java" Intrnl_Id="603">
                                        <LocList>
                                            <Loc EndOffset="7209" SrcFileId="5" StartOffset="7165"/>
                                        </LocList>
                                    </BasicStmnt>
                                </StmntSeq>
                                <HierarchyLvl HierarchyLvlId="8326" HierarchyLvlTypeId="12" Intrnl_Id="604" Name="Expectations">
                                    <Header>
                                        <Loc EndOffset="6321" SrcFileId="5" StartOffset="6307"/>
                                    </Header>
                                    <LocList>
                                        <Loc EndOffset="6936" SrcFileId="5" StartOffset="6303"/>
                                    </LocList>
                                    <StmntSeq Intrnl_Id="605">
                                        <LocList>
                                            <Loc EndOffset="6370" SrcFileId="5" StartOffset="6335"/>
                                            <Loc EndOffset="6397" SrcFileId="5" StartOffset="6376"/>
                                            <Loc EndOffset="6443" SrcFileId="5" StartOffset="6411"/>
                                            <Loc EndOffset="6470" SrcFileId="5" StartOffset="6449"/>
                                            <Loc EndOffset="6508" SrcFileId="5" StartOffset="6476"/>
                                            <Loc EndOffset="6535" SrcFileId="5" StartOffset="6514"/>
                                            <Loc EndOffset="6573" SrcFileId="5" StartOffset="6541"/>
                                            <Loc EndOffset="6600" SrcFileId="5" StartOffset="6579"/>
                                            <Loc EndOffset="6638" SrcFileId="5" StartOffset="6606"/>
                                            <Loc EndOffset="6665" SrcFileId="5" StartOffset="6644"/>
                                            <Loc EndOffset="6709" SrcFileId="5" StartOffset="6679"/>
                                            <Loc EndOffset="6736" SrcFileId="5" StartOffset="6715"/>
                                            <Loc EndOffset="6772" SrcFileId="5" StartOffset="6742"/>
                                            <Loc EndOffset="6799" SrcFileId="5" StartOffset="6778"/>
                                            <Loc EndOffset="6835" SrcFileId="5" StartOffset="6805"/>
                                            <Loc EndOffset="6862" SrcFileId="5" StartOffset="6841"/>
                                            <Loc EndOffset="6898" SrcFileId="5" StartOffset="6868"/>
                                            <Loc EndOffset="6925" SrcFileId="5" StartOffset="6904"/>
                                        </LocList>
                                        <BasicStmnt CovItemId="S100" CovItemPrefix="org.jfree.data.DataUtilitiesGetCumulativePercentagesTest.java" Intrnl_Id="606">
                                            <LocList>
                                                <Loc EndOffset="6370" SrcFileId="5" StartOffset="6335"/>
                                            </LocList>
                                        </BasicStmnt>
                                        <BasicStmnt CovItemId="S101" CovItemPrefix="org.jfree.data.DataUtilitiesGetCumulativePercentagesTest.java" Intrnl_Id="607">
                                            <LocList>
                                                <Loc EndOffset="6397" SrcFileId="5" StartOffset="6376"/>
                                            </LocList>
                                        </BasicStmnt>
                                        <BasicStmnt CovItemId="S102" CovItemPrefix="org.jfree.data.DataUtilitiesGetCumulativePercentagesTest.java" Intrnl_Id="608">
                                            <LocList>
                                                <Loc EndOffset="6443" SrcFileId="5" StartOffset="6411"/>
                                            </LocList>
                                        </BasicStmnt>
                                        <BasicStmnt CovItemId="S103" CovItemPrefix="org.jfree.data.DataUtilitiesGetCumulativePercentagesTest.java" Intrnl_Id="609">
                                            <LocList>
                                                <Loc EndOffset="6470" SrcFileId="5" StartOffset="6449"/>
                                            </LocList>
                                        </BasicStmnt>
                                        <BasicStmnt CovItemId="S104" CovItemPrefix="org.jfree.data.DataUtilitiesGetCumulativePercentagesTest.java" Intrnl_Id="610">
                                            <LocList>
                                                <Loc EndOffset="6508" SrcFileId="5" StartOffset="6476"/>
                                            </LocList>
                                        </BasicStmnt>
                                        <BasicStmnt CovItemId="S105" CovItemPrefix="org.jfree.data.DataUtilitiesGetCumulativePercentagesTest.java" Intrnl_Id="611">
                                            <LocList>
                                                <Loc EndOffset="6535" SrcFileId="5" StartOffset="6514"/>
                                            </LocList>
                                        </BasicStmnt>
                                        <BasicStmnt CovItemId="S106" CovItemPrefix="org.jfree.data.DataUtilitiesGetCumulativePercentagesTest.java" Intrnl_Id="612">
                                            <LocList>
                                                <Loc EndOffset="6573" SrcFileId="5" StartOffset="6541"/>
                                            </LocList>
                                        </BasicStmnt>
                                        <BasicStmnt CovItemId="S107" CovItemPrefix="org.jfree.data.DataUtilitiesGetCumulativePercentagesTest.java" Intrnl_Id="613">
                                            <LocList>
                                                <Loc EndOffset="6600" SrcFileId="5" StartOffset="6579"/>
                                            </LocList>
                                        </BasicStmnt>
                                        <BasicStmnt CovItemId="S108" CovItemPrefix="org.jfree.data.DataUtilitiesGetCumulativePercentagesTest.java" Intrnl_Id="614">
                                            <LocList>
                                                <Loc EndOffset="6638" SrcFileId="5" StartOffset="6606"/>
                                            </LocList>
                                        </BasicStmnt>
                                        <BasicStmnt CovItemId="S109" CovItemPrefix="org.jfree.data.DataUtilitiesGetCumulativePercentagesTest.java" Intrnl_Id="615">
                                            <LocList>
                                                <Loc EndOffset="6665" SrcFileId="5" StartOffset="6644"/>
                                            </LocList>
                                        </BasicStmnt>
                                        <BasicStmnt CovItemId="S110" CovItemPrefix="org.jfree.data.DataUtilitiesGetCumulativePercentagesTest.java" Intrnl_Id="616">
                                            <LocList>
                                                <Loc EndOffset="6709" SrcFileId="5" StartOffset="6679"/>
                                            </LocList>
                                        </BasicStmnt>
                                        <BasicStmnt CovItemId="S111" CovItemPrefix="org.jfree.data.DataUtilitiesGetCumulativePercentagesTest.java" Intrnl_Id="617">
                                            <LocList>
                                                <Loc EndOffset="6736" SrcFileId="5" StartOffset="6715"/>
                                            </LocList>
                                        </BasicStmnt>
                                        <BasicStmnt CovItemId="S112" CovItemPrefix="org.jfree.data.DataUtilitiesGetCumulativePercentagesTest.java" Intrnl_Id="618">
                                            <LocList>
                                                <Loc EndOffset="6772" SrcFileId="5" StartOffset="6742"/>
                                            </LocList>
                                        </BasicStmnt>
                                        <BasicStmnt CovItemId="S113" CovItemPrefix="org.jfree.data.DataUtilitiesGetCumulativePercentagesTest.java" Intrnl_Id="619">
                                            <LocList>
                                                <Loc EndOffset="6799" SrcFileId="5" StartOffset="6778"/>
                                            </LocList>
                                        </BasicStmnt>
                                        <BasicStmnt CovItemId="S114" CovItemPrefix="org.jfree.data.DataUtilitiesGetCumulativePercentagesTest.java" Intrnl_Id="620">
                                            <LocList>
                                                <Loc EndOffset="6835" SrcFileId="5" StartOffset="6805"/>
                                            </LocList>
                                        </BasicStmnt>
                                        <BasicStmnt CovItemId="S115" CovItemPrefix="org.jfree.data.DataUtilitiesGetCumulativePercentagesTest.java" Intrnl_Id="621">
                                            <LocList>
                                                <Loc EndOffset="6862" SrcFileId="5" StartOffset="6841"/>
                                            </LocList>
                                        </BasicStmnt>
                                        <BasicStmnt CovItemId="S116" CovItemPrefix="org.jfree.data.DataUtilitiesGetCumulativePercentagesTest.java" Intrnl_Id="622">
                                            <LocList>
                                                <Loc EndOffset="6898" SrcFileId="5" StartOffset="6868"/>
                                            </LocList>
                                        </BasicStmnt>
                                        <BasicStmnt CovItemId="S117" CovItemPrefix="org.jfree.data.DataUtilitiesGetCumulativePercentagesTest.java" Intrnl_Id="623">
                                            <LocList>
                                                <Loc EndOffset="6925" SrcFileId="5" StartOffset="6904"/>
                                            </LocList>
                                        </BasicStmnt>
                                    </StmntSeq>
                                </HierarchyLvl>
                            </HierarchyLvl>
                            <HierarchyLvl HierarchyLvlId="8328" HierarchyLvlTypeId="13" Intrnl_Id="624" Name="tearDown">
                                <Header>
                                    <Loc EndOffset="7267" SrcFileId="5" StartOffset="7219"/>
                                </Header>
                                <LocList>
                                    <Loc EndOffset="7275" SrcFileId="5" StartOffset="7219"/>
                                </LocList>
                            </HierarchyLvl>
                            <HierarchyLvl HierarchyLvlId="8329" HierarchyLvlTypeId="13" Intrnl_Id="625" Name="tearDownAfterClass">
                                <Header>
                                    <Loc EndOffset="7350" SrcFileId="5" StartOffset="7280"/>
                                </Header>
                                <LocList>
                                    <Loc EndOffset="7358" SrcFileId="5" StartOffset="7280"/>
                                </LocList>
                            </HierarchyLvl>
                        </HierarchyLvl>
                        <HierarchyLvl HierarchyLvlId="8350" HierarchyLvlTypeId="14" Intrnl_Id="626" Name="RangeCombineIgnoringNanTest">
                            <Header>
                                <Loc EndOffset="150" SrcFileId="6" StartOffset="110"/>
                            </Header>
                            <LocList>
                                <Loc EndOffset="4133" SrcFileId="6" StartOffset="110"/>
                            </LocList>
                            <HierarchyLvl HierarchyLvlId="8331" HierarchyLvlTypeId="13" Intrnl_Id="627" Name="setUpBeforeClass">
                                <Header>
                                    <Loc EndOffset="223" SrcFileId="6" StartOffset="155"/>
                                </Header>
                                <LocList>
                                    <Loc EndOffset="228" SrcFileId="6" StartOffset="155"/>
                                </LocList>
                            </HierarchyLvl>
                            <HierarchyLvl HierarchyLvlId="8332" HierarchyLvlTypeId="13" Intrnl_Id="628" Name="setUp">
                                <Header>
                                    <Loc EndOffset="276" SrcFileId="6" StartOffset="231"/>
                                </Header>
                                <LocList>
                                    <Loc EndOffset="389" SrcFileId="6" StartOffset="231"/>
                                </LocList>
                                <StmntSeq Intrnl_Id="629">
                                    <LocList>
                                        <Loc EndOffset="386" SrcFileId="6" StartOffset="281"/>
                                    </LocList>
                                    <BasicStmnt CovItemId="S1" CovItemPrefix="org.jfree.data.RangeCombineIgnoringNanTest.java" Intrnl_Id="630">
                                        <LocList>
                                            <Loc EndOffset="386" SrcFileId="6" StartOffset="281"/>
                                        </LocList>
                                    </BasicStmnt>
                                </StmntSeq>
                            </HierarchyLvl>
                            <HierarchyLvl HierarchyLvlId="8333" HierarchyLvlTypeId="13" Intrnl_Id="631" Name="shouldIgnoreLowerBoundNaNInRange1">
                                <Header>
                                    <Loc EndOffset="474" SrcFileId="6" StartOffset="420"/>
                                </Header>
                                <LocList>
                                    <Loc EndOffset="679" SrcFileId="6" StartOffset="420"/>
                                </LocList>
                                <StmntSeq Intrnl_Id="632">
                                    <LocList>
                                        <Loc EndOffset="676" SrcFileId="6" StartOffset="479"/>
                                    </LocList>
                                    <BasicStmnt CovItemId="S2" CovItemPrefix="org.jfree.data.RangeCombineIgnoringNanTest.java" Intrnl_Id="633">
                                        <LocList>
                                            <Loc EndOffset="676" SrcFileId="6" StartOffset="479"/>
                                        </LocList>
                                    </BasicStmnt>
                                </StmntSeq>
                            </HierarchyLvl>
                            <HierarchyLvl HierarchyLvlId="8334" HierarchyLvlTypeId="13" Intrnl_Id="634" Name="shouldIgnoreUpperBoundNaNInRange1">
                                <Header>
                                    <Loc EndOffset="736" SrcFileId="6" StartOffset="682"/>
                                </Header>
                                <LocList>
                                    <Loc EndOffset="942" SrcFileId="6" StartOffset="682"/>
                                </LocList>
                                <StmntSeq Intrnl_Id="635">
                                    <LocList>
                                        <Loc EndOffset="939" SrcFileId="6" StartOffset="741"/>
                                    </LocList>
                                    <BasicStmnt CovItemId="S3" CovItemPrefix="org.jfree.data.RangeCombineIgnoringNanTest.java" Intrnl_Id="636">
                                        <LocList>
                                            <Loc EndOffset="939" SrcFileId="6" StartOffset="741"/>
                                        </LocList>
                                    </BasicStmnt>
                                </StmntSeq>
                            </HierarchyLvl>
                            <HierarchyLvl HierarchyLvlId="8335" HierarchyLvlTypeId="13" Intrnl_Id="637" Name="shouldIgnoreLowerBoundNaNInRange2">
                                <Header>
                                    <Loc EndOffset="999" SrcFileId="6" StartOffset="945"/>
                                </Header>
                                <LocList>
                                    <Loc EndOffset="1205" SrcFileId="6" StartOffset="945"/>
                                </LocList>
                                <StmntSeq Intrnl_Id="638">
                                    <LocList>
                                        <Loc EndOffset="1202" SrcFileId="6" StartOffset="1004"/>
                                    </LocList>
                                    <BasicStmnt CovItemId="S4" CovItemPrefix="org.jfree.data.RangeCombineIgnoringNanTest.java" Intrnl_Id="639">
                                        <LocList>
                                            <Loc EndOffset="1202" SrcFileId="6" StartOffset="1004"/>
                                        </LocList>
                                    </BasicStmnt>
                                </StmntSeq>
                            </HierarchyLvl>
                            <HierarchyLvl HierarchyLvlId="8336" HierarchyLvlTypeId="13" Intrnl_Id="640" Name="shouldIgnoreUpperBoundNaNInRange2">
                                <Header>
                                    <Loc EndOffset="1262" SrcFileId="6" StartOffset="1208"/>
                                </Header>
                                <LocList>
                                    <Loc EndOffset="1469" SrcFileId="6" StartOffset="1208"/>
                                </LocList>
                                <StmntSeq Intrnl_Id="641">
                                    <LocList>
                                        <Loc EndOffset="1466" SrcFileId="6" StartOffset="1267"/>
                                    </LocList>
                                    <BasicStmnt CovItemId="S5" CovItemPrefix="org.jfree.data.RangeCombineIgnoringNanTest.java" Intrnl_Id="642">
                                        <LocList>
                                            <Loc EndOffset="1466" SrcFileId="6" StartOffset="1267"/>
                                        </LocList>
                                    </BasicStmnt>
                                </StmntSeq>
                            </HierarchyLvl>
                            <HierarchyLvl HierarchyLvlId="8337" HierarchyLvlTypeId="13" Intrnl_Id="643" Name="shouldIgnoreNaNInRange2">
                                <Header>
                                    <Loc EndOffset="1516" SrcFileId="6" StartOffset="1472"/>
                                </Header>
                                <LocList>
                                    <Loc EndOffset="1690" SrcFileId="6" StartOffset="1472"/>
                                </LocList>
                                <StmntSeq Intrnl_Id="644">
                                    <LocList>
                                        <Loc EndOffset="1687" SrcFileId="6" StartOffset="1521"/>
                                    </LocList>
                                    <BasicStmnt CovItemId="S6" CovItemPrefix="org.jfree.data.RangeCombineIgnoringNanTest.java" Intrnl_Id="645">
                                        <LocList>
                                            <Loc EndOffset="1687" SrcFileId="6" StartOffset="1521"/>
                                        </LocList>
                                    </BasicStmnt>
                                </StmntSeq>
                            </HierarchyLvl>
                            <HierarchyLvl HierarchyLvlId="8338" HierarchyLvlTypeId="13" Intrnl_Id="646" Name="shouldIgnoreNaNInRange1">
                                <Header>
                                    <Loc EndOffset="1737" SrcFileId="6" StartOffset="1693"/>
                                </Header>
                                <LocList>
                                    <Loc EndOffset="1911" SrcFileId="6" StartOffset="1693"/>
                                </LocList>
                                <StmntSeq Intrnl_Id="647">
                                    <LocList>
                                        <Loc EndOffset="1908" SrcFileId="6" StartOffset="1742"/>
                                    </LocList>
                                    <BasicStmnt CovItemId="S7" CovItemPrefix="org.jfree.data.RangeCombineIgnoringNanTest.java" Intrnl_Id="648">
                                        <LocList>
                                            <Loc EndOffset="1908" SrcFileId="6" StartOffset="1742"/>
                                        </LocList>
                                    </BasicStmnt>
                                </StmntSeq>
                            </HierarchyLvl>
                            <HierarchyLvl HierarchyLvlId="8339" HierarchyLvlTypeId="13" Intrnl_Id="649" Name="shouldReturnNullAsResult">
                                <Header>
                                    <Loc EndOffset="1960" SrcFileId="6" StartOffset="1915"/>
                                </Header>
                                <LocList>
                                    <Loc EndOffset="2148" SrcFileId="6" StartOffset="1915"/>
                                </LocList>
                                <StmntSeq Intrnl_Id="650">
                                    <LocList>
                                        <Loc EndOffset="2145" SrcFileId="6" StartOffset="1965"/>
                                    </LocList>
                                    <BasicStmnt CovItemId="S8" CovItemPrefix="org.jfree.data.RangeCombineIgnoringNanTest.java" Intrnl_Id="651">
                                        <LocList>
                                            <Loc EndOffset="2145" SrcFileId="6" StartOffset="1965"/>
                                        </LocList>
                                    </BasicStmnt>
                                </StmntSeq>
                            </HierarchyLvl>
                            <HierarchyLvl HierarchyLvlId="8340" HierarchyLvlTypeId="13" Intrnl_Id="652" Name="range1NullWithRange2NaN">
                                <Header>
                                    <Loc EndOffset="2196" SrcFileId="6" StartOffset="2152"/>
                                </Header>
                                <LocList>
                                    <Loc EndOffset="2365" SrcFileId="6" StartOffset="2152"/>
                                </LocList>
                                <StmntSeq Intrnl_Id="653">
                                    <LocList>
                                        <Loc EndOffset="2362" SrcFileId="6" StartOffset="2201"/>
                                    </LocList>
                                    <BasicStmnt CovItemId="S9" CovItemPrefix="org.jfree.data.RangeCombineIgnoringNanTest.java" Intrnl_Id="654">
                                        <LocList>
                                            <Loc EndOffset="2362" SrcFileId="6" StartOffset="2201"/>
                                        </LocList>
                                    </BasicStmnt>
                                </StmntSeq>
                            </HierarchyLvl>
                            <HierarchyLvl HierarchyLvlId="8341" HierarchyLvlTypeId="13" Intrnl_Id="655" Name="range1NullWithRange2NonNaN">
                                <Header>
                                    <Loc EndOffset="2416" SrcFileId="6" StartOffset="2369"/>
                                </Header>
                                <LocList>
                                    <Loc EndOffset="2584" SrcFileId="6" StartOffset="2369"/>
                                </LocList>
                                <StmntSeq Intrnl_Id="656">
                                    <LocList>
                                        <Loc EndOffset="2581" SrcFileId="6" StartOffset="2421"/>
                                    </LocList>
                                    <BasicStmnt CovItemId="S10" CovItemPrefix="org.jfree.data.RangeCombineIgnoringNanTest.java" Intrnl_Id="657">
                                        <LocList>
                                            <Loc EndOffset="2581" SrcFileId="6" StartOffset="2421"/>
                                        </LocList>
                                    </BasicStmnt>
                                </StmntSeq>
                            </HierarchyLvl>
                            <HierarchyLvl HierarchyLvlId="8342" HierarchyLvlTypeId="13" Intrnl_Id="658" Name="range2NullWithRange1NaN">
                                <Header>
                                    <Loc EndOffset="2632" SrcFileId="6" StartOffset="2588"/>
                                </Header>
                                <LocList>
                                    <Loc EndOffset="2800" SrcFileId="6" StartOffset="2588"/>
                                </LocList>
                                <StmntSeq Intrnl_Id="659">
                                    <LocList>
                                        <Loc EndOffset="2797" SrcFileId="6" StartOffset="2637"/>
                                    </LocList>
                                    <BasicStmnt CovItemId="S11" CovItemPrefix="org.jfree.data.RangeCombineIgnoringNanTest.java" Intrnl_Id="660">
                                        <LocList>
                                            <Loc EndOffset="2797" SrcFileId="6" StartOffset="2637"/>
                                        </LocList>
                                    </BasicStmnt>
                                </StmntSeq>
                            </HierarchyLvl>
                            <HierarchyLvl HierarchyLvlId="8343" HierarchyLvlTypeId="13" Intrnl_Id="661" Name="range2NullWithRange1NonNaN">
                                <Header>
                                    <Loc EndOffset="2851" SrcFileId="6" StartOffset="2804"/>
                                </Header>
                                <LocList>
                                    <Loc EndOffset="3018" SrcFileId="6" StartOffset="2804"/>
                                </LocList>
                                <StmntSeq Intrnl_Id="662">
                                    <LocList>
                                        <Loc EndOffset="3015" SrcFileId="6" StartOffset="2856"/>
                                    </LocList>
                                    <BasicStmnt CovItemId="S12" CovItemPrefix="org.jfree.data.RangeCombineIgnoringNanTest.java" Intrnl_Id="663">
                                        <LocList>
                                            <Loc EndOffset="3015" SrcFileId="6" StartOffset="2856"/>
                                        </LocList>
                                    </BasicStmnt>
                                </StmntSeq>
                            </HierarchyLvl>
                            <HierarchyLvl HierarchyLvlId="8344" HierarchyLvlTypeId="13" Intrnl_Id="664" Name="bothRangesNull">
                                <Header>
                                    <Loc EndOffset="3057" SrcFileId="6" StartOffset="3022"/>
                                </Header>
                                <LocList>
                                    <Loc EndOffset="3176" SrcFileId="6" StartOffset="3022"/>
                                </LocList>
                                <StmntSeq Intrnl_Id="665">
                                    <LocList>
                                        <Loc EndOffset="3173" SrcFileId="6" StartOffset="3062"/>
                                    </LocList>
                                    <BasicStmnt CovItemId="S13" CovItemPrefix="org.jfree.data.RangeCombineIgnoringNanTest.java" Intrnl_Id="666">
                                        <LocList>
                                            <Loc EndOffset="3173" SrcFileId="6" StartOffset="3062"/>
                                        </LocList>
                                    </BasicStmnt>
                                </StmntSeq>
                            </HierarchyLvl>
                            <HierarchyLvl HierarchyLvlId="8345" HierarchyLvlTypeId="13" Intrnl_Id="667" Name="bothRangesNaN">
                                <Header>
                                    <Loc EndOffset="3214" SrcFileId="6" StartOffset="3180"/>
                                </Header>
                                <LocList>
                                    <Loc EndOffset="3413" SrcFileId="6" StartOffset="3180"/>
                                </LocList>
                                <StmntSeq Intrnl_Id="668">
                                    <LocList>
                                        <Loc EndOffset="3410" SrcFileId="6" StartOffset="3219"/>
                                    </LocList>
                                    <BasicStmnt CovItemId="S14" CovItemPrefix="org.jfree.data.RangeCombineIgnoringNanTest.java" Intrnl_Id="669">
                                        <LocList>
                                            <Loc EndOffset="3410" SrcFileId="6" StartOffset="3219"/>
                                        </LocList>
                                    </BasicStmnt>
                                </StmntSeq>
                            </HierarchyLvl>
                            <HierarchyLvl HierarchyLvlId="8346" HierarchyLvlTypeId="13" Intrnl_Id="670" Name="lowerBoundNaN">
                                <Header>
                                    <Loc EndOffset="3451" SrcFileId="6" StartOffset="3417"/>
                                </Header>
                                <LocList>
                                    <Loc EndOffset="3706" SrcFileId="6" StartOffset="3417"/>
                                </LocList>
                                <StmntSeq Intrnl_Id="671">
                                    <LocList>
                                        <Loc EndOffset="3548" SrcFileId="6" StartOffset="3456"/>
                                        <Loc EndOffset="3703" SrcFileId="6" StartOffset="3551"/>
                                    </LocList>
                                    <BasicStmnt CovItemId="S15" CovItemPrefix="org.jfree.data.RangeCombineIgnoringNanTest.java" Intrnl_Id="672">
                                        <LocList>
                                            <Loc EndOffset="3548" SrcFileId="6" StartOffset="3456"/>
                                        </LocList>
                                    </BasicStmnt>
                                    <BasicStmnt CovItemId="S16" CovItemPrefix="org.jfree.data.RangeCombineIgnoringNanTest.java" Intrnl_Id="673">
                                        <LocList>
                                            <Loc EndOffset="3703" SrcFileId="6" StartOffset="3551"/>
                                        </LocList>
                                    </BasicStmnt>
                                </StmntSeq>
                            </HierarchyLvl>
                            <HierarchyLvl HierarchyLvlId="8347" HierarchyLvlTypeId="13" Intrnl_Id="674" Name="upperBoundNaN">
                                <Header>
                                    <Loc EndOffset="3744" SrcFileId="6" StartOffset="3710"/>
                                </Header>
                                <LocList>
                                    <Loc EndOffset="3997" SrcFileId="6" StartOffset="3710"/>
                                </LocList>
                                <StmntSeq Intrnl_Id="675">
                                    <LocList>
                                        <Loc EndOffset="3839" SrcFileId="6" StartOffset="3749"/>
                                        <Loc EndOffset="3994" SrcFileId="6" StartOffset="3842"/>
                                    </LocList>
                                    <BasicStmnt CovItemId="S17" CovItemPrefix="org.jfree.data.RangeCombineIgnoringNanTest.java" Intrnl_Id="676">
                                        <LocList>
                                            <Loc EndOffset="3839" SrcFileId="6" StartOffset="3749"/>
                                        </LocList>
                                    </BasicStmnt>
                                    <BasicStmnt CovItemId="S18" CovItemPrefix="org.jfree.data.RangeCombineIgnoringNanTest.java" Intrnl_Id="677">
                                        <LocList>
                                            <Loc EndOffset="3994" SrcFileId="6" StartOffset="3842"/>
                                        </LocList>
                                    </BasicStmnt>
                                </StmntSeq>
                            </HierarchyLvl>
                            <HierarchyLvl HierarchyLvlId="8348" HierarchyLvlTypeId="13" Intrnl_Id="678" Name="tearDown">
                                <Header>
                                    <Loc EndOffset="4048" SrcFileId="6" StartOffset="4001"/>
                                </Header>
                                <LocList>
                                    <Loc EndOffset="4053" SrcFileId="6" StartOffset="4001"/>
                                </LocList>
                            </HierarchyLvl>
                            <HierarchyLvl HierarchyLvlId="8349" HierarchyLvlTypeId="13" Intrnl_Id="679" Name="tearDownAfterClass">
                                <Header>
                                    <Loc EndOffset="4125" SrcFileId="6" StartOffset="4056"/>
                                </Header>
                                <LocList>
                                    <Loc EndOffset="4130" SrcFileId="6" StartOffset="4056"/>
                                </LocList>
                            </HierarchyLvl>
                        </HierarchyLvl>
                        <HierarchyLvl HierarchyLvlId="8359" HierarchyLvlTypeId="14" Intrnl_Id="680" Name="RangeExpandToIncludeTest">
                            <Header>
                                <Loc EndOffset="258" SrcFileId="7" StartOffset="221"/>
                            </Header>
                            <LocList>
                                <Loc EndOffset="1790" SrcFileId="7" StartOffset="221"/>
                            </LocList>
                            <HierarchyLvl HierarchyLvlId="8351" HierarchyLvlTypeId="13" Intrnl_Id="681" Name="setUpBeforeClass">
                                <Header>
                                    <Loc EndOffset="530" SrcFileId="7" StartOffset="462"/>
                                </Header>
                                <LocList>
                                    <Loc EndOffset="640" SrcFileId="7" StartOffset="462"/>
                                </LocList>
                                <StmntSeq Intrnl_Id="682">
                                    <LocList>
                                        <Loc EndOffset="637" SrcFileId="7" StartOffset="535"/>
                                    </LocList>
                                    <BasicStmnt CovItemId="S1" CovItemPrefix="org.jfree.data.RangeExpandToIncludeTest.java" Intrnl_Id="683">
                                        <LocList>
                                            <Loc EndOffset="637" SrcFileId="7" StartOffset="535"/>
                                        </LocList>
                                    </BasicStmnt>
                                </StmntSeq>
                            </HierarchyLvl>
                            <HierarchyLvl HierarchyLvlId="8352" HierarchyLvlTypeId="13" Intrnl_Id="684" Name="setUp">
                                <Header>
                                    <Loc EndOffset="688" SrcFileId="7" StartOffset="643"/>
                                </Header>
                                <LocList>
                                    <Loc EndOffset="888" SrcFileId="7" StartOffset="643"/>
                                </LocList>
                                <StmntSeq Intrnl_Id="685">
                                    <LocList>
                                        <Loc EndOffset="725" SrcFileId="7" StartOffset="693"/>
                                        <Loc EndOffset="775" SrcFileId="7" StartOffset="728"/>
                                        <Loc EndOffset="825" SrcFileId="7" StartOffset="778"/>
                                        <Loc EndOffset="844" SrcFileId="7" StartOffset="828"/>
                                        <Loc EndOffset="864" SrcFileId="7" StartOffset="847"/>
                                        <Loc EndOffset="885" SrcFileId="7" StartOffset="867"/>
                                    </LocList>
                                    <BasicStmnt CovItemId="S2" CovItemPrefix="org.jfree.data.RangeExpandToIncludeTest.java" Intrnl_Id="686">
                                        <LocList>
                                            <Loc EndOffset="725" SrcFileId="7" StartOffset="693"/>
                                        </LocList>
                                    </BasicStmnt>
                                    <BasicStmnt CovItemId="S3" CovItemPrefix="org.jfree.data.RangeExpandToIncludeTest.java" Intrnl_Id="687">
                                        <LocList>
                                            <Loc EndOffset="775" SrcFileId="7" StartOffset="728"/>
                                        </LocList>
                                    </BasicStmnt>
                                    <BasicStmnt CovItemId="S4" CovItemPrefix="org.jfree.data.RangeExpandToIncludeTest.java" Intrnl_Id="688">
                                        <LocList>
                                            <Loc EndOffset="825" SrcFileId="7" StartOffset="778"/>
                                        </LocList>
                                    </BasicStmnt>
                                    <BasicStmnt CovItemId="S5" CovItemPrefix="org.jfree.data.RangeExpandToIncludeTest.java" Intrnl_Id="689">
                                        <LocList>
                                            <Loc EndOffset="844" SrcFileId="7" StartOffset="828"/>
                                        </LocList>
                                    </BasicStmnt>
                                    <BasicStmnt CovItemId="S6" CovItemPrefix="org.jfree.data.RangeExpandToIncludeTest.java" Intrnl_Id="690">
                                        <LocList>
                                            <Loc EndOffset="864" SrcFileId="7" StartOffset="847"/>
                                        </LocList>
                                    </BasicStmnt>
                                    <BasicStmnt CovItemId="S7" CovItemPrefix="org.jfree.data.RangeExpandToIncludeTest.java" Intrnl_Id="691">
                                        <LocList>
                                            <Loc EndOffset="885" SrcFileId="7" StartOffset="867"/>
                                        </LocList>
                                    </BasicStmnt>
                                </StmntSeq>
                            </HierarchyLvl>
                            <HierarchyLvl HierarchyLvlId="8353" HierarchyLvlTypeId="13" Intrnl_Id="692" Name="expandedRangeIncludingTwo">
                                <Header>
                                    <Loc EndOffset="937" SrcFileId="7" StartOffset="891"/>
                                </Header>
                                <LocList>
                                    <Loc EndOffset="1095" SrcFileId="7" StartOffset="891"/>
                                </LocList>
                                <StmntSeq Intrnl_Id="693">
                                    <LocList>
                                        <Loc EndOffset="1092" SrcFileId="7" StartOffset="942"/>
                                    </LocList>
                                    <BasicStmnt CovItemId="S8" CovItemPrefix="org.jfree.data.RangeExpandToIncludeTest.java" Intrnl_Id="694">
                                        <LocList>
                                            <Loc EndOffset="1092" SrcFileId="7" StartOffset="942"/>
                                        </LocList>
                                    </BasicStmnt>
                                </StmntSeq>
                            </HierarchyLvl>
                            <HierarchyLvl HierarchyLvlId="8354" HierarchyLvlTypeId="13" Intrnl_Id="695" Name="expandedRangeIncludingNegativeTwo">
                                <Header>
                                    <Loc EndOffset="1152" SrcFileId="7" StartOffset="1098"/>
                                </Header>
                                <LocList>
                                    <Loc EndOffset="1311" SrcFileId="7" StartOffset="1098"/>
                                </LocList>
                                <StmntSeq Intrnl_Id="696">
                                    <LocList>
                                        <Loc EndOffset="1308" SrcFileId="7" StartOffset="1157"/>
                                    </LocList>
                                    <BasicStmnt CovItemId="S9" CovItemPrefix="org.jfree.data.RangeExpandToIncludeTest.java" Intrnl_Id="697">
                                        <LocList>
                                            <Loc EndOffset="1308" SrcFileId="7" StartOffset="1157"/>
                                        </LocList>
                                    </BasicStmnt>
                                </StmntSeq>
                            </HierarchyLvl>
                            <HierarchyLvl HierarchyLvlId="8355" HierarchyLvlTypeId="13" Intrnl_Id="698" Name="expandedRangeIncludingExistingValueZero">
                                <Header>
                                    <Loc EndOffset="1374" SrcFileId="7" StartOffset="1314"/>
                                </Header>
                                <LocList>
                                    <Loc EndOffset="1516" SrcFileId="7" StartOffset="1314"/>
                                </LocList>
                                <StmntSeq Intrnl_Id="699">
                                    <LocList>
                                        <Loc EndOffset="1513" SrcFileId="7" StartOffset="1379"/>
                                    </LocList>
                                    <BasicStmnt CovItemId="S10" CovItemPrefix="org.jfree.data.RangeExpandToIncludeTest.java" Intrnl_Id="700">
                                        <LocList>
                                            <Loc EndOffset="1513" SrcFileId="7" StartOffset="1379"/>
                                        </LocList>
                                    </BasicStmnt>
                                </StmntSeq>
                            </HierarchyLvl>
                            <HierarchyLvl HierarchyLvlId="8356" HierarchyLvlTypeId="13" Intrnl_Id="701" Name="expandingNullRange">
                                <Header>
                                    <Loc EndOffset="1559" SrcFileId="7" StartOffset="1520"/>
                                </Header>
                                <LocList>
                                    <Loc EndOffset="1655" SrcFileId="7" StartOffset="1520"/>
                                </LocList>
                                <StmntSeq Intrnl_Id="702">
                                    <LocList>
                                        <Loc EndOffset="1652" SrcFileId="7" StartOffset="1564"/>
                                    </LocList>
                                    <BasicStmnt CovItemId="S11" CovItemPrefix="org.jfree.data.RangeExpandToIncludeTest.java" Intrnl_Id="703">
                                        <LocList>
                                            <Loc EndOffset="1652" SrcFileId="7" StartOffset="1564"/>
                                        </LocList>
                                    </BasicStmnt>
                                </StmntSeq>
                            </HierarchyLvl>
                            <HierarchyLvl HierarchyLvlId="8357" HierarchyLvlTypeId="13" Intrnl_Id="704" Name="tearDown">
                                <Header>
                                    <Loc EndOffset="1705" SrcFileId="7" StartOffset="1658"/>
                                </Header>
                                <LocList>
                                    <Loc EndOffset="1710" SrcFileId="7" StartOffset="1658"/>
                                </LocList>
                            </HierarchyLvl>
                            <HierarchyLvl HierarchyLvlId="8358" HierarchyLvlTypeId="13" Intrnl_Id="705" Name="tearDownAfterClass">
                                <Header>
                                    <Loc EndOffset="1782" SrcFileId="7" StartOffset="1713"/>
                                </Header>
                                <LocList>
                                    <Loc EndOffset="1787" SrcFileId="7" StartOffset="1713"/>
                                </LocList>
                            </HierarchyLvl>
                        </HierarchyLvl>
                        <HierarchyLvl HierarchyLvlId="8373" HierarchyLvlTypeId="14" Intrnl_Id="706" Name="RangeIntersectionTest">
                            <Header>
                                <Loc EndOffset="255" SrcFileId="8" StartOffset="221"/>
                            </Header>
                            <LocList>
                                <Loc EndOffset="2989" SrcFileId="8" StartOffset="221"/>
                            </LocList>
                            <HierarchyLvl HierarchyLvlId="8360" HierarchyLvlTypeId="13" Intrnl_Id="707" Name="setUpBeforeClass">
                                <Header>
                                    <Loc EndOffset="358" SrcFileId="8" StartOffset="290"/>
                                </Header>
                                <LocList>
                                    <Loc EndOffset="465" SrcFileId="8" StartOffset="290"/>
                                </LocList>
                                <StmntSeq Intrnl_Id="708">
                                    <LocList>
                                        <Loc EndOffset="462" SrcFileId="8" StartOffset="363"/>
                                    </LocList>
                                    <BasicStmnt CovItemId="S1" CovItemPrefix="org.jfree.data.RangeIntersectionTest.java" Intrnl_Id="709">
                                        <LocList>
                                            <Loc EndOffset="462" SrcFileId="8" StartOffset="363"/>
                                        </LocList>
                                    </BasicStmnt>
                                </StmntSeq>
                            </HierarchyLvl>
                            <HierarchyLvl HierarchyLvlId="8361" HierarchyLvlTypeId="13" Intrnl_Id="710" Name="setUp">
                                <Header>
                                    <Loc EndOffset="513" SrcFileId="8" StartOffset="468"/>
                                </Header>
                                <LocList>
                                    <Loc EndOffset="553" SrcFileId="8" StartOffset="468"/>
                                </LocList>
                                <StmntSeq Intrnl_Id="711">
                                    <LocList>
                                        <Loc EndOffset="550" SrcFileId="8" StartOffset="518"/>
                                    </LocList>
                                    <BasicStmnt CovItemId="S2" CovItemPrefix="org.jfree.data.RangeIntersectionTest.java" Intrnl_Id="712">
                                        <LocList>
                                            <Loc EndOffset="550" SrcFileId="8" StartOffset="518"/>
                                        </LocList>
                                    </BasicStmnt>
                                </StmntSeq>
                            </HierarchyLvl>
                            <HierarchyLvl HierarchyLvlId="8362" HierarchyLvlTypeId="13" Intrnl_Id="713" Name="rangeLowerBoundIntersectionShouldBeTrue">
                                <Header>
                                    <Loc EndOffset="616" SrcFileId="8" StartOffset="556"/>
                                </Header>
                                <LocList>
                                    <Loc EndOffset="859" SrcFileId="8" StartOffset="556"/>
                                </LocList>
                                <StmntSeq Intrnl_Id="714">
                                    <LocList>
                                        <Loc EndOffset="856" SrcFileId="8" StartOffset="720"/>
                                    </LocList>
                                    <BasicStmnt CovItemId="S3" CovItemPrefix="org.jfree.data.RangeIntersectionTest.java" Intrnl_Id="715">
                                        <LocList>
                                            <Loc EndOffset="856" SrcFileId="8" StartOffset="720"/>
                                        </LocList>
                                    </BasicStmnt>
                                </StmntSeq>
                            </HierarchyLvl>
                            <HierarchyLvl HierarchyLvlId="8363" HierarchyLvlTypeId="13" Intrnl_Id="716" Name="rangeUpperBoundIntersectionShouldBeTrue">
                                <Header>
                                    <Loc EndOffset="922" SrcFileId="8" StartOffset="862"/>
                                </Header>
                                <LocList>
                                    <Loc EndOffset="1158" SrcFileId="8" StartOffset="862"/>
                                </LocList>
                                <StmntSeq Intrnl_Id="717">
                                    <LocList>
                                        <Loc EndOffset="1155" SrcFileId="8" StartOffset="1018"/>
                                    </LocList>
                                    <BasicStmnt CovItemId="S4" CovItemPrefix="org.jfree.data.RangeIntersectionTest.java" Intrnl_Id="718">
                                        <LocList>
                                            <Loc EndOffset="1155" SrcFileId="8" StartOffset="1018"/>
                                        </LocList>
                                    </BasicStmnt>
                                </StmntSeq>
                            </HierarchyLvl>
                            <HierarchyLvl HierarchyLvlId="8364" HierarchyLvlTypeId="13" Intrnl_Id="719" Name="rangeIntersectionShouldBeFalse1">
                                <Header>
                                    <Loc EndOffset="1213" SrcFileId="8" StartOffset="1161"/>
                                </Header>
                                <LocList>
                                    <Loc EndOffset="1419" SrcFileId="8" StartOffset="1161"/>
                                </LocList>
                                <StmntSeq Intrnl_Id="720">
                                    <LocList>
                                        <Loc EndOffset="1416" SrcFileId="8" StartOffset="1313"/>
                                    </LocList>
                                    <BasicStmnt CovItemId="S5" CovItemPrefix="org.jfree.data.RangeIntersectionTest.java" Intrnl_Id="721">
                                        <LocList>
                                            <Loc EndOffset="1416" SrcFileId="8" StartOffset="1313"/>
                                        </LocList>
                                    </BasicStmnt>
                                </StmntSeq>
                            </HierarchyLvl>
                            <HierarchyLvl HierarchyLvlId="8365" HierarchyLvlTypeId="13" Intrnl_Id="722" Name="rangeIntersectionShouldBeFalse2">
                                <Header>
                                    <Loc EndOffset="1475" SrcFileId="8" StartOffset="1423"/>
                                </Header>
                                <LocList>
                                    <Loc EndOffset="1588" SrcFileId="8" StartOffset="1423"/>
                                </LocList>
                                <StmntSeq Intrnl_Id="723">
                                    <LocList>
                                        <Loc EndOffset="1585" SrcFileId="8" StartOffset="1480"/>
                                    </LocList>
                                    <BasicStmnt CovItemId="S6" CovItemPrefix="org.jfree.data.RangeIntersectionTest.java" Intrnl_Id="724">
                                        <LocList>
                                            <Loc EndOffset="1585" SrcFileId="8" StartOffset="1480"/>
                                        </LocList>
                                    </BasicStmnt>
                                </StmntSeq>
                            </HierarchyLvl>
                            <HierarchyLvl HierarchyLvlId="8366" HierarchyLvlTypeId="13" Intrnl_Id="725" Name="rangeIntersectionShouldBeTrue1">
                                <Header>
                                    <Loc EndOffset="1642" SrcFileId="8" StartOffset="1591"/>
                                </Header>
                                <LocList>
                                    <Loc EndOffset="1780" SrcFileId="8" StartOffset="1591"/>
                                </LocList>
                                <StmntSeq Intrnl_Id="726">
                                    <LocList>
                                        <Loc EndOffset="1777" SrcFileId="8" StartOffset="1647"/>
                                    </LocList>
                                    <BasicStmnt CovItemId="S7" CovItemPrefix="org.jfree.data.RangeIntersectionTest.java" Intrnl_Id="727">
                                        <LocList>
                                            <Loc EndOffset="1777" SrcFileId="8" StartOffset="1647"/>
                                        </LocList>
                                    </BasicStmnt>
                                </StmntSeq>
                            </HierarchyLvl>
                            <HierarchyLvl HierarchyLvlId="8367" HierarchyLvlTypeId="13" Intrnl_Id="728" Name="rangeIntersectionShouldBeTrue2">
                                <Header>
                                    <Loc EndOffset="1835" SrcFileId="8" StartOffset="1784"/>
                                </Header>
                                <LocList>
                                    <Loc EndOffset="2064" SrcFileId="8" StartOffset="1784"/>
                                </LocList>
                                <StmntSeq Intrnl_Id="729">
                                    <LocList>
                                        <Loc EndOffset="2061" SrcFileId="8" StartOffset="1935"/>
                                    </LocList>
                                    <BasicStmnt CovItemId="S8" CovItemPrefix="org.jfree.data.RangeIntersectionTest.java" Intrnl_Id="730">
                                        <LocList>
                                            <Loc EndOffset="2061" SrcFileId="8" StartOffset="1935"/>
                                        </LocList>
                                    </BasicStmnt>
                                </StmntSeq>
                            </HierarchyLvl>
                            <HierarchyLvl HierarchyLvlId="8368" HierarchyLvlTypeId="13" Intrnl_Id="731" Name="rangeLowerBoundEqualShouldBeTrue">
                                <Header>
                                    <Loc EndOffset="2121" SrcFileId="8" StartOffset="2068"/>
                                </Header>
                                <LocList>
                                    <Loc EndOffset="2369" SrcFileId="8" StartOffset="2068"/>
                                </LocList>
                                <StmntSeq Intrnl_Id="732">
                                    <LocList>
                                        <Loc EndOffset="2366" SrcFileId="8" StartOffset="2225"/>
                                    </LocList>
                                    <BasicStmnt CovItemId="S9" CovItemPrefix="org.jfree.data.RangeIntersectionTest.java" Intrnl_Id="733">
                                        <LocList>
                                            <Loc EndOffset="2366" SrcFileId="8" StartOffset="2225"/>
                                        </LocList>
                                    </BasicStmnt>
                                </StmntSeq>
                            </HierarchyLvl>
                            <HierarchyLvl HierarchyLvlId="8369" HierarchyLvlTypeId="13" Intrnl_Id="734" Name="rangeUpperBoundEqualShouldBeTrue">
                                <Header>
                                    <Loc EndOffset="2426" SrcFileId="8" StartOffset="2373"/>
                                </Header>
                                <LocList>
                                    <Loc EndOffset="2673" SrcFileId="8" StartOffset="2373"/>
                                </LocList>
                                <StmntSeq Intrnl_Id="735">
                                    <LocList>
                                        <Loc EndOffset="2670" SrcFileId="8" StartOffset="2530"/>
                                    </LocList>
                                    <BasicStmnt CovItemId="S10" CovItemPrefix="org.jfree.data.RangeIntersectionTest.java" Intrnl_Id="736">
                                        <LocList>
                                            <Loc EndOffset="2670" SrcFileId="8" StartOffset="2530"/>
                                        </LocList>
                                    </BasicStmnt>
                                </StmntSeq>
                            </HierarchyLvl>
                            <HierarchyLvl HierarchyLvlId="8370" HierarchyLvlTypeId="13" Intrnl_Id="737" Name="rangeWithLBGreaterThanUB">
                                <Header>
                                    <Loc EndOffset="2722" SrcFileId="8" StartOffset="2677"/>
                                </Header>
                                <LocList>
                                    <Loc EndOffset="2854" SrcFileId="8" StartOffset="2677"/>
                                </LocList>
                                <StmntSeq Intrnl_Id="738">
                                    <LocList>
                                        <Loc EndOffset="2851" SrcFileId="8" StartOffset="2729"/>
                                    </LocList>
                                    <BasicStmnt CovItemId="S11" CovItemPrefix="org.jfree.data.RangeIntersectionTest.java" Intrnl_Id="739">
                                        <LocList>
                                            <Loc EndOffset="2851" SrcFileId="8" StartOffset="2729"/>
                                        </LocList>
                                    </BasicStmnt>
                                </StmntSeq>
                            </HierarchyLvl>
                            <HierarchyLvl HierarchyLvlId="8371" HierarchyLvlTypeId="13" Intrnl_Id="740" Name="tearDown">
                                <Header>
                                    <Loc EndOffset="2904" SrcFileId="8" StartOffset="2857"/>
                                </Header>
                                <LocList>
                                    <Loc EndOffset="2909" SrcFileId="8" StartOffset="2857"/>
                                </LocList>
                            </HierarchyLvl>
                            <HierarchyLvl HierarchyLvlId="8372" HierarchyLvlTypeId="13" Intrnl_Id="741" Name="tearDownAfterClass">
                                <Header>
                                    <Loc EndOffset="2981" SrcFileId="8" StartOffset="2912"/>
                                </Header>
                                <LocList>
                                    <Loc EndOffset="2986" SrcFileId="8" StartOffset="2912"/>
                                </LocList>
                            </HierarchyLvl>
                        </HierarchyLvl>
                        <HierarchyLvl HierarchyLvlId="8382" HierarchyLvlTypeId="14" Intrnl_Id="742" Name="RangeIsNaNTest">
                            <Header>
                                <Loc EndOffset="248" SrcFileId="9" StartOffset="221"/>
                            </Header>
                            <LocList>
                                <Loc EndOffset="1616" SrcFileId="9" StartOffset="221"/>
                            </LocList>
                            <HierarchyLvl HierarchyLvlId="8374" HierarchyLvlTypeId="13" Intrnl_Id="743" Name="setUpBeforeClass">
                                <Header>
                                    <Loc EndOffset="457" SrcFileId="9" StartOffset="389"/>
                                </Header>
                                <LocList>
                                    <Loc EndOffset="557" SrcFileId="9" StartOffset="389"/>
                                </LocList>
                                <StmntSeq Intrnl_Id="744">
                                    <LocList>
                                        <Loc EndOffset="554" SrcFileId="9" StartOffset="462"/>
                                    </LocList>
                                    <BasicStmnt CovItemId="S1" CovItemPrefix="org.jfree.data.RangeIsNaNTest.java" Intrnl_Id="745">
                                        <LocList>
                                            <Loc EndOffset="554" SrcFileId="9" StartOffset="462"/>
                                        </LocList>
                                    </BasicStmnt>
                                </StmntSeq>
                            </HierarchyLvl>
                            <HierarchyLvl HierarchyLvlId="8375" HierarchyLvlTypeId="13" Intrnl_Id="746" Name="setUp">
                                <Header>
                                    <Loc EndOffset="605" SrcFileId="9" StartOffset="560"/>
                                </Header>
                                <LocList>
                                    <Loc EndOffset="799" SrcFileId="9" StartOffset="560"/>
                                </LocList>
                                <StmntSeq Intrnl_Id="747">
                                    <LocList>
                                        <Loc EndOffset="648" SrcFileId="9" StartOffset="610"/>
                                        <Loc EndOffset="701" SrcFileId="9" StartOffset="651"/>
                                        <Loc EndOffset="748" SrcFileId="9" StartOffset="704"/>
                                        <Loc EndOffset="796" SrcFileId="9" StartOffset="751"/>
                                    </LocList>
                                    <BasicStmnt CovItemId="S2" CovItemPrefix="org.jfree.data.RangeIsNaNTest.java" Intrnl_Id="748">
                                        <LocList>
                                            <Loc EndOffset="648" SrcFileId="9" StartOffset="610"/>
                                        </LocList>
                                    </BasicStmnt>
                                    <BasicStmnt CovItemId="S3" CovItemPrefix="org.jfree.data.RangeIsNaNTest.java" Intrnl_Id="749">
                                        <LocList>
                                            <Loc EndOffset="701" SrcFileId="9" StartOffset="651"/>
                                        </LocList>
                                    </BasicStmnt>
                                    <BasicStmnt CovItemId="S4" CovItemPrefix="org.jfree.data.RangeIsNaNTest.java" Intrnl_Id="750">
                                        <LocList>
                                            <Loc EndOffset="748" SrcFileId="9" StartOffset="704"/>
                                        </LocList>
                                    </BasicStmnt>
                                    <BasicStmnt CovItemId="S5" CovItemPrefix="org.jfree.data.RangeIsNaNTest.java" Intrnl_Id="751">
                                        <LocList>
                                            <Loc EndOffset="796" SrcFileId="9" StartOffset="751"/>
                                        </LocList>
                                    </BasicStmnt>
                                </StmntSeq>
                            </HierarchyLvl>
                            <HierarchyLvl HierarchyLvlId="8376" HierarchyLvlTypeId="13" Intrnl_Id="752" Name="noNaNValuesInRange">
                                <Header>
                                    <Loc EndOffset="841" SrcFileId="9" StartOffset="802"/>
                                </Header>
                                <LocList>
                                    <Loc EndOffset="969" SrcFileId="9" StartOffset="802"/>
                                </LocList>
                                <StmntSeq Intrnl_Id="753">
                                    <LocList>
                                        <Loc EndOffset="966" SrcFileId="9" StartOffset="846"/>
                                    </LocList>
                                    <BasicStmnt CovItemId="S6" CovItemPrefix="org.jfree.data.RangeIsNaNTest.java" Intrnl_Id="754">
                                        <LocList>
                                            <Loc EndOffset="966" SrcFileId="9" StartOffset="846"/>
                                        </LocList>
                                    </BasicStmnt>
                                </StmntSeq>
                            </HierarchyLvl>
                            <HierarchyLvl HierarchyLvlId="8377" HierarchyLvlTypeId="13" Intrnl_Id="755" Name="bothNaNValuesInRange">
                                <Header>
                                    <Loc EndOffset="1013" SrcFileId="9" StartOffset="972"/>
                                </Header>
                                <LocList>
                                    <Loc EndOffset="1145" SrcFileId="9" StartOffset="972"/>
                                </LocList>
                                <StmntSeq Intrnl_Id="756">
                                    <LocList>
                                        <Loc EndOffset="1142" SrcFileId="9" StartOffset="1018"/>
                                    </LocList>
                                    <BasicStmnt CovItemId="S7" CovItemPrefix="org.jfree.data.RangeIsNaNTest.java" Intrnl_Id="757">
                                        <LocList>
                                            <Loc EndOffset="1142" SrcFileId="9" StartOffset="1018"/>
                                        </LocList>
                                    </BasicStmnt>
                                </StmntSeq>
                            </HierarchyLvl>
                            <HierarchyLvl HierarchyLvlId="8378" HierarchyLvlTypeId="13" Intrnl_Id="758" Name="lowerBoundNaNValueInRange">
                                <Header>
                                    <Loc EndOffset="1194" SrcFileId="9" StartOffset="1148"/>
                                </Header>
                                <LocList>
                                    <Loc EndOffset="1313" SrcFileId="9" StartOffset="1148"/>
                                </LocList>
                                <StmntSeq Intrnl_Id="759">
                                    <LocList>
                                        <Loc EndOffset="1310" SrcFileId="9" StartOffset="1199"/>
                                    </LocList>
                                    <BasicStmnt CovItemId="S8" CovItemPrefix="org.jfree.data.RangeIsNaNTest.java" Intrnl_Id="760">
                                        <LocList>
                                            <Loc EndOffset="1310" SrcFileId="9" StartOffset="1199"/>
                                        </LocList>
                                    </BasicStmnt>
                                </StmntSeq>
                            </HierarchyLvl>
                            <HierarchyLvl HierarchyLvlId="8379" HierarchyLvlTypeId="13" Intrnl_Id="761" Name="upperBoundNaNValueInRange">
                                <Header>
                                    <Loc EndOffset="1362" SrcFileId="9" StartOffset="1316"/>
                                </Header>
                                <LocList>
                                    <Loc EndOffset="1481" SrcFileId="9" StartOffset="1316"/>
                                </LocList>
                                <StmntSeq Intrnl_Id="762">
                                    <LocList>
                                        <Loc EndOffset="1478" SrcFileId="9" StartOffset="1367"/>
                                    </LocList>
                                    <BasicStmnt CovItemId="S9" CovItemPrefix="org.jfree.data.RangeIsNaNTest.java" Intrnl_Id="763">
                                        <LocList>
                                            <Loc EndOffset="1478" SrcFileId="9" StartOffset="1367"/>
                                        </LocList>
                                    </BasicStmnt>
                                </StmntSeq>
                            </HierarchyLvl>
                            <HierarchyLvl HierarchyLvlId="8380" HierarchyLvlTypeId="13" Intrnl_Id="764" Name="tearDown">
                                <Header>
                                    <Loc EndOffset="1531" SrcFileId="9" StartOffset="1484"/>
                                </Header>
                                <LocList>
                                    <Loc EndOffset="1536" SrcFileId="9" StartOffset="1484"/>
                                </LocList>
                            </HierarchyLvl>
                            <HierarchyLvl HierarchyLvlId="8381" HierarchyLvlTypeId="13" Intrnl_Id="765" Name="tearDownAfterClass">
                                <Header>
                                    <Loc EndOffset="1608" SrcFileId="9" StartOffset="1539"/>
                                </Header>
                                <LocList>
                                    <Loc EndOffset="1613" SrcFileId="9" StartOffset="1539"/>
                                </LocList>
                            </HierarchyLvl>
                        </HierarchyLvl>
                        <HierarchyLvl HierarchyLvlId="8392" HierarchyLvlTypeId="14" Intrnl_Id="766" Name="RangeShiftTest">
                            <Header>
                                <Loc EndOffset="137" SrcFileId="10" StartOffset="110"/>
                            </Header>
                            <LocList>
                                <Loc EndOffset="1996" SrcFileId="10" StartOffset="110"/>
                            </LocList>
                            <HierarchyLvl HierarchyLvlId="8383" HierarchyLvlTypeId="13" Intrnl_Id="767" Name="setUpBeforeClass">
                                <Header>
                                    <Loc EndOffset="237" SrcFileId="10" StartOffset="169"/>
                                </Header>
                                <LocList>
                                    <Loc EndOffset="337" SrcFileId="10" StartOffset="169"/>
                                </LocList>
                                <StmntSeq Intrnl_Id="768">
                                    <LocList>
                                        <Loc EndOffset="334" SrcFileId="10" StartOffset="242"/>
                                    </LocList>
                                    <BasicStmnt CovItemId="S1" CovItemPrefix="org.jfree.data.RangeShiftTest.java" Intrnl_Id="769">
                                        <LocList>
                                            <Loc EndOffset="334" SrcFileId="10" StartOffset="242"/>
                                        </LocList>
                                    </BasicStmnt>
                                </StmntSeq>
                            </HierarchyLvl>
                            <HierarchyLvl HierarchyLvlId="8384" HierarchyLvlTypeId="13" Intrnl_Id="770" Name="setUp">
                                <Header>
                                    <Loc EndOffset="385" SrcFileId="10" StartOffset="340"/>
                                </Header>
                                <LocList>
                                    <Loc EndOffset="422" SrcFileId="10" StartOffset="340"/>
                                </LocList>
                                <StmntSeq Intrnl_Id="771">
                                    <LocList>
                                        <Loc EndOffset="419" SrcFileId="10" StartOffset="390"/>
                                    </LocList>
                                    <BasicStmnt CovItemId="S2" CovItemPrefix="org.jfree.data.RangeShiftTest.java" Intrnl_Id="772">
                                        <LocList>
                                            <Loc EndOffset="419" SrcFileId="10" StartOffset="390"/>
                                        </LocList>
                                    </BasicStmnt>
                                </StmntSeq>
                            </HierarchyLvl>
                            <HierarchyLvl HierarchyLvlId="8385" HierarchyLvlTypeId="13" Intrnl_Id="773" Name="shiftTowardsPositiveScaleByCrossingZero">
                                <Header>
                                    <Loc EndOffset="485" SrcFileId="10" StartOffset="425"/>
                                </Header>
                                <LocList>
                                    <Loc EndOffset="694" SrcFileId="10" StartOffset="425"/>
                                </LocList>
                                <StmntSeq Intrnl_Id="774">
                                    <LocList>
                                        <Loc EndOffset="691" SrcFileId="10" StartOffset="534"/>
                                    </LocList>
                                    <BasicStmnt CovItemId="S3" CovItemPrefix="org.jfree.data.RangeShiftTest.java" Intrnl_Id="775">
                                        <LocList>
                                            <Loc EndOffset="691" SrcFileId="10" StartOffset="534"/>
                                        </LocList>
                                    </BasicStmnt>
                                </StmntSeq>
                            </HierarchyLvl>
                            <HierarchyLvl HierarchyLvlId="8386" HierarchyLvlTypeId="13" Intrnl_Id="776" Name="shiftTowardsNegativeScaleByCrossingZero">
                                <Header>
                                    <Loc EndOffset="757" SrcFileId="10" StartOffset="697"/>
                                </Header>
                                <LocList>
                                    <Loc EndOffset="973" SrcFileId="10" StartOffset="697"/>
                                </LocList>
                                <StmntSeq Intrnl_Id="777">
                                    <LocList>
                                        <Loc EndOffset="970" SrcFileId="10" StartOffset="805"/>
                                    </LocList>
                                    <BasicStmnt CovItemId="S4" CovItemPrefix="org.jfree.data.RangeShiftTest.java" Intrnl_Id="778">
                                        <LocList>
                                            <Loc EndOffset="970" SrcFileId="10" StartOffset="805"/>
                                        </LocList>
                                    </BasicStmnt>
                                </StmntSeq>
                            </HierarchyLvl>
                            <HierarchyLvl HierarchyLvlId="8387" HierarchyLvlTypeId="13" Intrnl_Id="779" Name="shiftTowardsPositiveScaleWithoutCrossingZero">
                                <Header>
                                    <Loc EndOffset="1042" SrcFileId="10" StartOffset="977"/>
                                </Header>
                                <LocList>
                                    <Loc EndOffset="1301" SrcFileId="10" StartOffset="977"/>
                                </LocList>
                                <StmntSeq Intrnl_Id="780">
                                    <LocList>
                                        <Loc EndOffset="1298" SrcFileId="10" StartOffset="1105"/>
                                    </LocList>
                                    <BasicStmnt CovItemId="S5" CovItemPrefix="org.jfree.data.RangeShiftTest.java" Intrnl_Id="781">
                                        <LocList>
                                            <Loc EndOffset="1298" SrcFileId="10" StartOffset="1105"/>
                                        </LocList>
                                    </BasicStmnt>
                                </StmntSeq>
                            </HierarchyLvl>
                            <HierarchyLvl HierarchyLvlId="8388" HierarchyLvlTypeId="13" Intrnl_Id="782" Name="shiftTowardsNegativeScaleWithoutCrossingZero">
                                <Header>
                                    <Loc EndOffset="1369" SrcFileId="10" StartOffset="1304"/>
                                </Header>
                                <LocList>
                                    <Loc EndOffset="1635" SrcFileId="10" StartOffset="1304"/>
                                </LocList>
                                <StmntSeq Intrnl_Id="783">
                                    <LocList>
                                        <Loc EndOffset="1632" SrcFileId="10" StartOffset="1432"/>
                                    </LocList>
                                    <BasicStmnt CovItemId="S6" CovItemPrefix="org.jfree.data.RangeShiftTest.java" Intrnl_Id="784">
                                        <LocList>
                                            <Loc EndOffset="1632" SrcFileId="10" StartOffset="1432"/>
                                        </LocList>
                                    </BasicStmnt>
                                </StmntSeq>
                            </HierarchyLvl>
                            <HierarchyLvl HierarchyLvlId="8389" HierarchyLvlTypeId="13" Intrnl_Id="785" Name="shiftValueIsZero">
                                <Header>
                                    <Loc EndOffset="1677" SrcFileId="10" StartOffset="1640"/>
                                </Header>
                                <LocList>
                                    <Loc EndOffset="1858" SrcFileId="10" StartOffset="1640"/>
                                </LocList>
                                <StmntSeq Intrnl_Id="786">
                                    <LocList>
                                        <Loc EndOffset="1855" SrcFileId="10" StartOffset="1740"/>
                                    </LocList>
                                    <BasicStmnt CovItemId="S7" CovItemPrefix="org.jfree.data.RangeShiftTest.java" Intrnl_Id="787">
                                        <LocList>
                                            <Loc EndOffset="1855" SrcFileId="10" StartOffset="1740"/>
                                        </LocList>
                                    </BasicStmnt>
                                </StmntSeq>
                            </HierarchyLvl>
                            <HierarchyLvl HierarchyLvlId="8390" HierarchyLvlTypeId="13" Intrnl_Id="788" Name="tearDown">
                                <Header>
                                    <Loc EndOffset="1911" SrcFileId="10" StartOffset="1864"/>
                                </Header>
                                <LocList>
                                    <Loc EndOffset="1916" SrcFileId="10" StartOffset="1864"/>
                                </LocList>
                            </HierarchyLvl>
                            <HierarchyLvl HierarchyLvlId="8391" HierarchyLvlTypeId="13" Intrnl_Id="789" Name="tearDownAfterClass">
                                <Header>
                                    <Loc EndOffset="1988" SrcFileId="10" StartOffset="1919"/>
                                </Header>
                                <LocList>
                                    <Loc EndOffset="1993" SrcFileId="10" StartOffset="1919"/>
                                </LocList>
                            </HierarchyLvl>
                        </HierarchyLvl>
                    </HierarchyLvl>
                </HierarchyLvl>
            </HierarchyLvl>
        </HierarchyLvl>
    </MASTRoot>
</TestSessionContainer>
